<?xml version="1.0" encoding="UTF-8"?>
<testsuite xmlns:xsi="http://www.w3.org/2001/XMLSchema-instance" xsi:noNamespaceSchemaLocation="https://maven.apache.org/surefire/maven-surefire-plugin/xsd/surefire-test-report-3.0.xsd" version="3.0" name="org.hisp.dhis.maintenance.HardDeleteAuditTest" time="0.003" tests="1" errors="0" skipped="1" failures="0">
  <properties>
    <property name="awt.toolkit" value="sun.awt.X11.XToolkit"/>
    <property name="java.specification.version" value="11"/>
    <property name="http.keepAlive" value="false"/>
    <property name="sun.cpu.isalist" value=""/>
    <property name="sun.jnu.encoding" value="UTF-8"/>
    <property name="java.class.path" value="/home/runner/work/dhis2-core/dhis2-core/dhis-2/dhis-services/dhis-service-administration/target/test-classes:/home/runner/work/dhis2-core/dhis2-core/dhis-2/dhis-services/dhis-service-administration/target/classes:/home/runner/work/dhis2-core/dhis2-core/dhis-2/dhis-api/target/dhis-api-2.38-SNAPSHOT.jar:/home/runner/.m2/repository/org/apache/commons/commons-lang3/3.9/commons-lang3-3.9.jar:/home/runner/.m2/repository/commons-io/commons-io/2.7/commons-io-2.7.jar:/home/runner/.m2/repository/org/apache/commons/commons-collections4/4.4/commons-collections4-4.4.jar:/home/runner/.m2/repository/org/jfree/jfreechart/1.5.0/jfreechart-1.5.0.jar:/home/runner/.m2/repository/net/sf/jasperreports/jasperreports/6.3.1/jasperreports-6.3.1.jar:/home/runner/.m2/repository/commons-beanutils/commons-beanutils/1.9.4/commons-beanutils-1.9.4.jar:/home/runner/.m2/repository/commons-digester/commons-digester/2.1/commons-digester-2.1.jar:/home/runner/.m2/repository/org/jfree/jcommon/1.0.23/jcommon-1.0.23.jar:/home/runner/.m2/repository/org/eclipse/jdt/core/compiler/ecj/4.3.1/ecj-4.3.1.jar:/home/runner/.m2/repository/org/codehaus/castor/castor-xml/1.3.3/castor-xml-1.3.3.jar:/home/runner/.m2/repository/org/codehaus/castor/castor-core/1.3.3/castor-core-1.3.3.jar:/home/runner/.m2/repository/stax/stax/1.2.0/stax-1.2.0.jar:/home/runner/.m2/repository/org/apache/lucene/lucene-core/4.5.1/lucene-core-4.5.1.jar:/home/runner/.m2/repository/org/apache/lucene/lucene-analyzers-common/4.5.1/lucene-analyzers-common-4.5.1.jar:/home/runner/.m2/repository/org/apache/lucene/lucene-queryparser/4.5.1/lucene-queryparser-4.5.1.jar:/home/runner/.m2/repository/org/apache/lucene/lucene-queries/4.5.1/lucene-queries-4.5.1.jar:/home/runner/.m2/repository/org/apache/lucene/lucene-sandbox/4.5.1/lucene-sandbox-4.5.1.jar:/home/runner/.m2/repository/jakarta-regexp/jakarta-regexp/1.4/jakarta-regexp-1.4.jar:/home/runner/.m2/repository/com/google/zxing/core/3.2.1/core-3.2.1.jar:/home/runner/.m2/repository/com/ibm/icu/icu4j/57.1/icu4j-57.1.jar:/home/runner/.m2/repository/net/sf/jasperreports/jasperreports-fonts/4.0.0/jasperreports-fonts-4.0.0.jar:/home/runner/.m2/repository/com/fasterxml/jackson/core/jackson-core/2.12.1/jackson-core-2.12.1.jar:/home/runner/.m2/repository/com/fasterxml/jackson/core/jackson-annotations/2.12.1/jackson-annotations-2.12.1.jar:/home/runner/.m2/repository/com/fasterxml/jackson/dataformat/jackson-dataformat-xml/2.12.1/jackson-dataformat-xml-2.12.1.jar:/home/runner/.m2/repository/com/fasterxml/jackson/core/jackson-databind/2.12.1/jackson-databind-2.12.1.jar:/home/runner/.m2/repository/com/fasterxml/jackson/module/jackson-module-jaxb-annotations/2.12.1/jackson-module-jaxb-annotations-2.12.1.jar:/home/runner/.m2/repository/jakarta/activation/jakarta.activation-api/1.2.1/jakarta.activation-api-1.2.1.jar:/home/runner/.m2/repository/org/codehaus/woodstox/stax2-api/4.2.1/stax2-api-4.2.1.jar:/home/runner/.m2/repository/com/fasterxml/woodstox/woodstox-core/6.2.3/woodstox-core-6.2.3.jar:/home/runner/.m2/repository/com/fasterxml/jackson/dataformat/jackson-dataformat-csv/2.12.1/jackson-dataformat-csv-2.12.1.jar:/home/runner/.m2/repository/com/fasterxml/jackson/datatype/jackson-datatype-jdk8/2.12.1/jackson-datatype-jdk8-2.12.1.jar:/home/runner/.m2/repository/com/fasterxml/jackson/datatype/jackson-datatype-hibernate5/2.11.2/jackson-datatype-hibernate5-2.11.2.jar:/home/runner/.m2/repository/javax/transaction/javax.transaction-api/1.3/javax.transaction-api-1.3.jar:/home/runner/.m2/repository/com/fasterxml/jackson/datatype/jackson-datatype-jsr310/2.12.1/jackson-datatype-jsr310-2.12.1.jar:/home/runner/.m2/repository/org/springframework/spring-jdbc/5.3.6/spring-jdbc-5.3.6.jar:/home/runner/.m2/repository/org/springframework/spring-beans/5.3.6/spring-beans-5.3.6.jar:/home/runner/.m2/repository/org/springframework/spring-core/5.3.6/spring-core-5.3.6.jar:/home/runner/.m2/repository/org/springframework/spring-jcl/5.3.6/spring-jcl-5.3.6.jar:/home/runner/.m2/repository/org/springframework/spring-context/5.3.6/spring-context-5.3.6.jar:/home/runner/.m2/repository/org/springframework/spring-aop/5.3.6/spring-aop-5.3.6.jar:/home/runner/.m2/repository/org/springframework/spring-expression/5.3.6/spring-expression-5.3.6.jar:/home/runner/.m2/repository/com/google/guava/guava/30.1-jre/guava-30.1-jre.jar:/home/runner/.m2/repository/com/google/guava/failureaccess/1.0.1/failureaccess-1.0.1.jar:/home/runner/.m2/repository/com/google/guava/listenablefuture/9999.0-empty-to-avoid-conflict-with-guava/listenablefuture-9999.0-empty-to-avoid-conflict-with-guava.jar:/home/runner/.m2/repository/com/google/code/findbugs/jsr305/3.0.2/jsr305-3.0.2.jar:/home/runner/.m2/repository/org/checkerframework/checker-qual/3.5.0/checker-qual-3.5.0.jar:/home/runner/.m2/repository/com/google/errorprone/error_prone_annotations/2.3.4/error_prone_annotations-2.3.4.jar:/home/runner/.m2/repository/com/google/j2objc/j2objc-annotations/1.3/j2objc-annotations-1.3.jar:/home/runner/.m2/repository/org/cache2k/cache2k-api/1.6.0.Final/cache2k-api-1.6.0.Final.jar:/home/runner/.m2/repository/org/cache2k/cache2k-core/1.6.0.Final/cache2k-core-1.6.0.Final.jar:/home/runner/.m2/repository/joda-time/joda-time/2.10.5/joda-time-2.10.5.jar:/home/runner/.m2/repository/org/hibernate/validator/hibernate-validator/6.2.0.Final/hibernate-validator-6.2.0.Final.jar:/home/runner/.m2/repository/jakarta/validation/jakarta.validation-api/2.0.2/jakarta.validation-api-2.0.2.jar:/home/runner/.m2/repository/org/jboss/logging/jboss-logging/3.4.1.Final/jboss-logging-3.4.1.Final.jar:/home/runner/.m2/repository/javax/validation/validation-api/2.0.1.Final/validation-api-2.0.1.Final.jar:/home/runner/.m2/repository/com/fasterxml/classmate/1.3.2/classmate-1.3.2.jar:/home/runner/.m2/repository/org/hibernate/hibernate-spatial/5.4.28.Final/hibernate-spatial-5.4.28.Final.jar:/home/runner/.m2/repository/org/geolatte/geolatte-geom/1.6.1/geolatte-geom-1.6.1.jar:/home/runner/.m2/repository/org/postgresql/postgresql/42.2.19/postgresql-42.2.19.jar:/home/runner/.m2/repository/org/dom4j/dom4j/2.1.3/dom4j-2.1.3.jar:/home/runner/.m2/repository/com/graphhopper/external/jackson-datatype-jts/1.0-2.7/jackson-datatype-jts-1.0-2.7.jar:/home/runner/.m2/repository/org/locationtech/jts/jts-core/1.16.0/jts-core-1.16.0.jar:/home/runner/.m2/repository/org/geotools/gt-opengis/24.0/gt-opengis-24.0.jar:/home/runner/.m2/repository/commons-pool/commons-pool/1.5.4/commons-pool-1.5.4.jar:/home/runner/.m2/repository/systems/uom/systems-common/2.0.1/systems-common-2.0.1.jar:/home/runner/.m2/repository/javax/measure/unit-api/2.0/unit-api-2.0.jar:/home/runner/.m2/repository/tech/units/indriya/2.0.2/indriya-2.0.2.jar:/home/runner/.m2/repository/tech/uom/lib/uom-lib-common/2.0/uom-lib-common-2.0.jar:/home/runner/.m2/repository/si/uom/si-quantity/2.0.1/si-quantity-2.0.1.jar:/home/runner/.m2/repository/si/uom/si-units/2.0.1/si-units-2.0.1.jar:/home/runner/.m2/repository/javax/media/jai_core/1.1.3/jai_core-1.1.3.jar:/home/runner/.m2/repository/org/jsmpp/jsmpp/2.3.7/jsmpp-2.3.7.jar:/home/runner/.m2/repository/org/apache/logging/log4j/log4j-api/2.14.1/log4j-api-2.14.1.jar:/home/runner/.m2/repository/org/apache/logging/log4j/log4j-core/2.14.1/log4j-core-2.14.1.jar:/home/runner/.m2/repository/org/apache/logging/log4j/log4j-slf4j-impl/2.14.1/log4j-slf4j-impl-2.14.1.jar:/home/runner/.m2/repository/org/slf4j/slf4j-api/1.7.32/slf4j-api-1.7.32.jar:/home/runner/.m2/repository/org/hisp/dhis/rules/rule-engine/2.0.27/rule-engine-2.0.27.jar:/home/runner/.m2/repository/nl/jqno/equalsverifier/equalsverifier/2.1.6/equalsverifier-2.1.6.jar:/home/runner/.m2/repository/org/slf4j/slf4j-simple/1.7.30/slf4j-simple-1.7.30.jar:/home/runner/.m2/repository/com/cronutils/cron-utils/9.1.3/cron-utils-9.1.3.jar:/home/runner/.m2/repository/org/glassfish/javax.el/3.0.0/javax.el-3.0.0.jar:/home/runner/.m2/repository/org/jboss/aerogear/aerogear-otp-java/1.0.0.CR1/aerogear-otp-java-1.0.0.CR1.jar:/home/runner/.m2/repository/org/springframework/security/spring-security-core/5.4.7/spring-security-core-5.4.7.jar:/home/runner/.m2/repository/commons-codec/commons-codec/1.14/commons-codec-1.14.jar:/home/runner/.m2/repository/org/locationtech/jts/io/jts-io-common/1.16.0/jts-io-common-1.16.0.jar:/home/runner/.m2/repository/com/googlecode/json-simple/json-simple/1.1.1/json-simple-1.1.1.jar:/home/runner/.m2/repository/org/geotools/gt-geojson/24.0/gt-geojson-24.0.jar:/home/runner/.m2/repository/org/geotools/gt-main/24.0/gt-main-24.0.jar:/home/runner/.m2/repository/javax/annotation/javax.annotation-api/1.3.2/javax.annotation-api-1.3.2.jar:/home/runner/.m2/repository/javax/xml/bind/jaxb-api/2.4.0-b180830.0359/jaxb-api-2.4.0-b180830.0359.jar:/home/runner/.m2/repository/com/sun/xml/bind/jaxb-impl/2.4.0-b180830.0438/jaxb-impl-2.4.0-b180830.0438.jar:/home/runner/.m2/repository/jakarta/xml/ws/jakarta.xml.ws-api/2.3.3/jakarta.xml.ws-api-2.3.3.jar:/home/runner/.m2/repository/jakarta/xml/bind/jakarta.xml.bind-api/2.3.3/jakarta.xml.bind-api-2.3.3.jar:/home/runner/.m2/repository/jakarta/xml/soap/jakarta.xml.soap-api/1.4.2/jakarta.xml.soap-api-1.4.2.jar:/home/runner/.m2/repository/jakarta/jws/jakarta.jws-api/2.1.0/jakarta.jws-api-2.1.0.jar:/home/runner/.m2/repository/jakarta/annotation/jakarta.annotation-api/1.3.4/jakarta.annotation-api-1.3.4.jar:/home/runner/.m2/repository/com/sun/xml/ws/jaxws-tools/2.3.2/jaxws-tools-2.3.2.jar:/home/runner/.m2/repository/com/sun/xml/bind/jaxb-xjc/2.3.2/jaxb-xjc-2.3.2.jar:/home/runner/.m2/repository/com/sun/xml/bind/jaxb-jxc/2.3.2/jaxb-jxc-2.3.2.jar:/home/runner/.m2/repository/com/sun/xml/ws/jaxws-eclipselink-plugin/2.3.2/jaxws-eclipselink-plugin-2.3.2.jar:/home/runner/.m2/repository/org/eclipse/persistence/org.eclipse.persistence.moxy/2.7.4/org.eclipse.persistence.moxy-2.7.4.jar:/home/runner/.m2/repository/org/eclipse/persistence/org.eclipse.persistence.core/2.7.4/org.eclipse.persistence.core-2.7.4.jar:/home/runner/.m2/repository/org/eclipse/persistence/org.eclipse.persistence.asm/2.7.4/org.eclipse.persistence.asm-2.7.4.jar:/home/runner/.m2/repository/org/jvnet/staxex/stax-ex/1.8.1/stax-ex-1.8.1.jar:/home/runner/.m2/repository/com/sun/xml/ws/sdo-eclipselink-plugin/2.3.2/sdo-eclipselink-plugin-2.3.2.jar:/home/runner/.m2/repository/org/eclipse/persistence/org.eclipse.persistence.sdo/2.7.4/org.eclipse.persistence.sdo-2.7.4.jar:/home/runner/.m2/repository/org/eclipse/persistence/commonj.sdo/2.1.1/commonj.sdo-2.1.1.jar:/home/runner/.m2/repository/org/hibernate/hibernate-core/5.4.28.Final/hibernate-core-5.4.28.Final.jar:/home/runner/.m2/repository/javax/persistence/javax.persistence-api/2.2/javax.persistence-api-2.2.jar:/home/runner/.m2/repository/antlr/antlr/2.7.7/antlr-2.7.7.jar:/home/runner/.m2/repository/org/jboss/spec/javax/transaction/jboss-transaction-api_1.2_spec/1.1.1.Final/jboss-transaction-api_1.2_spec-1.1.1.Final.jar:/home/runner/.m2/repository/org/jboss/jandex/2.2.3.Final/jandex-2.2.3.Final.jar:/home/runner/.m2/repository/javax/activation/javax.activation-api/1.2.0/javax.activation-api-1.2.0.jar:/home/runner/.m2/repository/org/hibernate/common/hibernate-commons-annotations/5.1.2.Final/hibernate-commons-annotations-5.1.2.Final.jar:/home/runner/.m2/repository/org/glassfish/jaxb/jaxb-runtime/2.3.1/jaxb-runtime-2.3.1.jar:/home/runner/.m2/repository/org/glassfish/jaxb/txw2/2.3.1/txw2-2.3.1.jar:/home/runner/.m2/repository/com/sun/xml/fastinfoset/FastInfoset/1.2.15/FastInfoset-1.2.15.jar:/home/runner/work/dhis2-core/dhis2-core/dhis-2/dhis-services/dhis-service-core/target/dhis-service-core-2.38-SNAPSHOT.jar:/home/runner/work/dhis2-core/dhis2-core/dhis-2/dhis-services/dhis-service-schema/target/dhis-service-schema-2.38-SNAPSHOT.jar:/home/runner/.m2/repository/org/springframework/spring-jms/5.3.6/spring-jms-5.3.6.jar:/home/runner/.m2/repository/org/springframework/spring-messaging/5.3.6/spring-messaging-5.3.6.jar:/home/runner/work/dhis2-core/dhis2-core/dhis-2/dhis-services/dhis-service-setting/target/dhis-service-setting-2.38-SNAPSHOT.jar:/home/runner/work/dhis2-core/dhis2-core/dhis-2/dhis-services/dhis-service-node/target/dhis-service-node-2.38-SNAPSHOT.jar:/home/runner/work/dhis2-core/dhis2-core/dhis-2/dhis-services/dhis-service-acl/target/dhis-service-acl-2.38-SNAPSHOT.jar:/home/runner/work/dhis2-core/dhis2-core/dhis-2/dhis-services/dhis-service-audit-consumer/target/dhis-service-audit-consumer-2.38-SNAPSHOT.jar:/home/runner/work/dhis2-core/dhis2-core/dhis-2/dhis-support/dhis-support-audit/target/dhis-support-audit-2.38-SNAPSHOT.jar:/home/runner/work/dhis2-core/dhis2-core/dhis-2/dhis-support/dhis-support-hibernate/target/dhis-support-hibernate-2.38-SNAPSHOT.jar:/home/runner/work/dhis2-core/dhis2-core/dhis-2/dhis-support/dhis-support-db-migration/target/dhis-support-db-migration-2.38-SNAPSHOT.jar:/home/runner/.m2/repository/org/flywaydb/flyway-core/7.0.4/flyway-core-7.0.4.jar:/home/runner/.m2/repository/org/hibernate/hibernate-ehcache/5.4.28.Final/hibernate-ehcache-5.4.28.Final.jar:/home/runner/.m2/repository/net/sf/ehcache/ehcache/2.10.6/ehcache-2.10.6.jar:/home/runner/.m2/repository/com/vladmihalcea/hibernate-types-52/2.10.4/hibernate-types-52-2.10.4.jar:/home/runner/.m2/repository/com/mchange/c3p0/0.9.5.5/c3p0-0.9.5.5.jar:/home/runner/.m2/repository/com/mchange/mchange-commons-java/0.2.19/mchange-commons-java-0.2.19.jar:/home/runner/.m2/repository/com/zaxxer/HikariCP/3.4.5/HikariCP-3.4.5.jar:/home/runner/.m2/repository/cglib/cglib/3.2.4/cglib-3.2.4.jar:/home/runner/.m2/repository/org/ow2/asm/asm/6.0_ALPHA/asm-6.0_ALPHA.jar:/home/runner/.m2/repository/org/jasypt/jasypt/1.9.3/jasypt-1.9.3.jar:/home/runner/.m2/repository/com/h2database/h2/1.4.200/h2-1.4.200.jar:/home/runner/.m2/repository/net/ttddyy/datasource-proxy/1.7/datasource-proxy-1.7.jar:/home/runner/.m2/repository/com/sun/istack/istack-commons-runtime/3.0.8/istack-commons-runtime-3.0.8.jar:/home/runner/.m2/repository/org/bouncycastle/bcprov-jdk15on/1.68/bcprov-jdk15on-1.68.jar:/home/runner/work/dhis2-core/dhis2-core/dhis-2/dhis-support/dhis-support-expression-parser/target/dhis-support-expression-parser-2.38-SNAPSHOT.jar:/home/runner/.m2/repository/org/hisp/dhis/parser/dhis-antlr-expression-parser/1.0.18/dhis-antlr-expression-parser-1.0.18.jar:/home/runner/.m2/repository/org/antlr/antlr4-runtime/4.7.2/antlr4-runtime-4.7.2.jar:/home/runner/.m2/repository/org/apache/commons/commons-text/1.8/commons-text-1.8.jar:/home/runner/.m2/repository/commons-lang/commons-lang/2.6/commons-lang-2.6.jar:/home/runner/work/dhis2-core/dhis2-core/dhis-2/dhis-support/dhis-support-system/target/dhis-support-system-2.38-SNAPSHOT.jar:/home/runner/.m2/repository/org/springframework/spring-web/5.3.6/spring-web-5.3.6.jar:/home/runner/.m2/repository/org/geotools/gt-referencing/24.0/gt-referencing-24.0.jar:/home/runner/.m2/repository/org/ejml/ejml-ddense/0.34/ejml-ddense-0.34.jar:/home/runner/.m2/repository/org/ejml/ejml-core/0.34/ejml-core-0.34.jar:/home/runner/.m2/repository/org/geotools/gt-metadata/24.0/gt-metadata-24.0.jar:/home/runner/.m2/repository/org/geotools/ogc/net.opengis.ows/24.0/net.opengis.ows-24.0.jar:/home/runner/.m2/repository/org/geotools/ogc/org.w3.xlink/24.0/org.w3.xlink-24.0.jar:/home/runner/.m2/repository/org/eclipse/emf/org.eclipse.emf.common/2.15.0/org.eclipse.emf.common-2.15.0.jar:/home/runner/.m2/repository/org/eclipse/emf/org.eclipse.emf.ecore/2.15.0/org.eclipse.emf.ecore-2.15.0.jar:/home/runner/.m2/repository/org/eclipse/emf/org.eclipse.emf.ecore.xmi/2.15.0/org.eclipse.emf.ecore.xmi-2.15.0.jar:/home/runner/.m2/repository/it/geosolutions/jgridshift/jgridshift-core/1.3/jgridshift-core-1.3.jar:/home/runner/.m2/repository/net/sf/geographiclib/GeographicLib-Java/1.49/GeographicLib-Java-1.49.jar:/home/runner/.m2/repository/io/lettuce/lettuce-core/5.2.0.RELEASE/lettuce-core-5.2.0.RELEASE.jar:/home/runner/.m2/repository/io/projectreactor/reactor-core/3.3.0.RELEASE/reactor-core-3.3.0.RELEASE.jar:/home/runner/.m2/repository/org/reactivestreams/reactive-streams/1.0.3/reactive-streams-1.0.3.jar:/home/runner/.m2/repository/org/springframework/data/spring-data-redis/2.3.2.RELEASE/spring-data-redis-2.3.2.RELEASE.jar:/home/runner/.m2/repository/org/springframework/data/spring-data-keyvalue/2.3.2.RELEASE/spring-data-keyvalue-2.3.2.RELEASE.jar:/home/runner/.m2/repository/org/springframework/data/spring-data-commons/2.3.2.RELEASE/spring-data-commons-2.3.2.RELEASE.jar:/home/runner/.m2/repository/org/springframework/spring-oxm/5.3.6/spring-oxm-5.3.6.jar:/home/runner/.m2/repository/org/springframework/spring-context-support/5.3.6/spring-context-support-5.3.6.jar:/home/runner/.m2/repository/com/lowagie/itext/2.1.7/itext-2.1.7.jar:/home/runner/.m2/repository/commons-validator/commons-validator/1.6/commons-validator-1.6.jar:/home/runner/.m2/repository/org/hisp/staxwax/1.4/staxwax-1.4.jar:/home/runner/.m2/repository/stax/stax-api/1.0.1/stax-api-1.0.1.jar:/home/runner/.m2/repository/org/htmlparser/htmlparser/2.1/htmlparser-2.1.jar:/home/runner/.m2/repository/org/htmlparser/htmllexer/2.1/htmllexer-2.1.jar:/home/runner/.m2/repository/net/sourceforge/javacsv/javacsv/2.0/javacsv-2.0.jar:/home/runner/.m2/repository/io/micrometer/micrometer-spring-legacy/1.3.5/micrometer-spring-legacy-1.3.5.jar:/home/runner/.m2/repository/io/micrometer/micrometer-core/1.3.5/micrometer-core-1.3.5.jar:/home/runner/.m2/repository/org/hdrhistogram/HdrHistogram/2.1.11/HdrHistogram-2.1.11.jar:/home/runner/.m2/repository/org/latencyutils/LatencyUtils/2.0.3/LatencyUtils-2.0.3.jar:/home/runner/.m2/repository/io/micrometer/micrometer-registry-prometheus/1.3.5/micrometer-registry-prometheus-1.3.5.jar:/home/runner/.m2/repository/io/prometheus/simpleclient_common/0.7.0/simpleclient_common-0.7.0.jar:/home/runner/.m2/repository/io/prometheus/simpleclient/0.7.0/simpleclient-0.7.0.jar:/home/runner/work/dhis2-core/dhis2-core/dhis-2/dhis-support/dhis-support-commons/target/dhis-support-commons-2.38-SNAPSHOT.jar:/home/runner/.m2/repository/org/apache/commons/commons-jexl/2.1.1/commons-jexl-2.1.1.jar:/home/runner/work/dhis2-core/dhis2-core/dhis-2/dhis-support/dhis-support-external/target/dhis-support-external-2.38-SNAPSHOT.jar:/home/runner/.m2/repository/org/springframework/security/spring-security-web/5.4.7/spring-security-web-5.4.7.jar:/home/runner/.m2/repository/org/springframework/security/spring-security-config/5.4.7/spring-security-config-5.4.7.jar:/home/runner/.m2/repository/org/springframework/security/spring-security-aspects/5.4.7/spring-security-aspects-5.4.7.jar:/home/runner/.m2/repository/org/aspectj/aspectjrt/1.9.6/aspectjrt-1.9.6.jar:/home/runner/.m2/repository/org/springframework/security/oauth/spring-security-oauth2/2.5.0.RELEASE/spring-security-oauth2-2.5.0.RELEASE.jar:/home/runner/.m2/repository/org/springframework/spring-webmvc/5.3.6/spring-webmvc-5.3.6.jar:/home/runner/.m2/repository/org/springframework/security/spring-security-oauth2-client/5.4.7/spring-security-oauth2-client-5.4.7.jar:/home/runner/.m2/repository/org/springframework/security/spring-security-oauth2-core/5.4.7/spring-security-oauth2-core-5.4.7.jar:/home/runner/.m2/repository/org/springframework/security/spring-security-oauth2-jose/5.4.7/spring-security-oauth2-jose-5.4.7.jar:/home/runner/.m2/repository/com/nimbusds/nimbus-jose-jwt/8.22/nimbus-jose-jwt-8.22.jar:/home/runner/.m2/repository/com/github/stephenc/jcip/jcip-annotations/1.0-1/jcip-annotations-1.0-1.jar:/home/runner/.m2/repository/net/minidev/json-smart/2.4.7/json-smart-2.4.7.jar:/home/runner/.m2/repository/net/minidev/accessors-smart/2.4.7/accessors-smart-2.4.7.jar:/home/runner/.m2/repository/org/springframework/security/spring-security-jwt/1.1.1.RELEASE/spring-security-jwt-1.1.1.RELEASE.jar:/home/runner/.m2/repository/org/bouncycastle/bcpkix-jdk15on/1.64/bcpkix-jdk15on-1.64.jar:/home/runner/.m2/repository/org/springframework/security/spring-security-oauth2-resource-server/5.4.7/spring-security-oauth2-resource-server-5.4.7.jar:/home/runner/.m2/repository/com/google/api-client/google-api-client/1.30.10/google-api-client-1.30.10.jar:/home/runner/.m2/repository/com/google/oauth-client/google-oauth-client/1.31.0/google-oauth-client-1.31.0.jar:/home/runner/.m2/repository/com/google/http-client/google-http-client/1.35.0/google-http-client-1.35.0.jar:/home/runner/.m2/repository/org/apache/httpcomponents/httpclient/4.5.12/httpclient-4.5.12.jar:/home/runner/.m2/repository/org/apache/httpcomponents/httpcore/4.4.13/httpcore-4.4.13.jar:/home/runner/.m2/repository/io/opencensus/opencensus-api/0.24.0/opencensus-api-0.24.0.jar:/home/runner/.m2/repository/io/grpc/grpc-context/1.22.1/grpc-context-1.22.1.jar:/home/runner/.m2/repository/io/opencensus/opencensus-contrib-http-util/0.24.0/opencensus-contrib-http-util-0.24.0.jar:/home/runner/.m2/repository/com/google/http-client/google-http-client-jackson2/1.36.0/google-http-client-jackson2-1.36.0.jar:/home/runner/work/dhis2-core/dhis2-core/dhis-2/dhis-support/dhis-support-jdbc/target/dhis-support-jdbc-2.38-SNAPSHOT.jar:/home/runner/work/dhis2-core/dhis2-core/dhis-2/dhis-support/dhis-support-artemis/target/dhis-support-artemis-2.38-SNAPSHOT.jar:/home/runner/.m2/repository/org/apache/activemq/artemis-server/2.17.0/artemis-server-2.17.0.jar:/home/runner/.m2/repository/org/jboss/logmanager/jboss-logmanager/2.1.10.Final/jboss-logmanager-2.1.10.Final.jar:/home/runner/.m2/repository/org/wildfly/common/wildfly-common/1.5.1.Final/wildfly-common-1.5.1.Final.jar:/home/runner/.m2/repository/org/apache/activemq/artemis-commons/2.17.0/artemis-commons-2.17.0.jar:/home/runner/.m2/repository/org/apache/activemq/artemis-selector/2.17.0/artemis-selector-2.17.0.jar:/home/runner/.m2/repository/org/apache/activemq/artemis-journal/2.17.0/artemis-journal-2.17.0.jar:/home/runner/.m2/repository/org/apache/activemq/artemis-jdbc-store/2.17.0/artemis-jdbc-store-2.17.0.jar:/home/runner/.m2/repository/org/apache/commons/commons-dbcp2/2.7.0/commons-dbcp2-2.7.0.jar:/home/runner/.m2/repository/org/apache/commons/commons-pool2/2.7.0/commons-pool2-2.7.0.jar:/home/runner/.m2/repository/org/apache/activemq/artemis-core-client/2.17.0/artemis-core-client-2.17.0.jar:/home/runner/.m2/repository/org/jgroups/jgroups/3.6.13.Final/jgroups-3.6.13.Final.jar:/home/runner/.m2/repository/org/apache/johnzon/johnzon-core/0.9.5/johnzon-core-0.9.5.jar:/home/runner/.m2/repository/io/netty/netty-handler-proxy/4.1.51.Final/netty-handler-proxy-4.1.51.Final.jar:/home/runner/.m2/repository/org/jctools/jctools-core/2.1.2/jctools-core-2.1.2.jar:/home/runner/.m2/repository/org/apache/commons/commons-configuration2/2.7/commons-configuration2-2.7.jar:/home/runner/.m2/repository/org/apache/geronimo/specs/geronimo-json_1.0_spec/1.0-alpha-1/geronimo-json_1.0_spec-1.0-alpha-1.jar:/home/runner/.m2/repository/org/apache/activemq/activemq-artemis-native/1.0.2/activemq-artemis-native-1.0.2.jar:/home/runner/.m2/repository/org/apache/geronimo/specs/geronimo-jms_2.0_spec/1.0-alpha-2/geronimo-jms_2.0_spec-1.0-alpha-2.jar:/home/runner/.m2/repository/org/apache/activemq/artemis-jms-client/2.17.0/artemis-jms-client-2.17.0.jar:/home/runner/.m2/repository/io/netty/netty-all/4.1.59.Final/netty-all-4.1.59.Final.jar:/home/runner/work/dhis2-core/dhis2-core/dhis-2/dhis-support/dhis-support-cache-invalidation/target/dhis-support-cache-invalidation-2.38-SNAPSHOT.jar:/home/runner/.m2/repository/io/debezium/debezium-api/1.5.2.Final/debezium-api-1.5.2.Final.jar:/home/runner/.m2/repository/io/debezium/debezium-embedded/1.5.2.Final/debezium-embedded-1.5.2.Final.jar:/home/runner/.m2/repository/io/debezium/debezium-core/1.5.2.Final/debezium-core-1.5.2.Final.jar:/home/runner/.m2/repository/org/apache/kafka/connect-api/2.7.0/connect-api-2.7.0.jar:/home/runner/.m2/repository/org/apache/kafka/kafka-clients/2.7.0/kafka-clients-2.7.0.jar:/home/runner/.m2/repository/com/github/luben/zstd-jni/1.4.5-6/zstd-jni-1.4.5-6.jar:/home/runner/.m2/repository/org/lz4/lz4-java/1.7.1/lz4-java-1.7.1.jar:/home/runner/.m2/repository/org/xerial/snappy/snappy-java/1.1.7.7/snappy-java-1.1.7.7.jar:/home/runner/.m2/repository/org/apache/kafka/connect-runtime/2.7.0/connect-runtime-2.7.0.jar:/home/runner/.m2/repository/org/apache/kafka/kafka-tools/2.7.0/kafka-tools-2.7.0.jar:/home/runner/.m2/repository/org/apache/kafka/kafka-log4j-appender/2.7.0/kafka-log4j-appender-2.7.0.jar:/home/runner/.m2/repository/net/sourceforge/argparse4j/argparse4j/0.7.0/argparse4j-0.7.0.jar:/home/runner/.m2/repository/org/apache/kafka/connect-transforms/2.7.0/connect-transforms-2.7.0.jar:/home/runner/.m2/repository/com/fasterxml/jackson/jaxrs/jackson-jaxrs-json-provider/2.10.5/jackson-jaxrs-json-provider-2.10.5.jar:/home/runner/.m2/repository/com/fasterxml/jackson/jaxrs/jackson-jaxrs-base/2.10.5/jackson-jaxrs-base-2.10.5.jar:/home/runner/.m2/repository/org/glassfish/jersey/containers/jersey-container-servlet/2.31/jersey-container-servlet-2.31.jar:/home/runner/.m2/repository/org/glassfish/jersey/containers/jersey-container-servlet-core/2.31/jersey-container-servlet-core-2.31.jar:/home/runner/.m2/repository/org/glassfish/hk2/external/jakarta.inject/2.6.1/jakarta.inject-2.6.1.jar:/home/runner/.m2/repository/org/glassfish/jersey/core/jersey-common/2.31/jersey-common-2.31.jar:/home/runner/.m2/repository/org/glassfish/hk2/osgi-resource-locator/1.0.3/osgi-resource-locator-1.0.3.jar:/home/runner/.m2/repository/com/sun/activation/jakarta.activation/1.2.2/jakarta.activation-1.2.2.jar:/home/runner/.m2/repository/org/glassfish/jersey/core/jersey-server/2.31/jersey-server-2.31.jar:/home/runner/.m2/repository/org/glassfish/jersey/core/jersey-client/2.31/jersey-client-2.31.jar:/home/runner/.m2/repository/org/glassfish/jersey/media/jersey-media-jaxb/2.31/jersey-media-jaxb-2.31.jar:/home/runner/.m2/repository/jakarta/ws/rs/jakarta.ws.rs-api/2.1.6/jakarta.ws.rs-api-2.1.6.jar:/home/runner/.m2/repository/org/glassfish/jersey/inject/jersey-hk2/2.31/jersey-hk2-2.31.jar:/home/runner/.m2/repository/org/glassfish/hk2/hk2-locator/2.6.1/hk2-locator-2.6.1.jar:/home/runner/.m2/repository/org/glassfish/hk2/external/aopalliance-repackaged/2.6.1/aopalliance-repackaged-2.6.1.jar:/home/runner/.m2/repository/org/glassfish/hk2/hk2-api/2.6.1/hk2-api-2.6.1.jar:/home/runner/.m2/repository/org/glassfish/hk2/hk2-utils/2.6.1/hk2-utils-2.6.1.jar:/home/runner/.m2/repository/org/javassist/javassist/3.27.0-GA/javassist-3.27.0-GA.jar:/home/runner/.m2/repository/org/eclipse/jetty/jetty-server/9.4.41.v20210516/jetty-server-9.4.41.v20210516.jar:/home/runner/.m2/repository/org/eclipse/jetty/jetty-http/9.4.41.v20210516/jetty-http-9.4.41.v20210516.jar:/home/runner/.m2/repository/org/eclipse/jetty/jetty-io/9.4.41.v20210516/jetty-io-9.4.41.v20210516.jar:/home/runner/.m2/repository/org/eclipse/jetty/jetty-servlet/9.4.41.v20210516/jetty-servlet-9.4.41.v20210516.jar:/home/runner/.m2/repository/org/eclipse/jetty/jetty-security/9.4.41.v20210516/jetty-security-9.4.41.v20210516.jar:/home/runner/.m2/repository/org/eclipse/jetty/jetty-util-ajax/9.4.41.v20210516/jetty-util-ajax-9.4.41.v20210516.jar:/home/runner/.m2/repository/org/eclipse/jetty/jetty-servlets/9.4.33.v20201020/jetty-servlets-9.4.33.v20201020.jar:/home/runner/.m2/repository/org/eclipse/jetty/jetty-continuation/9.4.33.v20201020/jetty-continuation-9.4.33.v20201020.jar:/home/runner/.m2/repository/org/eclipse/jetty/jetty-util/9.4.41.v20210516/jetty-util-9.4.41.v20210516.jar:/home/runner/.m2/repository/org/eclipse/jetty/jetty-client/9.4.33.v20201020/jetty-client-9.4.33.v20201020.jar:/home/runner/.m2/repository/org/reflections/reflections/0.9.12/reflections-0.9.12.jar:/home/runner/.m2/repository/org/apache/maven/maven-artifact/3.6.3/maven-artifact-3.6.3.jar:/home/runner/.m2/repository/org/codehaus/plexus/plexus-utils/3.2.1/plexus-utils-3.2.1.jar:/home/runner/.m2/repository/org/apache/kafka/connect-json/2.7.0/connect-json-2.7.0.jar:/home/runner/.m2/repository/org/apache/kafka/connect-file/2.7.0/connect-file-2.7.0.jar:/home/runner/.m2/repository/io/debezium/debezium-connector-postgres/1.5.2.Final/debezium-connector-postgres-1.5.2.Final.jar:/home/runner/.m2/repository/com/google/protobuf/protobuf-java/3.8.0/protobuf-java-3.8.0.jar:/home/runner/.m2/repository/org/apache/commons/commons-email/1.5/commons-email-1.5.jar:/home/runner/.m2/repository/com/sun/mail/javax.mail/1.5.6/javax.mail-1.5.6.jar:/home/runner/.m2/repository/javax/activation/activation/1.1/activation-1.1.jar:/home/runner/.m2/repository/org/apache/ant/ant-compress/1.5/ant-compress-1.5.jar:/home/runner/.m2/repository/org/apache/ant/ant/1.10.12/ant-1.10.12.jar:/home/runner/.m2/repository/org/apache/ant/ant-launcher/1.10.12/ant-launcher-1.10.12.jar:/home/runner/.m2/repository/org/tukaani/xz/1.6/xz-1.6.jar:/home/runner/.m2/repository/org/brotli/dec/0.1.2/dec-0.1.2.jar:/home/runner/.m2/repository/org/apache/poi/poi/4.1.1/poi-4.1.1.jar:/home/runner/.m2/repository/org/apache/poi/poi-ooxml/4.1.1/poi-ooxml-4.1.1.jar:/home/runner/.m2/repository/org/apache/poi/poi-ooxml-schemas/4.1.1/poi-ooxml-schemas-4.1.1.jar:/home/runner/.m2/repository/org/apache/xmlbeans/xmlbeans/3.1.0/xmlbeans-3.1.0.jar:/home/runner/.m2/repository/org/apache/commons/commons-compress/1.19/commons-compress-1.19.jar:/home/runner/.m2/repository/com/github/virtuald/curvesapi/1.06/curvesapi-1.06.jar:/home/runner/.m2/repository/org/springframework/security/spring-security-ldap/5.4.7/spring-security-ldap-5.4.7.jar:/home/runner/.m2/repository/org/springframework/ldap/spring-ldap-core/2.3.4.RELEASE/spring-ldap-core-2.3.4.RELEASE.jar:/home/runner/.m2/repository/org/hisp/quick/1.4.0/quick-1.4.0.jar:/home/runner/.m2/repository/commons-logging/commons-logging/1.2/commons-logging-1.2.jar:/home/runner/.m2/repository/org/hsqldb/hsqldb/2.3.2/hsqldb-2.3.2.jar:/home/runner/.m2/repository/javax/interceptor/javax.interceptor-api/1.2.1/javax.interceptor-api-1.2.1.jar:/home/runner/.m2/repository/org/jsoup/jsoup/1.14.2/jsoup-1.14.2.jar:/home/runner/.m2/repository/org/apache/jclouds/jclouds-core/2.2.0/jclouds-core-2.2.0.jar:/home/runner/.m2/repository/javax/ws/rs/javax.ws.rs-api/2.0.1/javax.ws.rs-api-2.0.1.jar:/home/runner/.m2/repository/com/google/inject/extensions/guice-assistedinject/3.0/guice-assistedinject-3.0.jar:/home/runner/.m2/repository/com/google/inject/guice/3.0/guice-3.0.jar:/home/runner/.m2/repository/aopalliance/aopalliance/1.0/aopalliance-1.0.jar:/home/runner/.m2/repository/javax/inject/javax.inject/1/javax.inject-1.jar:/home/runner/.m2/repository/javax/annotation/jsr250-api/1.0/jsr250-api-1.0.jar:/home/runner/.m2/repository/org/apache/jclouds/jclouds-blobstore/2.2.0/jclouds-blobstore-2.2.0.jar:/home/runner/.m2/repository/org/apache/jclouds/api/filesystem/2.2.0/filesystem-2.2.0.jar:/home/runner/.m2/repository/org/apache/jclouds/provider/aws-s3/2.2.0/aws-s3-2.2.0.jar:/home/runner/.m2/repository/org/apache/jclouds/api/s3/2.2.0/s3-2.2.0.jar:/home/runner/.m2/repository/com/jamesmurty/utils/java-xmlbuilder/1.1/java-xmlbuilder-1.1.jar:/home/runner/.m2/repository/net/iharder/base64/2.3.8/base64-2.3.8.jar:/home/runner/.m2/repository/org/apache/jclouds/api/sts/2.2.0/sts-2.2.0.jar:/home/runner/.m2/repository/org/imgscalr/imgscalr-lib/4.2/imgscalr-lib-4.2.jar:/home/runner/.m2/repository/org/apache/velocity/velocity/1.7/velocity-1.7.jar:/home/runner/.m2/repository/commons-collections/commons-collections/3.2.2/commons-collections-3.2.2.jar:/home/runner/.m2/repository/com/github/dhis2/sms-compression/0.2.1.1/sms-compression-0.2.1.1.jar:/home/runner/.m2/repository/javax/servlet/javax.servlet-api/3.1.0/javax.servlet-api-3.1.0.jar:/home/runner/work/dhis2-core/dhis2-core/dhis-2/dhis-services/dhis-service-validation/target/dhis-service-validation-2.38-SNAPSHOT.jar:/home/runner/work/dhis2-core/dhis2-core/dhis-2/dhis-services/dhis-service-program-rule/target/dhis-service-program-rule-2.38-SNAPSHOT.jar:/home/runner/.m2/repository/org/hamcrest/hamcrest-core/1.3/hamcrest-core-1.3.jar:/home/runner/.m2/repository/org/hamcrest/hamcrest-library/1.3/hamcrest-library-1.3.jar:/home/runner/.m2/repository/org/mockito/mockito-core/3.4.6/mockito-core-3.4.6.jar:/home/runner/.m2/repository/net/bytebuddy/byte-buddy/1.10.17/byte-buddy-1.10.17.jar:/home/runner/.m2/repository/net/bytebuddy/byte-buddy-agent/1.10.13/byte-buddy-agent-1.10.13.jar:/home/runner/.m2/repository/org/objenesis/objenesis/3.1/objenesis-3.1.jar:/home/runner/.m2/repository/org/awaitility/awaitility/4.0.2/awaitility-4.0.2.jar:/home/runner/.m2/repository/org/hamcrest/hamcrest/2.1/hamcrest-2.1.jar:/home/runner/.m2/repository/org/apache/commons/commons-math3/3.6.1/commons-math3-3.6.1.jar:/home/runner/.m2/repository/org/projectlombok/lombok/1.18.20/lombok-1.18.20.jar:/home/runner/work/dhis2-core/dhis2-core/dhis-2/dhis-support/dhis-support-test/target/dhis-support-test-2.38-SNAPSHOT.jar:/home/runner/work/dhis2-core/dhis2-core/dhis-2/dhis-support/dhis-support-test-json/target/dhis-support-test-json-2.38-SNAPSHOT.jar:/home/runner/.m2/repository/org/springframework/spring-orm/5.3.6/spring-orm-5.3.6.jar:/home/runner/.m2/repository/org/springframework/spring-tx/5.3.6/spring-tx-5.3.6.jar:/home/runner/.m2/repository/org/springframework/spring-test/5.3.6/spring-test-5.3.6.jar:/home/runner/.m2/repository/junit/junit/4.13.1/junit-4.13.1.jar:/home/runner/.m2/repository/org/testcontainers/testcontainers/1.15.1/testcontainers-1.15.1.jar:/home/runner/.m2/repository/org/rnorth/duct-tape/duct-tape/1.0.8/duct-tape-1.0.8.jar:/home/runner/.m2/repository/org/rnorth/visible-assertions/visible-assertions/2.1.2/visible-assertions-2.1.2.jar:/home/runner/.m2/repository/net/java/dev/jna/jna/5.2.0/jna-5.2.0.jar:/home/runner/.m2/repository/com/github/docker-java/docker-java-api/3.2.7/docker-java-api-3.2.7.jar:/home/runner/.m2/repository/com/github/docker-java/docker-java-transport-zerodep/3.2.7/docker-java-transport-zerodep-3.2.7.jar:/home/runner/.m2/repository/com/github/docker-java/docker-java-transport/3.2.7/docker-java-transport-3.2.7.jar:/home/runner/.m2/repository/org/testcontainers/postgresql/1.15.1/postgresql-1.15.1.jar:/home/runner/.m2/repository/org/testcontainers/jdbc/1.15.1/jdbc-1.15.1.jar:/home/runner/.m2/repository/org/testcontainers/database-commons/1.15.1/database-commons-1.15.1.jar:/home/runner/.m2/repository/io/github/benas/random-beans/3.7.0/random-beans-3.7.0.jar:/home/runner/.m2/repository/io/github/lukehutch/fast-classpath-scanner/2.2.1/fast-classpath-scanner-2.2.1.jar:/home/runner/.m2/repository/com/google/code/gson/gson/2.8.2/gson-2.8.2.jar:"/>
    <property name="java.vm.vendor" value="Azul Systems, Inc."/>
    <property name="sun.arch.data.model" value="64"/>
    <property name="sun.font.fontmanager" value="sun.awt.X11FontManager"/>
    <property name="maven.wagon.http.pool" value="false"/>
    <property name="java.vendor.url" value="http://www.azul.com/"/>
    <property name="user.timezone" value="Etc/UTC"/>
    <property name="java.vm.specification.version" value="11"/>
    <property name="os.name" value="Linux"/>
    <property name="maven.wagon.http.retryHandler.count" value="3"/>
    <property name="sun.java.launcher" value="SUN_STANDARD"/>
    <property name="sun.boot.library.path" value="/opt/hostedtoolcache/Java_Zulu_jdk/11.0.13-8/x64/lib"/>
    <property name="sun.java.command" value="/home/runner/work/dhis2-core/dhis2-core/dhis-2/dhis-services/dhis-service-administration/target/surefire/surefirebooter9103790005330293396.jar /home/runner/work/dhis2-core/dhis2-core/dhis-2/dhis-services/dhis-service-administration/target/surefire 2021-10-29T15-23-49_155-jvmRun1 surefire556911030880336428tmp surefire_175361576563855928328tmp"/>
    <property name="jdk.debug" value="release"/>
    <property name="surefire.test.class.path" value="/home/runner/work/dhis2-core/dhis2-core/dhis-2/dhis-services/dhis-service-administration/target/test-classes:/home/runner/work/dhis2-core/dhis2-core/dhis-2/dhis-services/dhis-service-administration/target/classes:/home/runner/work/dhis2-core/dhis2-core/dhis-2/dhis-api/target/dhis-api-2.38-SNAPSHOT.jar:/home/runner/.m2/repository/org/apache/commons/commons-lang3/3.9/commons-lang3-3.9.jar:/home/runner/.m2/repository/commons-io/commons-io/2.7/commons-io-2.7.jar:/home/runner/.m2/repository/org/apache/commons/commons-collections4/4.4/commons-collections4-4.4.jar:/home/runner/.m2/repository/org/jfree/jfreechart/1.5.0/jfreechart-1.5.0.jar:/home/runner/.m2/repository/net/sf/jasperreports/jasperreports/6.3.1/jasperreports-6.3.1.jar:/home/runner/.m2/repository/commons-beanutils/commons-beanutils/1.9.4/commons-beanutils-1.9.4.jar:/home/runner/.m2/repository/commons-digester/commons-digester/2.1/commons-digester-2.1.jar:/home/runner/.m2/repository/org/jfree/jcommon/1.0.23/jcommon-1.0.23.jar:/home/runner/.m2/repository/org/eclipse/jdt/core/compiler/ecj/4.3.1/ecj-4.3.1.jar:/home/runner/.m2/repository/org/codehaus/castor/castor-xml/1.3.3/castor-xml-1.3.3.jar:/home/runner/.m2/repository/org/codehaus/castor/castor-core/1.3.3/castor-core-1.3.3.jar:/home/runner/.m2/repository/stax/stax/1.2.0/stax-1.2.0.jar:/home/runner/.m2/repository/org/apache/lucene/lucene-core/4.5.1/lucene-core-4.5.1.jar:/home/runner/.m2/repository/org/apache/lucene/lucene-analyzers-common/4.5.1/lucene-analyzers-common-4.5.1.jar:/home/runner/.m2/repository/org/apache/lucene/lucene-queryparser/4.5.1/lucene-queryparser-4.5.1.jar:/home/runner/.m2/repository/org/apache/lucene/lucene-queries/4.5.1/lucene-queries-4.5.1.jar:/home/runner/.m2/repository/org/apache/lucene/lucene-sandbox/4.5.1/lucene-sandbox-4.5.1.jar:/home/runner/.m2/repository/jakarta-regexp/jakarta-regexp/1.4/jakarta-regexp-1.4.jar:/home/runner/.m2/repository/com/google/zxing/core/3.2.1/core-3.2.1.jar:/home/runner/.m2/repository/com/ibm/icu/icu4j/57.1/icu4j-57.1.jar:/home/runner/.m2/repository/net/sf/jasperreports/jasperreports-fonts/4.0.0/jasperreports-fonts-4.0.0.jar:/home/runner/.m2/repository/com/fasterxml/jackson/core/jackson-core/2.12.1/jackson-core-2.12.1.jar:/home/runner/.m2/repository/com/fasterxml/jackson/core/jackson-annotations/2.12.1/jackson-annotations-2.12.1.jar:/home/runner/.m2/repository/com/fasterxml/jackson/dataformat/jackson-dataformat-xml/2.12.1/jackson-dataformat-xml-2.12.1.jar:/home/runner/.m2/repository/com/fasterxml/jackson/core/jackson-databind/2.12.1/jackson-databind-2.12.1.jar:/home/runner/.m2/repository/com/fasterxml/jackson/module/jackson-module-jaxb-annotations/2.12.1/jackson-module-jaxb-annotations-2.12.1.jar:/home/runner/.m2/repository/jakarta/activation/jakarta.activation-api/1.2.1/jakarta.activation-api-1.2.1.jar:/home/runner/.m2/repository/org/codehaus/woodstox/stax2-api/4.2.1/stax2-api-4.2.1.jar:/home/runner/.m2/repository/com/fasterxml/woodstox/woodstox-core/6.2.3/woodstox-core-6.2.3.jar:/home/runner/.m2/repository/com/fasterxml/jackson/dataformat/jackson-dataformat-csv/2.12.1/jackson-dataformat-csv-2.12.1.jar:/home/runner/.m2/repository/com/fasterxml/jackson/datatype/jackson-datatype-jdk8/2.12.1/jackson-datatype-jdk8-2.12.1.jar:/home/runner/.m2/repository/com/fasterxml/jackson/datatype/jackson-datatype-hibernate5/2.11.2/jackson-datatype-hibernate5-2.11.2.jar:/home/runner/.m2/repository/javax/transaction/javax.transaction-api/1.3/javax.transaction-api-1.3.jar:/home/runner/.m2/repository/com/fasterxml/jackson/datatype/jackson-datatype-jsr310/2.12.1/jackson-datatype-jsr310-2.12.1.jar:/home/runner/.m2/repository/org/springframework/spring-jdbc/5.3.6/spring-jdbc-5.3.6.jar:/home/runner/.m2/repository/org/springframework/spring-beans/5.3.6/spring-beans-5.3.6.jar:/home/runner/.m2/repository/org/springframework/spring-core/5.3.6/spring-core-5.3.6.jar:/home/runner/.m2/repository/org/springframework/spring-jcl/5.3.6/spring-jcl-5.3.6.jar:/home/runner/.m2/repository/org/springframework/spring-context/5.3.6/spring-context-5.3.6.jar:/home/runner/.m2/repository/org/springframework/spring-aop/5.3.6/spring-aop-5.3.6.jar:/home/runner/.m2/repository/org/springframework/spring-expression/5.3.6/spring-expression-5.3.6.jar:/home/runner/.m2/repository/com/google/guava/guava/30.1-jre/guava-30.1-jre.jar:/home/runner/.m2/repository/com/google/guava/failureaccess/1.0.1/failureaccess-1.0.1.jar:/home/runner/.m2/repository/com/google/guava/listenablefuture/9999.0-empty-to-avoid-conflict-with-guava/listenablefuture-9999.0-empty-to-avoid-conflict-with-guava.jar:/home/runner/.m2/repository/com/google/code/findbugs/jsr305/3.0.2/jsr305-3.0.2.jar:/home/runner/.m2/repository/org/checkerframework/checker-qual/3.5.0/checker-qual-3.5.0.jar:/home/runner/.m2/repository/com/google/errorprone/error_prone_annotations/2.3.4/error_prone_annotations-2.3.4.jar:/home/runner/.m2/repository/com/google/j2objc/j2objc-annotations/1.3/j2objc-annotations-1.3.jar:/home/runner/.m2/repository/org/cache2k/cache2k-api/1.6.0.Final/cache2k-api-1.6.0.Final.jar:/home/runner/.m2/repository/org/cache2k/cache2k-core/1.6.0.Final/cache2k-core-1.6.0.Final.jar:/home/runner/.m2/repository/joda-time/joda-time/2.10.5/joda-time-2.10.5.jar:/home/runner/.m2/repository/org/hibernate/validator/hibernate-validator/6.2.0.Final/hibernate-validator-6.2.0.Final.jar:/home/runner/.m2/repository/jakarta/validation/jakarta.validation-api/2.0.2/jakarta.validation-api-2.0.2.jar:/home/runner/.m2/repository/org/jboss/logging/jboss-logging/3.4.1.Final/jboss-logging-3.4.1.Final.jar:/home/runner/.m2/repository/javax/validation/validation-api/2.0.1.Final/validation-api-2.0.1.Final.jar:/home/runner/.m2/repository/com/fasterxml/classmate/1.3.2/classmate-1.3.2.jar:/home/runner/.m2/repository/org/hibernate/hibernate-spatial/5.4.28.Final/hibernate-spatial-5.4.28.Final.jar:/home/runner/.m2/repository/org/geolatte/geolatte-geom/1.6.1/geolatte-geom-1.6.1.jar:/home/runner/.m2/repository/org/postgresql/postgresql/42.2.19/postgresql-42.2.19.jar:/home/runner/.m2/repository/org/dom4j/dom4j/2.1.3/dom4j-2.1.3.jar:/home/runner/.m2/repository/com/graphhopper/external/jackson-datatype-jts/1.0-2.7/jackson-datatype-jts-1.0-2.7.jar:/home/runner/.m2/repository/org/locationtech/jts/jts-core/1.16.0/jts-core-1.16.0.jar:/home/runner/.m2/repository/org/geotools/gt-opengis/24.0/gt-opengis-24.0.jar:/home/runner/.m2/repository/commons-pool/commons-pool/1.5.4/commons-pool-1.5.4.jar:/home/runner/.m2/repository/systems/uom/systems-common/2.0.1/systems-common-2.0.1.jar:/home/runner/.m2/repository/javax/measure/unit-api/2.0/unit-api-2.0.jar:/home/runner/.m2/repository/tech/units/indriya/2.0.2/indriya-2.0.2.jar:/home/runner/.m2/repository/tech/uom/lib/uom-lib-common/2.0/uom-lib-common-2.0.jar:/home/runner/.m2/repository/si/uom/si-quantity/2.0.1/si-quantity-2.0.1.jar:/home/runner/.m2/repository/si/uom/si-units/2.0.1/si-units-2.0.1.jar:/home/runner/.m2/repository/javax/media/jai_core/1.1.3/jai_core-1.1.3.jar:/home/runner/.m2/repository/org/jsmpp/jsmpp/2.3.7/jsmpp-2.3.7.jar:/home/runner/.m2/repository/org/apache/logging/log4j/log4j-api/2.14.1/log4j-api-2.14.1.jar:/home/runner/.m2/repository/org/apache/logging/log4j/log4j-core/2.14.1/log4j-core-2.14.1.jar:/home/runner/.m2/repository/org/apache/logging/log4j/log4j-slf4j-impl/2.14.1/log4j-slf4j-impl-2.14.1.jar:/home/runner/.m2/repository/org/slf4j/slf4j-api/1.7.32/slf4j-api-1.7.32.jar:/home/runner/.m2/repository/org/hisp/dhis/rules/rule-engine/2.0.27/rule-engine-2.0.27.jar:/home/runner/.m2/repository/nl/jqno/equalsverifier/equalsverifier/2.1.6/equalsverifier-2.1.6.jar:/home/runner/.m2/repository/org/slf4j/slf4j-simple/1.7.30/slf4j-simple-1.7.30.jar:/home/runner/.m2/repository/com/cronutils/cron-utils/9.1.3/cron-utils-9.1.3.jar:/home/runner/.m2/repository/org/glassfish/javax.el/3.0.0/javax.el-3.0.0.jar:/home/runner/.m2/repository/org/jboss/aerogear/aerogear-otp-java/1.0.0.CR1/aerogear-otp-java-1.0.0.CR1.jar:/home/runner/.m2/repository/org/springframework/security/spring-security-core/5.4.7/spring-security-core-5.4.7.jar:/home/runner/.m2/repository/commons-codec/commons-codec/1.14/commons-codec-1.14.jar:/home/runner/.m2/repository/org/locationtech/jts/io/jts-io-common/1.16.0/jts-io-common-1.16.0.jar:/home/runner/.m2/repository/com/googlecode/json-simple/json-simple/1.1.1/json-simple-1.1.1.jar:/home/runner/.m2/repository/org/geotools/gt-geojson/24.0/gt-geojson-24.0.jar:/home/runner/.m2/repository/org/geotools/gt-main/24.0/gt-main-24.0.jar:/home/runner/.m2/repository/javax/annotation/javax.annotation-api/1.3.2/javax.annotation-api-1.3.2.jar:/home/runner/.m2/repository/javax/xml/bind/jaxb-api/2.4.0-b180830.0359/jaxb-api-2.4.0-b180830.0359.jar:/home/runner/.m2/repository/com/sun/xml/bind/jaxb-impl/2.4.0-b180830.0438/jaxb-impl-2.4.0-b180830.0438.jar:/home/runner/.m2/repository/jakarta/xml/ws/jakarta.xml.ws-api/2.3.3/jakarta.xml.ws-api-2.3.3.jar:/home/runner/.m2/repository/jakarta/xml/bind/jakarta.xml.bind-api/2.3.3/jakarta.xml.bind-api-2.3.3.jar:/home/runner/.m2/repository/jakarta/xml/soap/jakarta.xml.soap-api/1.4.2/jakarta.xml.soap-api-1.4.2.jar:/home/runner/.m2/repository/jakarta/jws/jakarta.jws-api/2.1.0/jakarta.jws-api-2.1.0.jar:/home/runner/.m2/repository/jakarta/annotation/jakarta.annotation-api/1.3.4/jakarta.annotation-api-1.3.4.jar:/home/runner/.m2/repository/com/sun/xml/ws/jaxws-tools/2.3.2/jaxws-tools-2.3.2.jar:/home/runner/.m2/repository/com/sun/xml/bind/jaxb-xjc/2.3.2/jaxb-xjc-2.3.2.jar:/home/runner/.m2/repository/com/sun/xml/bind/jaxb-jxc/2.3.2/jaxb-jxc-2.3.2.jar:/home/runner/.m2/repository/com/sun/xml/ws/jaxws-eclipselink-plugin/2.3.2/jaxws-eclipselink-plugin-2.3.2.jar:/home/runner/.m2/repository/org/eclipse/persistence/org.eclipse.persistence.moxy/2.7.4/org.eclipse.persistence.moxy-2.7.4.jar:/home/runner/.m2/repository/org/eclipse/persistence/org.eclipse.persistence.core/2.7.4/org.eclipse.persistence.core-2.7.4.jar:/home/runner/.m2/repository/org/eclipse/persistence/org.eclipse.persistence.asm/2.7.4/org.eclipse.persistence.asm-2.7.4.jar:/home/runner/.m2/repository/org/jvnet/staxex/stax-ex/1.8.1/stax-ex-1.8.1.jar:/home/runner/.m2/repository/com/sun/xml/ws/sdo-eclipselink-plugin/2.3.2/sdo-eclipselink-plugin-2.3.2.jar:/home/runner/.m2/repository/org/eclipse/persistence/org.eclipse.persistence.sdo/2.7.4/org.eclipse.persistence.sdo-2.7.4.jar:/home/runner/.m2/repository/org/eclipse/persistence/commonj.sdo/2.1.1/commonj.sdo-2.1.1.jar:/home/runner/.m2/repository/org/hibernate/hibernate-core/5.4.28.Final/hibernate-core-5.4.28.Final.jar:/home/runner/.m2/repository/javax/persistence/javax.persistence-api/2.2/javax.persistence-api-2.2.jar:/home/runner/.m2/repository/antlr/antlr/2.7.7/antlr-2.7.7.jar:/home/runner/.m2/repository/org/jboss/spec/javax/transaction/jboss-transaction-api_1.2_spec/1.1.1.Final/jboss-transaction-api_1.2_spec-1.1.1.Final.jar:/home/runner/.m2/repository/org/jboss/jandex/2.2.3.Final/jandex-2.2.3.Final.jar:/home/runner/.m2/repository/javax/activation/javax.activation-api/1.2.0/javax.activation-api-1.2.0.jar:/home/runner/.m2/repository/org/hibernate/common/hibernate-commons-annotations/5.1.2.Final/hibernate-commons-annotations-5.1.2.Final.jar:/home/runner/.m2/repository/org/glassfish/jaxb/jaxb-runtime/2.3.1/jaxb-runtime-2.3.1.jar:/home/runner/.m2/repository/org/glassfish/jaxb/txw2/2.3.1/txw2-2.3.1.jar:/home/runner/.m2/repository/com/sun/xml/fastinfoset/FastInfoset/1.2.15/FastInfoset-1.2.15.jar:/home/runner/work/dhis2-core/dhis2-core/dhis-2/dhis-services/dhis-service-core/target/dhis-service-core-2.38-SNAPSHOT.jar:/home/runner/work/dhis2-core/dhis2-core/dhis-2/dhis-services/dhis-service-schema/target/dhis-service-schema-2.38-SNAPSHOT.jar:/home/runner/.m2/repository/org/springframework/spring-jms/5.3.6/spring-jms-5.3.6.jar:/home/runner/.m2/repository/org/springframework/spring-messaging/5.3.6/spring-messaging-5.3.6.jar:/home/runner/work/dhis2-core/dhis2-core/dhis-2/dhis-services/dhis-service-setting/target/dhis-service-setting-2.38-SNAPSHOT.jar:/home/runner/work/dhis2-core/dhis2-core/dhis-2/dhis-services/dhis-service-node/target/dhis-service-node-2.38-SNAPSHOT.jar:/home/runner/work/dhis2-core/dhis2-core/dhis-2/dhis-services/dhis-service-acl/target/dhis-service-acl-2.38-SNAPSHOT.jar:/home/runner/work/dhis2-core/dhis2-core/dhis-2/dhis-services/dhis-service-audit-consumer/target/dhis-service-audit-consumer-2.38-SNAPSHOT.jar:/home/runner/work/dhis2-core/dhis2-core/dhis-2/dhis-support/dhis-support-audit/target/dhis-support-audit-2.38-SNAPSHOT.jar:/home/runner/work/dhis2-core/dhis2-core/dhis-2/dhis-support/dhis-support-hibernate/target/dhis-support-hibernate-2.38-SNAPSHOT.jar:/home/runner/work/dhis2-core/dhis2-core/dhis-2/dhis-support/dhis-support-db-migration/target/dhis-support-db-migration-2.38-SNAPSHOT.jar:/home/runner/.m2/repository/org/flywaydb/flyway-core/7.0.4/flyway-core-7.0.4.jar:/home/runner/.m2/repository/org/hibernate/hibernate-ehcache/5.4.28.Final/hibernate-ehcache-5.4.28.Final.jar:/home/runner/.m2/repository/net/sf/ehcache/ehcache/2.10.6/ehcache-2.10.6.jar:/home/runner/.m2/repository/com/vladmihalcea/hibernate-types-52/2.10.4/hibernate-types-52-2.10.4.jar:/home/runner/.m2/repository/com/mchange/c3p0/0.9.5.5/c3p0-0.9.5.5.jar:/home/runner/.m2/repository/com/mchange/mchange-commons-java/0.2.19/mchange-commons-java-0.2.19.jar:/home/runner/.m2/repository/com/zaxxer/HikariCP/3.4.5/HikariCP-3.4.5.jar:/home/runner/.m2/repository/cglib/cglib/3.2.4/cglib-3.2.4.jar:/home/runner/.m2/repository/org/ow2/asm/asm/6.0_ALPHA/asm-6.0_ALPHA.jar:/home/runner/.m2/repository/org/jasypt/jasypt/1.9.3/jasypt-1.9.3.jar:/home/runner/.m2/repository/com/h2database/h2/1.4.200/h2-1.4.200.jar:/home/runner/.m2/repository/net/ttddyy/datasource-proxy/1.7/datasource-proxy-1.7.jar:/home/runner/.m2/repository/com/sun/istack/istack-commons-runtime/3.0.8/istack-commons-runtime-3.0.8.jar:/home/runner/.m2/repository/org/bouncycastle/bcprov-jdk15on/1.68/bcprov-jdk15on-1.68.jar:/home/runner/work/dhis2-core/dhis2-core/dhis-2/dhis-support/dhis-support-expression-parser/target/dhis-support-expression-parser-2.38-SNAPSHOT.jar:/home/runner/.m2/repository/org/hisp/dhis/parser/dhis-antlr-expression-parser/1.0.18/dhis-antlr-expression-parser-1.0.18.jar:/home/runner/.m2/repository/org/antlr/antlr4-runtime/4.7.2/antlr4-runtime-4.7.2.jar:/home/runner/.m2/repository/org/apache/commons/commons-text/1.8/commons-text-1.8.jar:/home/runner/.m2/repository/commons-lang/commons-lang/2.6/commons-lang-2.6.jar:/home/runner/work/dhis2-core/dhis2-core/dhis-2/dhis-support/dhis-support-system/target/dhis-support-system-2.38-SNAPSHOT.jar:/home/runner/.m2/repository/org/springframework/spring-web/5.3.6/spring-web-5.3.6.jar:/home/runner/.m2/repository/org/geotools/gt-referencing/24.0/gt-referencing-24.0.jar:/home/runner/.m2/repository/org/ejml/ejml-ddense/0.34/ejml-ddense-0.34.jar:/home/runner/.m2/repository/org/ejml/ejml-core/0.34/ejml-core-0.34.jar:/home/runner/.m2/repository/org/geotools/gt-metadata/24.0/gt-metadata-24.0.jar:/home/runner/.m2/repository/org/geotools/ogc/net.opengis.ows/24.0/net.opengis.ows-24.0.jar:/home/runner/.m2/repository/org/geotools/ogc/org.w3.xlink/24.0/org.w3.xlink-24.0.jar:/home/runner/.m2/repository/org/eclipse/emf/org.eclipse.emf.common/2.15.0/org.eclipse.emf.common-2.15.0.jar:/home/runner/.m2/repository/org/eclipse/emf/org.eclipse.emf.ecore/2.15.0/org.eclipse.emf.ecore-2.15.0.jar:/home/runner/.m2/repository/org/eclipse/emf/org.eclipse.emf.ecore.xmi/2.15.0/org.eclipse.emf.ecore.xmi-2.15.0.jar:/home/runner/.m2/repository/it/geosolutions/jgridshift/jgridshift-core/1.3/jgridshift-core-1.3.jar:/home/runner/.m2/repository/net/sf/geographiclib/GeographicLib-Java/1.49/GeographicLib-Java-1.49.jar:/home/runner/.m2/repository/io/lettuce/lettuce-core/5.2.0.RELEASE/lettuce-core-5.2.0.RELEASE.jar:/home/runner/.m2/repository/io/projectreactor/reactor-core/3.3.0.RELEASE/reactor-core-3.3.0.RELEASE.jar:/home/runner/.m2/repository/org/reactivestreams/reactive-streams/1.0.3/reactive-streams-1.0.3.jar:/home/runner/.m2/repository/org/springframework/data/spring-data-redis/2.3.2.RELEASE/spring-data-redis-2.3.2.RELEASE.jar:/home/runner/.m2/repository/org/springframework/data/spring-data-keyvalue/2.3.2.RELEASE/spring-data-keyvalue-2.3.2.RELEASE.jar:/home/runner/.m2/repository/org/springframework/data/spring-data-commons/2.3.2.RELEASE/spring-data-commons-2.3.2.RELEASE.jar:/home/runner/.m2/repository/org/springframework/spring-oxm/5.3.6/spring-oxm-5.3.6.jar:/home/runner/.m2/repository/org/springframework/spring-context-support/5.3.6/spring-context-support-5.3.6.jar:/home/runner/.m2/repository/com/lowagie/itext/2.1.7/itext-2.1.7.jar:/home/runner/.m2/repository/commons-validator/commons-validator/1.6/commons-validator-1.6.jar:/home/runner/.m2/repository/org/hisp/staxwax/1.4/staxwax-1.4.jar:/home/runner/.m2/repository/stax/stax-api/1.0.1/stax-api-1.0.1.jar:/home/runner/.m2/repository/org/htmlparser/htmlparser/2.1/htmlparser-2.1.jar:/home/runner/.m2/repository/org/htmlparser/htmllexer/2.1/htmllexer-2.1.jar:/home/runner/.m2/repository/net/sourceforge/javacsv/javacsv/2.0/javacsv-2.0.jar:/home/runner/.m2/repository/io/micrometer/micrometer-spring-legacy/1.3.5/micrometer-spring-legacy-1.3.5.jar:/home/runner/.m2/repository/io/micrometer/micrometer-core/1.3.5/micrometer-core-1.3.5.jar:/home/runner/.m2/repository/org/hdrhistogram/HdrHistogram/2.1.11/HdrHistogram-2.1.11.jar:/home/runner/.m2/repository/org/latencyutils/LatencyUtils/2.0.3/LatencyUtils-2.0.3.jar:/home/runner/.m2/repository/io/micrometer/micrometer-registry-prometheus/1.3.5/micrometer-registry-prometheus-1.3.5.jar:/home/runner/.m2/repository/io/prometheus/simpleclient_common/0.7.0/simpleclient_common-0.7.0.jar:/home/runner/.m2/repository/io/prometheus/simpleclient/0.7.0/simpleclient-0.7.0.jar:/home/runner/work/dhis2-core/dhis2-core/dhis-2/dhis-support/dhis-support-commons/target/dhis-support-commons-2.38-SNAPSHOT.jar:/home/runner/.m2/repository/org/apache/commons/commons-jexl/2.1.1/commons-jexl-2.1.1.jar:/home/runner/work/dhis2-core/dhis2-core/dhis-2/dhis-support/dhis-support-external/target/dhis-support-external-2.38-SNAPSHOT.jar:/home/runner/.m2/repository/org/springframework/security/spring-security-web/5.4.7/spring-security-web-5.4.7.jar:/home/runner/.m2/repository/org/springframework/security/spring-security-config/5.4.7/spring-security-config-5.4.7.jar:/home/runner/.m2/repository/org/springframework/security/spring-security-aspects/5.4.7/spring-security-aspects-5.4.7.jar:/home/runner/.m2/repository/org/aspectj/aspectjrt/1.9.6/aspectjrt-1.9.6.jar:/home/runner/.m2/repository/org/springframework/security/oauth/spring-security-oauth2/2.5.0.RELEASE/spring-security-oauth2-2.5.0.RELEASE.jar:/home/runner/.m2/repository/org/springframework/spring-webmvc/5.3.6/spring-webmvc-5.3.6.jar:/home/runner/.m2/repository/org/springframework/security/spring-security-oauth2-client/5.4.7/spring-security-oauth2-client-5.4.7.jar:/home/runner/.m2/repository/org/springframework/security/spring-security-oauth2-core/5.4.7/spring-security-oauth2-core-5.4.7.jar:/home/runner/.m2/repository/org/springframework/security/spring-security-oauth2-jose/5.4.7/spring-security-oauth2-jose-5.4.7.jar:/home/runner/.m2/repository/com/nimbusds/nimbus-jose-jwt/8.22/nimbus-jose-jwt-8.22.jar:/home/runner/.m2/repository/com/github/stephenc/jcip/jcip-annotations/1.0-1/jcip-annotations-1.0-1.jar:/home/runner/.m2/repository/net/minidev/json-smart/2.4.7/json-smart-2.4.7.jar:/home/runner/.m2/repository/net/minidev/accessors-smart/2.4.7/accessors-smart-2.4.7.jar:/home/runner/.m2/repository/org/springframework/security/spring-security-jwt/1.1.1.RELEASE/spring-security-jwt-1.1.1.RELEASE.jar:/home/runner/.m2/repository/org/bouncycastle/bcpkix-jdk15on/1.64/bcpkix-jdk15on-1.64.jar:/home/runner/.m2/repository/org/springframework/security/spring-security-oauth2-resource-server/5.4.7/spring-security-oauth2-resource-server-5.4.7.jar:/home/runner/.m2/repository/com/google/api-client/google-api-client/1.30.10/google-api-client-1.30.10.jar:/home/runner/.m2/repository/com/google/oauth-client/google-oauth-client/1.31.0/google-oauth-client-1.31.0.jar:/home/runner/.m2/repository/com/google/http-client/google-http-client/1.35.0/google-http-client-1.35.0.jar:/home/runner/.m2/repository/org/apache/httpcomponents/httpclient/4.5.12/httpclient-4.5.12.jar:/home/runner/.m2/repository/org/apache/httpcomponents/httpcore/4.4.13/httpcore-4.4.13.jar:/home/runner/.m2/repository/io/opencensus/opencensus-api/0.24.0/opencensus-api-0.24.0.jar:/home/runner/.m2/repository/io/grpc/grpc-context/1.22.1/grpc-context-1.22.1.jar:/home/runner/.m2/repository/io/opencensus/opencensus-contrib-http-util/0.24.0/opencensus-contrib-http-util-0.24.0.jar:/home/runner/.m2/repository/com/google/http-client/google-http-client-jackson2/1.36.0/google-http-client-jackson2-1.36.0.jar:/home/runner/work/dhis2-core/dhis2-core/dhis-2/dhis-support/dhis-support-jdbc/target/dhis-support-jdbc-2.38-SNAPSHOT.jar:/home/runner/work/dhis2-core/dhis2-core/dhis-2/dhis-support/dhis-support-artemis/target/dhis-support-artemis-2.38-SNAPSHOT.jar:/home/runner/.m2/repository/org/apache/activemq/artemis-server/2.17.0/artemis-server-2.17.0.jar:/home/runner/.m2/repository/org/jboss/logmanager/jboss-logmanager/2.1.10.Final/jboss-logmanager-2.1.10.Final.jar:/home/runner/.m2/repository/org/wildfly/common/wildfly-common/1.5.1.Final/wildfly-common-1.5.1.Final.jar:/home/runner/.m2/repository/org/apache/activemq/artemis-commons/2.17.0/artemis-commons-2.17.0.jar:/home/runner/.m2/repository/org/apache/activemq/artemis-selector/2.17.0/artemis-selector-2.17.0.jar:/home/runner/.m2/repository/org/apache/activemq/artemis-journal/2.17.0/artemis-journal-2.17.0.jar:/home/runner/.m2/repository/org/apache/activemq/artemis-jdbc-store/2.17.0/artemis-jdbc-store-2.17.0.jar:/home/runner/.m2/repository/org/apache/commons/commons-dbcp2/2.7.0/commons-dbcp2-2.7.0.jar:/home/runner/.m2/repository/org/apache/commons/commons-pool2/2.7.0/commons-pool2-2.7.0.jar:/home/runner/.m2/repository/org/apache/activemq/artemis-core-client/2.17.0/artemis-core-client-2.17.0.jar:/home/runner/.m2/repository/org/jgroups/jgroups/3.6.13.Final/jgroups-3.6.13.Final.jar:/home/runner/.m2/repository/org/apache/johnzon/johnzon-core/0.9.5/johnzon-core-0.9.5.jar:/home/runner/.m2/repository/io/netty/netty-handler-proxy/4.1.51.Final/netty-handler-proxy-4.1.51.Final.jar:/home/runner/.m2/repository/org/jctools/jctools-core/2.1.2/jctools-core-2.1.2.jar:/home/runner/.m2/repository/org/apache/commons/commons-configuration2/2.7/commons-configuration2-2.7.jar:/home/runner/.m2/repository/org/apache/geronimo/specs/geronimo-json_1.0_spec/1.0-alpha-1/geronimo-json_1.0_spec-1.0-alpha-1.jar:/home/runner/.m2/repository/org/apache/activemq/activemq-artemis-native/1.0.2/activemq-artemis-native-1.0.2.jar:/home/runner/.m2/repository/org/apache/geronimo/specs/geronimo-jms_2.0_spec/1.0-alpha-2/geronimo-jms_2.0_spec-1.0-alpha-2.jar:/home/runner/.m2/repository/org/apache/activemq/artemis-jms-client/2.17.0/artemis-jms-client-2.17.0.jar:/home/runner/.m2/repository/io/netty/netty-all/4.1.59.Final/netty-all-4.1.59.Final.jar:/home/runner/work/dhis2-core/dhis2-core/dhis-2/dhis-support/dhis-support-cache-invalidation/target/dhis-support-cache-invalidation-2.38-SNAPSHOT.jar:/home/runner/.m2/repository/io/debezium/debezium-api/1.5.2.Final/debezium-api-1.5.2.Final.jar:/home/runner/.m2/repository/io/debezium/debezium-embedded/1.5.2.Final/debezium-embedded-1.5.2.Final.jar:/home/runner/.m2/repository/io/debezium/debezium-core/1.5.2.Final/debezium-core-1.5.2.Final.jar:/home/runner/.m2/repository/org/apache/kafka/connect-api/2.7.0/connect-api-2.7.0.jar:/home/runner/.m2/repository/org/apache/kafka/kafka-clients/2.7.0/kafka-clients-2.7.0.jar:/home/runner/.m2/repository/com/github/luben/zstd-jni/1.4.5-6/zstd-jni-1.4.5-6.jar:/home/runner/.m2/repository/org/lz4/lz4-java/1.7.1/lz4-java-1.7.1.jar:/home/runner/.m2/repository/org/xerial/snappy/snappy-java/1.1.7.7/snappy-java-1.1.7.7.jar:/home/runner/.m2/repository/org/apache/kafka/connect-runtime/2.7.0/connect-runtime-2.7.0.jar:/home/runner/.m2/repository/org/apache/kafka/kafka-tools/2.7.0/kafka-tools-2.7.0.jar:/home/runner/.m2/repository/org/apache/kafka/kafka-log4j-appender/2.7.0/kafka-log4j-appender-2.7.0.jar:/home/runner/.m2/repository/net/sourceforge/argparse4j/argparse4j/0.7.0/argparse4j-0.7.0.jar:/home/runner/.m2/repository/org/apache/kafka/connect-transforms/2.7.0/connect-transforms-2.7.0.jar:/home/runner/.m2/repository/com/fasterxml/jackson/jaxrs/jackson-jaxrs-json-provider/2.10.5/jackson-jaxrs-json-provider-2.10.5.jar:/home/runner/.m2/repository/com/fasterxml/jackson/jaxrs/jackson-jaxrs-base/2.10.5/jackson-jaxrs-base-2.10.5.jar:/home/runner/.m2/repository/org/glassfish/jersey/containers/jersey-container-servlet/2.31/jersey-container-servlet-2.31.jar:/home/runner/.m2/repository/org/glassfish/jersey/containers/jersey-container-servlet-core/2.31/jersey-container-servlet-core-2.31.jar:/home/runner/.m2/repository/org/glassfish/hk2/external/jakarta.inject/2.6.1/jakarta.inject-2.6.1.jar:/home/runner/.m2/repository/org/glassfish/jersey/core/jersey-common/2.31/jersey-common-2.31.jar:/home/runner/.m2/repository/org/glassfish/hk2/osgi-resource-locator/1.0.3/osgi-resource-locator-1.0.3.jar:/home/runner/.m2/repository/com/sun/activation/jakarta.activation/1.2.2/jakarta.activation-1.2.2.jar:/home/runner/.m2/repository/org/glassfish/jersey/core/jersey-server/2.31/jersey-server-2.31.jar:/home/runner/.m2/repository/org/glassfish/jersey/core/jersey-client/2.31/jersey-client-2.31.jar:/home/runner/.m2/repository/org/glassfish/jersey/media/jersey-media-jaxb/2.31/jersey-media-jaxb-2.31.jar:/home/runner/.m2/repository/jakarta/ws/rs/jakarta.ws.rs-api/2.1.6/jakarta.ws.rs-api-2.1.6.jar:/home/runner/.m2/repository/org/glassfish/jersey/inject/jersey-hk2/2.31/jersey-hk2-2.31.jar:/home/runner/.m2/repository/org/glassfish/hk2/hk2-locator/2.6.1/hk2-locator-2.6.1.jar:/home/runner/.m2/repository/org/glassfish/hk2/external/aopalliance-repackaged/2.6.1/aopalliance-repackaged-2.6.1.jar:/home/runner/.m2/repository/org/glassfish/hk2/hk2-api/2.6.1/hk2-api-2.6.1.jar:/home/runner/.m2/repository/org/glassfish/hk2/hk2-utils/2.6.1/hk2-utils-2.6.1.jar:/home/runner/.m2/repository/org/javassist/javassist/3.27.0-GA/javassist-3.27.0-GA.jar:/home/runner/.m2/repository/org/eclipse/jetty/jetty-server/9.4.41.v20210516/jetty-server-9.4.41.v20210516.jar:/home/runner/.m2/repository/org/eclipse/jetty/jetty-http/9.4.41.v20210516/jetty-http-9.4.41.v20210516.jar:/home/runner/.m2/repository/org/eclipse/jetty/jetty-io/9.4.41.v20210516/jetty-io-9.4.41.v20210516.jar:/home/runner/.m2/repository/org/eclipse/jetty/jetty-servlet/9.4.41.v20210516/jetty-servlet-9.4.41.v20210516.jar:/home/runner/.m2/repository/org/eclipse/jetty/jetty-security/9.4.41.v20210516/jetty-security-9.4.41.v20210516.jar:/home/runner/.m2/repository/org/eclipse/jetty/jetty-util-ajax/9.4.41.v20210516/jetty-util-ajax-9.4.41.v20210516.jar:/home/runner/.m2/repository/org/eclipse/jetty/jetty-servlets/9.4.33.v20201020/jetty-servlets-9.4.33.v20201020.jar:/home/runner/.m2/repository/org/eclipse/jetty/jetty-continuation/9.4.33.v20201020/jetty-continuation-9.4.33.v20201020.jar:/home/runner/.m2/repository/org/eclipse/jetty/jetty-util/9.4.41.v20210516/jetty-util-9.4.41.v20210516.jar:/home/runner/.m2/repository/org/eclipse/jetty/jetty-client/9.4.33.v20201020/jetty-client-9.4.33.v20201020.jar:/home/runner/.m2/repository/org/reflections/reflections/0.9.12/reflections-0.9.12.jar:/home/runner/.m2/repository/org/apache/maven/maven-artifact/3.6.3/maven-artifact-3.6.3.jar:/home/runner/.m2/repository/org/codehaus/plexus/plexus-utils/3.2.1/plexus-utils-3.2.1.jar:/home/runner/.m2/repository/org/apache/kafka/connect-json/2.7.0/connect-json-2.7.0.jar:/home/runner/.m2/repository/org/apache/kafka/connect-file/2.7.0/connect-file-2.7.0.jar:/home/runner/.m2/repository/io/debezium/debezium-connector-postgres/1.5.2.Final/debezium-connector-postgres-1.5.2.Final.jar:/home/runner/.m2/repository/com/google/protobuf/protobuf-java/3.8.0/protobuf-java-3.8.0.jar:/home/runner/.m2/repository/org/apache/commons/commons-email/1.5/commons-email-1.5.jar:/home/runner/.m2/repository/com/sun/mail/javax.mail/1.5.6/javax.mail-1.5.6.jar:/home/runner/.m2/repository/javax/activation/activation/1.1/activation-1.1.jar:/home/runner/.m2/repository/org/apache/ant/ant-compress/1.5/ant-compress-1.5.jar:/home/runner/.m2/repository/org/apache/ant/ant/1.10.12/ant-1.10.12.jar:/home/runner/.m2/repository/org/apache/ant/ant-launcher/1.10.12/ant-launcher-1.10.12.jar:/home/runner/.m2/repository/org/tukaani/xz/1.6/xz-1.6.jar:/home/runner/.m2/repository/org/brotli/dec/0.1.2/dec-0.1.2.jar:/home/runner/.m2/repository/org/apache/poi/poi/4.1.1/poi-4.1.1.jar:/home/runner/.m2/repository/org/apache/poi/poi-ooxml/4.1.1/poi-ooxml-4.1.1.jar:/home/runner/.m2/repository/org/apache/poi/poi-ooxml-schemas/4.1.1/poi-ooxml-schemas-4.1.1.jar:/home/runner/.m2/repository/org/apache/xmlbeans/xmlbeans/3.1.0/xmlbeans-3.1.0.jar:/home/runner/.m2/repository/org/apache/commons/commons-compress/1.19/commons-compress-1.19.jar:/home/runner/.m2/repository/com/github/virtuald/curvesapi/1.06/curvesapi-1.06.jar:/home/runner/.m2/repository/org/springframework/security/spring-security-ldap/5.4.7/spring-security-ldap-5.4.7.jar:/home/runner/.m2/repository/org/springframework/ldap/spring-ldap-core/2.3.4.RELEASE/spring-ldap-core-2.3.4.RELEASE.jar:/home/runner/.m2/repository/org/hisp/quick/1.4.0/quick-1.4.0.jar:/home/runner/.m2/repository/commons-logging/commons-logging/1.2/commons-logging-1.2.jar:/home/runner/.m2/repository/org/hsqldb/hsqldb/2.3.2/hsqldb-2.3.2.jar:/home/runner/.m2/repository/javax/interceptor/javax.interceptor-api/1.2.1/javax.interceptor-api-1.2.1.jar:/home/runner/.m2/repository/org/jsoup/jsoup/1.14.2/jsoup-1.14.2.jar:/home/runner/.m2/repository/org/apache/jclouds/jclouds-core/2.2.0/jclouds-core-2.2.0.jar:/home/runner/.m2/repository/javax/ws/rs/javax.ws.rs-api/2.0.1/javax.ws.rs-api-2.0.1.jar:/home/runner/.m2/repository/com/google/inject/extensions/guice-assistedinject/3.0/guice-assistedinject-3.0.jar:/home/runner/.m2/repository/com/google/inject/guice/3.0/guice-3.0.jar:/home/runner/.m2/repository/aopalliance/aopalliance/1.0/aopalliance-1.0.jar:/home/runner/.m2/repository/javax/inject/javax.inject/1/javax.inject-1.jar:/home/runner/.m2/repository/javax/annotation/jsr250-api/1.0/jsr250-api-1.0.jar:/home/runner/.m2/repository/org/apache/jclouds/jclouds-blobstore/2.2.0/jclouds-blobstore-2.2.0.jar:/home/runner/.m2/repository/org/apache/jclouds/api/filesystem/2.2.0/filesystem-2.2.0.jar:/home/runner/.m2/repository/org/apache/jclouds/provider/aws-s3/2.2.0/aws-s3-2.2.0.jar:/home/runner/.m2/repository/org/apache/jclouds/api/s3/2.2.0/s3-2.2.0.jar:/home/runner/.m2/repository/com/jamesmurty/utils/java-xmlbuilder/1.1/java-xmlbuilder-1.1.jar:/home/runner/.m2/repository/net/iharder/base64/2.3.8/base64-2.3.8.jar:/home/runner/.m2/repository/org/apache/jclouds/api/sts/2.2.0/sts-2.2.0.jar:/home/runner/.m2/repository/org/imgscalr/imgscalr-lib/4.2/imgscalr-lib-4.2.jar:/home/runner/.m2/repository/org/apache/velocity/velocity/1.7/velocity-1.7.jar:/home/runner/.m2/repository/commons-collections/commons-collections/3.2.2/commons-collections-3.2.2.jar:/home/runner/.m2/repository/com/github/dhis2/sms-compression/0.2.1.1/sms-compression-0.2.1.1.jar:/home/runner/.m2/repository/javax/servlet/javax.servlet-api/3.1.0/javax.servlet-api-3.1.0.jar:/home/runner/work/dhis2-core/dhis2-core/dhis-2/dhis-services/dhis-service-validation/target/dhis-service-validation-2.38-SNAPSHOT.jar:/home/runner/work/dhis2-core/dhis2-core/dhis-2/dhis-services/dhis-service-program-rule/target/dhis-service-program-rule-2.38-SNAPSHOT.jar:/home/runner/.m2/repository/org/hamcrest/hamcrest-core/1.3/hamcrest-core-1.3.jar:/home/runner/.m2/repository/org/hamcrest/hamcrest-library/1.3/hamcrest-library-1.3.jar:/home/runner/.m2/repository/org/mockito/mockito-core/3.4.6/mockito-core-3.4.6.jar:/home/runner/.m2/repository/net/bytebuddy/byte-buddy/1.10.17/byte-buddy-1.10.17.jar:/home/runner/.m2/repository/net/bytebuddy/byte-buddy-agent/1.10.13/byte-buddy-agent-1.10.13.jar:/home/runner/.m2/repository/org/objenesis/objenesis/3.1/objenesis-3.1.jar:/home/runner/.m2/repository/org/awaitility/awaitility/4.0.2/awaitility-4.0.2.jar:/home/runner/.m2/repository/org/hamcrest/hamcrest/2.1/hamcrest-2.1.jar:/home/runner/.m2/repository/org/apache/commons/commons-math3/3.6.1/commons-math3-3.6.1.jar:/home/runner/.m2/repository/org/projectlombok/lombok/1.18.20/lombok-1.18.20.jar:/home/runner/work/dhis2-core/dhis2-core/dhis-2/dhis-support/dhis-support-test/target/dhis-support-test-2.38-SNAPSHOT.jar:/home/runner/work/dhis2-core/dhis2-core/dhis-2/dhis-support/dhis-support-test-json/target/dhis-support-test-json-2.38-SNAPSHOT.jar:/home/runner/.m2/repository/org/springframework/spring-orm/5.3.6/spring-orm-5.3.6.jar:/home/runner/.m2/repository/org/springframework/spring-tx/5.3.6/spring-tx-5.3.6.jar:/home/runner/.m2/repository/org/springframework/spring-test/5.3.6/spring-test-5.3.6.jar:/home/runner/.m2/repository/junit/junit/4.13.1/junit-4.13.1.jar:/home/runner/.m2/repository/org/testcontainers/testcontainers/1.15.1/testcontainers-1.15.1.jar:/home/runner/.m2/repository/org/rnorth/duct-tape/duct-tape/1.0.8/duct-tape-1.0.8.jar:/home/runner/.m2/repository/org/rnorth/visible-assertions/visible-assertions/2.1.2/visible-assertions-2.1.2.jar:/home/runner/.m2/repository/net/java/dev/jna/jna/5.2.0/jna-5.2.0.jar:/home/runner/.m2/repository/com/github/docker-java/docker-java-api/3.2.7/docker-java-api-3.2.7.jar:/home/runner/.m2/repository/com/github/docker-java/docker-java-transport-zerodep/3.2.7/docker-java-transport-zerodep-3.2.7.jar:/home/runner/.m2/repository/com/github/docker-java/docker-java-transport/3.2.7/docker-java-transport-3.2.7.jar:/home/runner/.m2/repository/org/testcontainers/postgresql/1.15.1/postgresql-1.15.1.jar:/home/runner/.m2/repository/org/testcontainers/jdbc/1.15.1/jdbc-1.15.1.jar:/home/runner/.m2/repository/org/testcontainers/database-commons/1.15.1/database-commons-1.15.1.jar:/home/runner/.m2/repository/io/github/benas/random-beans/3.7.0/random-beans-3.7.0.jar:/home/runner/.m2/repository/io/github/lukehutch/fast-classpath-scanner/2.2.1/fast-classpath-scanner-2.2.1.jar:/home/runner/.m2/repository/com/google/code/gson/gson/2.8.2/gson-2.8.2.jar:"/>
    <property name="sun.cpu.endian" value="little"/>
    <property name="user.home" value="/home/runner"/>
    <property name="user.language" value="en"/>
    <property name="java.specification.vendor" value="Oracle Corporation"/>
    <property name="java.version.date" value="2021-10-19"/>
    <property name="java.home" value="/opt/hostedtoolcache/Java_Zulu_jdk/11.0.13-8/x64"/>
    <property name="org.testcontainers.shaded.io.netty.packagePrefix" value="org.testcontainers.shaded."/>
    <property name="file.separator" value="/"/>
    <property name="basedir" value="/home/runner/work/dhis2-core/dhis2-core/dhis-2/dhis-services/dhis-service-administration"/>
    <property name="java.vm.compressedOopsMode" value="32-bit"/>
    <property name="line.separator" value="&#10;"/>
    <property name="java.specification.name" value="Java Platform API Specification"/>
    <property name="java.vm.specification.vendor" value="Oracle Corporation"/>
    <property name="jdk.vendor.version" value="Zulu11.52+13-CA"/>
    <property name="maven.wagon.http.retryHandler.class" value="standard"/>
    <property name="java.awt.graphicsenv" value="sun.awt.X11GraphicsEnvironment"/>
    <property name="surefire.real.class.path" value="/home/runner/work/dhis2-core/dhis2-core/dhis-2/dhis-services/dhis-service-administration/target/surefire/surefirebooter9103790005330293396.jar"/>
    <property name="sun.management.compiler" value="HotSpot 64-Bit Tiered Compilers"/>
    <property name="java.runtime.version" value="11.0.13+8-LTS"/>
    <property name="user.name" value="runner"/>
    <property name="path.separator" value=":"/>
    <property name="os.version" value="5.8.0-1042-azure"/>
    <property name="java.runtime.name" value="OpenJDK Runtime Environment"/>
    <property name="file.encoding" value="UTF-8"/>
    <property name="jnidispatch.path" value="/home/runner/.cache/JNA/temp/jna10094194367476253758.tmp"/>
    <property name="java.vm.name" value="OpenJDK 64-Bit Server VM"/>
    <property name="jna.platform.library.path" value="/usr/lib/x86_64-linux-gnu:/lib/x86_64-linux-gnu:/usr/lib64:/lib64:/usr/lib:/lib:/lib32:/usr/lib/x86_64-linux-gnu/libfakeroot"/>
    <property name="java.vendor.version" value="Zulu11.52+13-CA"/>
    <property name="localRepository" value="/home/runner/.m2/repository"/>
    <property name="jna.loaded" value="true"/>
    <property name="http.maxConnections" value="20"/>
    <property name="java.vendor.url.bug" value="http://www.azul.com/support/"/>
    <property name="maven.wagon.httpconnectionManager.ttlSeconds" value="125"/>
    <property name="java.io.tmpdir" value="/tmp"/>
    <property name="java.version" value="11.0.13"/>
    <property name="user.dir" value="/home/runner/work/dhis2-core/dhis2-core/dhis-2/dhis-services/dhis-service-administration"/>
    <property name="os.arch" value="amd64"/>
    <property name="java.vm.specification.name" value="Java Virtual Machine Specification"/>
    <property name="java.awt.printerjob" value="sun.print.PSPrinterJob"/>
    <property name="sun.os.patch.level" value="unknown"/>
    <property name="java.util.logging.manager" value="org.jboss.logmanager.LogManager"/>
    <property name="java.library.path" value="/usr/java/packages/lib:/usr/lib64:/lib64:/lib:/usr/lib"/>
    <property name="java.vm.info" value="mixed mode"/>
    <property name="java.vendor" value="Azul Systems, Inc."/>
    <property name="java.vm.version" value="11.0.13+8-LTS"/>
    <property name="sun.io.unicode.encoding" value="UnicodeLittle"/>
    <property name="java.class.version" value="55.0"/>
  </properties>
  <testcase name="" classname="org.hisp.dhis.maintenance.HardDeleteAuditTest" time="0">
    <skipped/>
  </testcase>
</testsuite>