<?xml version="1.0" encoding="UTF-8"?>
<testsuite xmlns:xsi="http://www.w3.org/2001/XMLSchema-instance" xsi:noNamespaceSchemaLocation="https://maven.apache.org/surefire/maven-surefire-plugin/xsd/surefire-test-report-3.0.xsd" version="3.0" name="org.hisp.dhis.analytics.data.AnalyticsServiceTest" time="171.217" tests="4" errors="0" skipped="0" failures="0">
  <properties>
    <property name="awt.toolkit" value="sun.awt.X11.XToolkit"/>
    <property name="java.specification.version" value="11"/>
    <property name="http.keepAlive" value="false"/>
    <property name="sun.cpu.isalist" value=""/>
    <property name="sun.jnu.encoding" value="UTF-8"/>
    <property name="java.class.path" value="/home/runner/work/dhis2-core/dhis2-core/dhis-2/dhis-services/dhis-service-analytics/target/test-classes:/home/runner/work/dhis2-core/dhis2-core/dhis-2/dhis-services/dhis-service-analytics/target/classes:/home/runner/work/dhis2-core/dhis2-core/dhis-2/dhis-api/target/dhis-api-2.38-SNAPSHOT.jar:/home/runner/.m2/repository/commons-io/commons-io/2.7/commons-io-2.7.jar:/home/runner/.m2/repository/org/apache/commons/commons-collections4/4.4/commons-collections4-4.4.jar:/home/runner/.m2/repository/org/jfree/jfreechart/1.5.0/jfreechart-1.5.0.jar:/home/runner/.m2/repository/net/sf/jasperreports/jasperreports/6.3.1/jasperreports-6.3.1.jar:/home/runner/.m2/repository/commons-beanutils/commons-beanutils/1.9.4/commons-beanutils-1.9.4.jar:/home/runner/.m2/repository/commons-digester/commons-digester/2.1/commons-digester-2.1.jar:/home/runner/.m2/repository/org/jfree/jcommon/1.0.23/jcommon-1.0.23.jar:/home/runner/.m2/repository/org/eclipse/jdt/core/compiler/ecj/4.3.1/ecj-4.3.1.jar:/home/runner/.m2/repository/org/codehaus/castor/castor-xml/1.3.3/castor-xml-1.3.3.jar:/home/runner/.m2/repository/org/codehaus/castor/castor-core/1.3.3/castor-core-1.3.3.jar:/home/runner/.m2/repository/stax/stax/1.2.0/stax-1.2.0.jar:/home/runner/.m2/repository/org/apache/lucene/lucene-core/4.5.1/lucene-core-4.5.1.jar:/home/runner/.m2/repository/org/apache/lucene/lucene-analyzers-common/4.5.1/lucene-analyzers-common-4.5.1.jar:/home/runner/.m2/repository/org/apache/lucene/lucene-queryparser/4.5.1/lucene-queryparser-4.5.1.jar:/home/runner/.m2/repository/org/apache/lucene/lucene-queries/4.5.1/lucene-queries-4.5.1.jar:/home/runner/.m2/repository/org/apache/lucene/lucene-sandbox/4.5.1/lucene-sandbox-4.5.1.jar:/home/runner/.m2/repository/jakarta-regexp/jakarta-regexp/1.4/jakarta-regexp-1.4.jar:/home/runner/.m2/repository/com/google/zxing/core/3.2.1/core-3.2.1.jar:/home/runner/.m2/repository/com/ibm/icu/icu4j/57.1/icu4j-57.1.jar:/home/runner/.m2/repository/net/sf/jasperreports/jasperreports-fonts/4.0.0/jasperreports-fonts-4.0.0.jar:/home/runner/.m2/repository/com/fasterxml/jackson/core/jackson-core/2.12.1/jackson-core-2.12.1.jar:/home/runner/.m2/repository/com/fasterxml/jackson/core/jackson-annotations/2.12.1/jackson-annotations-2.12.1.jar:/home/runner/.m2/repository/com/fasterxml/jackson/dataformat/jackson-dataformat-xml/2.12.1/jackson-dataformat-xml-2.12.1.jar:/home/runner/.m2/repository/com/fasterxml/jackson/module/jackson-module-jaxb-annotations/2.12.1/jackson-module-jaxb-annotations-2.12.1.jar:/home/runner/.m2/repository/jakarta/activation/jakarta.activation-api/1.2.1/jakarta.activation-api-1.2.1.jar:/home/runner/.m2/repository/org/codehaus/woodstox/stax2-api/4.2.1/stax2-api-4.2.1.jar:/home/runner/.m2/repository/com/fasterxml/woodstox/woodstox-core/6.2.3/woodstox-core-6.2.3.jar:/home/runner/.m2/repository/com/fasterxml/jackson/dataformat/jackson-dataformat-csv/2.12.1/jackson-dataformat-csv-2.12.1.jar:/home/runner/.m2/repository/com/fasterxml/jackson/datatype/jackson-datatype-jdk8/2.12.1/jackson-datatype-jdk8-2.12.1.jar:/home/runner/.m2/repository/com/fasterxml/jackson/datatype/jackson-datatype-hibernate5/2.11.2/jackson-datatype-hibernate5-2.11.2.jar:/home/runner/.m2/repository/javax/transaction/javax.transaction-api/1.3/javax.transaction-api-1.3.jar:/home/runner/.m2/repository/com/fasterxml/jackson/datatype/jackson-datatype-jsr310/2.12.1/jackson-datatype-jsr310-2.12.1.jar:/home/runner/.m2/repository/org/springframework/spring-jdbc/5.3.6/spring-jdbc-5.3.6.jar:/home/runner/.m2/repository/org/springframework/spring-core/5.3.6/spring-core-5.3.6.jar:/home/runner/.m2/repository/org/springframework/spring-jcl/5.3.6/spring-jcl-5.3.6.jar:/home/runner/.m2/repository/org/springframework/spring-context/5.3.6/spring-context-5.3.6.jar:/home/runner/.m2/repository/org/springframework/spring-aop/5.3.6/spring-aop-5.3.6.jar:/home/runner/.m2/repository/org/springframework/spring-expression/5.3.6/spring-expression-5.3.6.jar:/home/runner/.m2/repository/org/cache2k/cache2k-api/1.6.0.Final/cache2k-api-1.6.0.Final.jar:/home/runner/.m2/repository/org/cache2k/cache2k-core/1.6.0.Final/cache2k-core-1.6.0.Final.jar:/home/runner/.m2/repository/joda-time/joda-time/2.10.5/joda-time-2.10.5.jar:/home/runner/.m2/repository/org/hibernate/validator/hibernate-validator/6.2.0.Final/hibernate-validator-6.2.0.Final.jar:/home/runner/.m2/repository/jakarta/validation/jakarta.validation-api/2.0.2/jakarta.validation-api-2.0.2.jar:/home/runner/.m2/repository/org/jboss/logging/jboss-logging/3.4.1.Final/jboss-logging-3.4.1.Final.jar:/home/runner/.m2/repository/javax/validation/validation-api/2.0.1.Final/validation-api-2.0.1.Final.jar:/home/runner/.m2/repository/com/fasterxml/classmate/1.3.2/classmate-1.3.2.jar:/home/runner/.m2/repository/org/hibernate/hibernate-spatial/5.4.28.Final/hibernate-spatial-5.4.28.Final.jar:/home/runner/.m2/repository/org/geolatte/geolatte-geom/1.6.1/geolatte-geom-1.6.1.jar:/home/runner/.m2/repository/org/postgresql/postgresql/42.2.19/postgresql-42.2.19.jar:/home/runner/.m2/repository/org/dom4j/dom4j/2.1.3/dom4j-2.1.3.jar:/home/runner/.m2/repository/com/graphhopper/external/jackson-datatype-jts/1.0-2.7/jackson-datatype-jts-1.0-2.7.jar:/home/runner/.m2/repository/org/locationtech/jts/jts-core/1.16.0/jts-core-1.16.0.jar:/home/runner/.m2/repository/org/geotools/gt-opengis/24.0/gt-opengis-24.0.jar:/home/runner/.m2/repository/commons-pool/commons-pool/1.5.4/commons-pool-1.5.4.jar:/home/runner/.m2/repository/systems/uom/systems-common/2.0.1/systems-common-2.0.1.jar:/home/runner/.m2/repository/javax/measure/unit-api/2.0/unit-api-2.0.jar:/home/runner/.m2/repository/tech/units/indriya/2.0.2/indriya-2.0.2.jar:/home/runner/.m2/repository/tech/uom/lib/uom-lib-common/2.0/uom-lib-common-2.0.jar:/home/runner/.m2/repository/si/uom/si-quantity/2.0.1/si-quantity-2.0.1.jar:/home/runner/.m2/repository/si/uom/si-units/2.0.1/si-units-2.0.1.jar:/home/runner/.m2/repository/javax/media/jai_core/1.1.3/jai_core-1.1.3.jar:/home/runner/.m2/repository/org/jsmpp/jsmpp/2.3.7/jsmpp-2.3.7.jar:/home/runner/.m2/repository/org/apache/logging/log4j/log4j-api/2.14.1/log4j-api-2.14.1.jar:/home/runner/.m2/repository/org/apache/logging/log4j/log4j-core/2.14.1/log4j-core-2.14.1.jar:/home/runner/.m2/repository/org/apache/logging/log4j/log4j-slf4j-impl/2.14.1/log4j-slf4j-impl-2.14.1.jar:/home/runner/.m2/repository/org/slf4j/slf4j-api/1.7.32/slf4j-api-1.7.32.jar:/home/runner/.m2/repository/org/hisp/dhis/rules/rule-engine/2.0.27/rule-engine-2.0.27.jar:/home/runner/.m2/repository/nl/jqno/equalsverifier/equalsverifier/2.1.6/equalsverifier-2.1.6.jar:/home/runner/.m2/repository/org/slf4j/slf4j-simple/1.7.30/slf4j-simple-1.7.30.jar:/home/runner/.m2/repository/com/cronutils/cron-utils/9.1.3/cron-utils-9.1.3.jar:/home/runner/.m2/repository/org/glassfish/javax.el/3.0.0/javax.el-3.0.0.jar:/home/runner/.m2/repository/org/jboss/aerogear/aerogear-otp-java/1.0.0.CR1/aerogear-otp-java-1.0.0.CR1.jar:/home/runner/.m2/repository/org/springframework/security/spring-security-core/5.4.7/spring-security-core-5.4.7.jar:/home/runner/.m2/repository/commons-codec/commons-codec/1.14/commons-codec-1.14.jar:/home/runner/.m2/repository/org/locationtech/jts/io/jts-io-common/1.16.0/jts-io-common-1.16.0.jar:/home/runner/.m2/repository/com/googlecode/json-simple/json-simple/1.1.1/json-simple-1.1.1.jar:/home/runner/.m2/repository/org/geotools/gt-geojson/24.0/gt-geojson-24.0.jar:/home/runner/.m2/repository/org/geotools/gt-main/24.0/gt-main-24.0.jar:/home/runner/.m2/repository/javax/annotation/javax.annotation-api/1.3.2/javax.annotation-api-1.3.2.jar:/home/runner/.m2/repository/javax/xml/bind/jaxb-api/2.4.0-b180830.0359/jaxb-api-2.4.0-b180830.0359.jar:/home/runner/.m2/repository/com/sun/xml/bind/jaxb-impl/2.4.0-b180830.0438/jaxb-impl-2.4.0-b180830.0438.jar:/home/runner/.m2/repository/jakarta/xml/ws/jakarta.xml.ws-api/2.3.3/jakarta.xml.ws-api-2.3.3.jar:/home/runner/.m2/repository/jakarta/xml/bind/jakarta.xml.bind-api/2.3.3/jakarta.xml.bind-api-2.3.3.jar:/home/runner/.m2/repository/jakarta/xml/soap/jakarta.xml.soap-api/1.4.2/jakarta.xml.soap-api-1.4.2.jar:/home/runner/.m2/repository/jakarta/jws/jakarta.jws-api/2.1.0/jakarta.jws-api-2.1.0.jar:/home/runner/.m2/repository/jakarta/annotation/jakarta.annotation-api/1.3.4/jakarta.annotation-api-1.3.4.jar:/home/runner/.m2/repository/com/sun/xml/ws/jaxws-tools/2.3.2/jaxws-tools-2.3.2.jar:/home/runner/.m2/repository/com/sun/xml/bind/jaxb-xjc/2.3.2/jaxb-xjc-2.3.2.jar:/home/runner/.m2/repository/com/sun/xml/bind/jaxb-jxc/2.3.2/jaxb-jxc-2.3.2.jar:/home/runner/.m2/repository/com/sun/xml/ws/jaxws-eclipselink-plugin/2.3.2/jaxws-eclipselink-plugin-2.3.2.jar:/home/runner/.m2/repository/org/eclipse/persistence/org.eclipse.persistence.moxy/2.7.4/org.eclipse.persistence.moxy-2.7.4.jar:/home/runner/.m2/repository/org/eclipse/persistence/org.eclipse.persistence.core/2.7.4/org.eclipse.persistence.core-2.7.4.jar:/home/runner/.m2/repository/org/eclipse/persistence/org.eclipse.persistence.asm/2.7.4/org.eclipse.persistence.asm-2.7.4.jar:/home/runner/.m2/repository/org/jvnet/staxex/stax-ex/1.8.1/stax-ex-1.8.1.jar:/home/runner/.m2/repository/com/sun/xml/ws/sdo-eclipselink-plugin/2.3.2/sdo-eclipselink-plugin-2.3.2.jar:/home/runner/.m2/repository/org/eclipse/persistence/org.eclipse.persistence.sdo/2.7.4/org.eclipse.persistence.sdo-2.7.4.jar:/home/runner/.m2/repository/org/eclipse/persistence/commonj.sdo/2.1.1/commonj.sdo-2.1.1.jar:/home/runner/.m2/repository/org/hibernate/hibernate-core/5.4.28.Final/hibernate-core-5.4.28.Final.jar:/home/runner/.m2/repository/javax/persistence/javax.persistence-api/2.2/javax.persistence-api-2.2.jar:/home/runner/.m2/repository/antlr/antlr/2.7.7/antlr-2.7.7.jar:/home/runner/.m2/repository/org/jboss/spec/javax/transaction/jboss-transaction-api_1.2_spec/1.1.1.Final/jboss-transaction-api_1.2_spec-1.1.1.Final.jar:/home/runner/.m2/repository/org/jboss/jandex/2.2.3.Final/jandex-2.2.3.Final.jar:/home/runner/.m2/repository/javax/activation/javax.activation-api/1.2.0/javax.activation-api-1.2.0.jar:/home/runner/.m2/repository/org/hibernate/common/hibernate-commons-annotations/5.1.2.Final/hibernate-commons-annotations-5.1.2.Final.jar:/home/runner/.m2/repository/org/glassfish/jaxb/jaxb-runtime/2.3.1/jaxb-runtime-2.3.1.jar:/home/runner/.m2/repository/org/glassfish/jaxb/txw2/2.3.1/txw2-2.3.1.jar:/home/runner/.m2/repository/com/sun/xml/fastinfoset/FastInfoset/1.2.15/FastInfoset-1.2.15.jar:/home/runner/work/dhis2-core/dhis2-core/dhis-2/dhis-services/dhis-service-core/target/dhis-service-core-2.38-SNAPSHOT.jar:/home/runner/work/dhis2-core/dhis2-core/dhis-2/dhis-services/dhis-service-schema/target/dhis-service-schema-2.38-SNAPSHOT.jar:/home/runner/.m2/repository/org/springframework/spring-jms/5.3.6/spring-jms-5.3.6.jar:/home/runner/.m2/repository/org/springframework/spring-messaging/5.3.6/spring-messaging-5.3.6.jar:/home/runner/work/dhis2-core/dhis2-core/dhis-2/dhis-services/dhis-service-setting/target/dhis-service-setting-2.38-SNAPSHOT.jar:/home/runner/work/dhis2-core/dhis2-core/dhis-2/dhis-services/dhis-service-node/target/dhis-service-node-2.38-SNAPSHOT.jar:/home/runner/work/dhis2-core/dhis2-core/dhis-2/dhis-services/dhis-service-acl/target/dhis-service-acl-2.38-SNAPSHOT.jar:/home/runner/work/dhis2-core/dhis2-core/dhis-2/dhis-services/dhis-service-audit-consumer/target/dhis-service-audit-consumer-2.38-SNAPSHOT.jar:/home/runner/work/dhis2-core/dhis2-core/dhis-2/dhis-support/dhis-support-audit/target/dhis-support-audit-2.38-SNAPSHOT.jar:/home/runner/work/dhis2-core/dhis2-core/dhis-2/dhis-support/dhis-support-hibernate/target/dhis-support-hibernate-2.38-SNAPSHOT.jar:/home/runner/work/dhis2-core/dhis2-core/dhis-2/dhis-support/dhis-support-db-migration/target/dhis-support-db-migration-2.38-SNAPSHOT.jar:/home/runner/.m2/repository/org/flywaydb/flyway-core/7.0.4/flyway-core-7.0.4.jar:/home/runner/.m2/repository/org/hibernate/hibernate-ehcache/5.4.28.Final/hibernate-ehcache-5.4.28.Final.jar:/home/runner/.m2/repository/net/sf/ehcache/ehcache/2.10.6/ehcache-2.10.6.jar:/home/runner/.m2/repository/com/vladmihalcea/hibernate-types-52/2.10.4/hibernate-types-52-2.10.4.jar:/home/runner/.m2/repository/com/mchange/c3p0/0.9.5.5/c3p0-0.9.5.5.jar:/home/runner/.m2/repository/com/mchange/mchange-commons-java/0.2.19/mchange-commons-java-0.2.19.jar:/home/runner/.m2/repository/com/zaxxer/HikariCP/3.4.5/HikariCP-3.4.5.jar:/home/runner/.m2/repository/cglib/cglib/3.2.4/cglib-3.2.4.jar:/home/runner/.m2/repository/org/ow2/asm/asm/6.0_ALPHA/asm-6.0_ALPHA.jar:/home/runner/.m2/repository/org/jasypt/jasypt/1.9.3/jasypt-1.9.3.jar:/home/runner/.m2/repository/com/h2database/h2/1.4.200/h2-1.4.200.jar:/home/runner/.m2/repository/net/ttddyy/datasource-proxy/1.7/datasource-proxy-1.7.jar:/home/runner/.m2/repository/com/sun/istack/istack-commons-runtime/3.0.8/istack-commons-runtime-3.0.8.jar:/home/runner/.m2/repository/org/bouncycastle/bcprov-jdk15on/1.68/bcprov-jdk15on-1.68.jar:/home/runner/work/dhis2-core/dhis2-core/dhis-2/dhis-support/dhis-support-expression-parser/target/dhis-support-expression-parser-2.38-SNAPSHOT.jar:/home/runner/.m2/repository/org/hisp/dhis/parser/dhis-antlr-expression-parser/1.0.18/dhis-antlr-expression-parser-1.0.18.jar:/home/runner/.m2/repository/org/antlr/antlr4-runtime/4.7.2/antlr4-runtime-4.7.2.jar:/home/runner/.m2/repository/commons-lang/commons-lang/2.6/commons-lang-2.6.jar:/home/runner/work/dhis2-core/dhis2-core/dhis-2/dhis-support/dhis-support-system/target/dhis-support-system-2.38-SNAPSHOT.jar:/home/runner/.m2/repository/org/springframework/spring-web/5.3.6/spring-web-5.3.6.jar:/home/runner/.m2/repository/org/geotools/gt-referencing/24.0/gt-referencing-24.0.jar:/home/runner/.m2/repository/org/ejml/ejml-ddense/0.34/ejml-ddense-0.34.jar:/home/runner/.m2/repository/org/ejml/ejml-core/0.34/ejml-core-0.34.jar:/home/runner/.m2/repository/org/geotools/gt-metadata/24.0/gt-metadata-24.0.jar:/home/runner/.m2/repository/org/geotools/ogc/net.opengis.ows/24.0/net.opengis.ows-24.0.jar:/home/runner/.m2/repository/org/geotools/ogc/org.w3.xlink/24.0/org.w3.xlink-24.0.jar:/home/runner/.m2/repository/org/eclipse/emf/org.eclipse.emf.common/2.15.0/org.eclipse.emf.common-2.15.0.jar:/home/runner/.m2/repository/org/eclipse/emf/org.eclipse.emf.ecore/2.15.0/org.eclipse.emf.ecore-2.15.0.jar:/home/runner/.m2/repository/org/eclipse/emf/org.eclipse.emf.ecore.xmi/2.15.0/org.eclipse.emf.ecore.xmi-2.15.0.jar:/home/runner/.m2/repository/it/geosolutions/jgridshift/jgridshift-core/1.3/jgridshift-core-1.3.jar:/home/runner/.m2/repository/net/sf/geographiclib/GeographicLib-Java/1.49/GeographicLib-Java-1.49.jar:/home/runner/.m2/repository/io/lettuce/lettuce-core/5.2.0.RELEASE/lettuce-core-5.2.0.RELEASE.jar:/home/runner/.m2/repository/io/projectreactor/reactor-core/3.3.0.RELEASE/reactor-core-3.3.0.RELEASE.jar:/home/runner/.m2/repository/org/reactivestreams/reactive-streams/1.0.3/reactive-streams-1.0.3.jar:/home/runner/.m2/repository/org/springframework/data/spring-data-redis/2.3.2.RELEASE/spring-data-redis-2.3.2.RELEASE.jar:/home/runner/.m2/repository/org/springframework/data/spring-data-keyvalue/2.3.2.RELEASE/spring-data-keyvalue-2.3.2.RELEASE.jar:/home/runner/.m2/repository/org/springframework/data/spring-data-commons/2.3.2.RELEASE/spring-data-commons-2.3.2.RELEASE.jar:/home/runner/.m2/repository/org/springframework/spring-oxm/5.3.6/spring-oxm-5.3.6.jar:/home/runner/.m2/repository/org/springframework/spring-context-support/5.3.6/spring-context-support-5.3.6.jar:/home/runner/.m2/repository/commons-validator/commons-validator/1.6/commons-validator-1.6.jar:/home/runner/.m2/repository/org/htmlparser/htmlparser/2.1/htmlparser-2.1.jar:/home/runner/.m2/repository/org/htmlparser/htmllexer/2.1/htmllexer-2.1.jar:/home/runner/.m2/repository/io/micrometer/micrometer-spring-legacy/1.3.5/micrometer-spring-legacy-1.3.5.jar:/home/runner/.m2/repository/io/micrometer/micrometer-core/1.3.5/micrometer-core-1.3.5.jar:/home/runner/.m2/repository/org/hdrhistogram/HdrHistogram/2.1.11/HdrHistogram-2.1.11.jar:/home/runner/.m2/repository/org/latencyutils/LatencyUtils/2.0.3/LatencyUtils-2.0.3.jar:/home/runner/.m2/repository/io/micrometer/micrometer-registry-prometheus/1.3.5/micrometer-registry-prometheus-1.3.5.jar:/home/runner/.m2/repository/io/prometheus/simpleclient_common/0.7.0/simpleclient_common-0.7.0.jar:/home/runner/.m2/repository/io/prometheus/simpleclient/0.7.0/simpleclient-0.7.0.jar:/home/runner/work/dhis2-core/dhis2-core/dhis-2/dhis-support/dhis-support-commons/target/dhis-support-commons-2.38-SNAPSHOT.jar:/home/runner/.m2/repository/org/apache/commons/commons-jexl/2.1.1/commons-jexl-2.1.1.jar:/home/runner/work/dhis2-core/dhis2-core/dhis-2/dhis-support/dhis-support-external/target/dhis-support-external-2.38-SNAPSHOT.jar:/home/runner/.m2/repository/org/springframework/security/spring-security-web/5.4.7/spring-security-web-5.4.7.jar:/home/runner/.m2/repository/org/springframework/security/spring-security-config/5.4.7/spring-security-config-5.4.7.jar:/home/runner/.m2/repository/org/springframework/security/spring-security-aspects/5.4.7/spring-security-aspects-5.4.7.jar:/home/runner/.m2/repository/org/aspectj/aspectjrt/1.9.6/aspectjrt-1.9.6.jar:/home/runner/.m2/repository/org/springframework/security/oauth/spring-security-oauth2/2.5.0.RELEASE/spring-security-oauth2-2.5.0.RELEASE.jar:/home/runner/.m2/repository/org/springframework/spring-webmvc/5.3.6/spring-webmvc-5.3.6.jar:/home/runner/.m2/repository/org/springframework/security/spring-security-oauth2-client/5.4.7/spring-security-oauth2-client-5.4.7.jar:/home/runner/.m2/repository/org/springframework/security/spring-security-oauth2-core/5.4.7/spring-security-oauth2-core-5.4.7.jar:/home/runner/.m2/repository/org/springframework/security/spring-security-oauth2-jose/5.4.7/spring-security-oauth2-jose-5.4.7.jar:/home/runner/.m2/repository/com/nimbusds/nimbus-jose-jwt/8.22/nimbus-jose-jwt-8.22.jar:/home/runner/.m2/repository/com/github/stephenc/jcip/jcip-annotations/1.0-1/jcip-annotations-1.0-1.jar:/home/runner/.m2/repository/net/minidev/json-smart/2.4.7/json-smart-2.4.7.jar:/home/runner/.m2/repository/net/minidev/accessors-smart/2.4.7/accessors-smart-2.4.7.jar:/home/runner/.m2/repository/org/springframework/security/spring-security-jwt/1.1.1.RELEASE/spring-security-jwt-1.1.1.RELEASE.jar:/home/runner/.m2/repository/org/bouncycastle/bcpkix-jdk15on/1.64/bcpkix-jdk15on-1.64.jar:/home/runner/.m2/repository/org/springframework/security/spring-security-oauth2-resource-server/5.4.7/spring-security-oauth2-resource-server-5.4.7.jar:/home/runner/.m2/repository/com/google/api-client/google-api-client/1.30.10/google-api-client-1.30.10.jar:/home/runner/.m2/repository/com/google/oauth-client/google-oauth-client/1.31.0/google-oauth-client-1.31.0.jar:/home/runner/.m2/repository/com/google/http-client/google-http-client/1.35.0/google-http-client-1.35.0.jar:/home/runner/.m2/repository/org/apache/httpcomponents/httpclient/4.5.12/httpclient-4.5.12.jar:/home/runner/.m2/repository/org/apache/httpcomponents/httpcore/4.4.13/httpcore-4.4.13.jar:/home/runner/.m2/repository/io/opencensus/opencensus-api/0.24.0/opencensus-api-0.24.0.jar:/home/runner/.m2/repository/io/grpc/grpc-context/1.22.1/grpc-context-1.22.1.jar:/home/runner/.m2/repository/io/opencensus/opencensus-contrib-http-util/0.24.0/opencensus-contrib-http-util-0.24.0.jar:/home/runner/.m2/repository/com/google/http-client/google-http-client-jackson2/1.36.0/google-http-client-jackson2-1.36.0.jar:/home/runner/work/dhis2-core/dhis2-core/dhis-2/dhis-support/dhis-support-jdbc/target/dhis-support-jdbc-2.38-SNAPSHOT.jar:/home/runner/work/dhis2-core/dhis2-core/dhis-2/dhis-support/dhis-support-artemis/target/dhis-support-artemis-2.38-SNAPSHOT.jar:/home/runner/.m2/repository/org/apache/activemq/artemis-server/2.17.0/artemis-server-2.17.0.jar:/home/runner/.m2/repository/org/jboss/logmanager/jboss-logmanager/2.1.10.Final/jboss-logmanager-2.1.10.Final.jar:/home/runner/.m2/repository/org/wildfly/common/wildfly-common/1.5.1.Final/wildfly-common-1.5.1.Final.jar:/home/runner/.m2/repository/org/apache/activemq/artemis-commons/2.17.0/artemis-commons-2.17.0.jar:/home/runner/.m2/repository/org/apache/activemq/artemis-selector/2.17.0/artemis-selector-2.17.0.jar:/home/runner/.m2/repository/org/apache/activemq/artemis-journal/2.17.0/artemis-journal-2.17.0.jar:/home/runner/.m2/repository/org/apache/activemq/artemis-jdbc-store/2.17.0/artemis-jdbc-store-2.17.0.jar:/home/runner/.m2/repository/org/apache/commons/commons-dbcp2/2.7.0/commons-dbcp2-2.7.0.jar:/home/runner/.m2/repository/org/apache/commons/commons-pool2/2.7.0/commons-pool2-2.7.0.jar:/home/runner/.m2/repository/org/apache/activemq/artemis-core-client/2.17.0/artemis-core-client-2.17.0.jar:/home/runner/.m2/repository/org/jgroups/jgroups/3.6.13.Final/jgroups-3.6.13.Final.jar:/home/runner/.m2/repository/org/apache/johnzon/johnzon-core/0.9.5/johnzon-core-0.9.5.jar:/home/runner/.m2/repository/io/netty/netty-handler-proxy/4.1.51.Final/netty-handler-proxy-4.1.51.Final.jar:/home/runner/.m2/repository/org/jctools/jctools-core/2.1.2/jctools-core-2.1.2.jar:/home/runner/.m2/repository/org/apache/commons/commons-configuration2/2.7/commons-configuration2-2.7.jar:/home/runner/.m2/repository/org/apache/geronimo/specs/geronimo-json_1.0_spec/1.0-alpha-1/geronimo-json_1.0_spec-1.0-alpha-1.jar:/home/runner/.m2/repository/org/apache/activemq/activemq-artemis-native/1.0.2/activemq-artemis-native-1.0.2.jar:/home/runner/.m2/repository/org/apache/geronimo/specs/geronimo-jms_2.0_spec/1.0-alpha-2/geronimo-jms_2.0_spec-1.0-alpha-2.jar:/home/runner/.m2/repository/org/apache/activemq/artemis-jms-client/2.17.0/artemis-jms-client-2.17.0.jar:/home/runner/.m2/repository/io/netty/netty-all/4.1.59.Final/netty-all-4.1.59.Final.jar:/home/runner/work/dhis2-core/dhis2-core/dhis-2/dhis-support/dhis-support-cache-invalidation/target/dhis-support-cache-invalidation-2.38-SNAPSHOT.jar:/home/runner/.m2/repository/io/debezium/debezium-api/1.5.2.Final/debezium-api-1.5.2.Final.jar:/home/runner/.m2/repository/io/debezium/debezium-embedded/1.5.2.Final/debezium-embedded-1.5.2.Final.jar:/home/runner/.m2/repository/io/debezium/debezium-core/1.5.2.Final/debezium-core-1.5.2.Final.jar:/home/runner/.m2/repository/org/apache/kafka/connect-api/2.7.0/connect-api-2.7.0.jar:/home/runner/.m2/repository/org/apache/kafka/kafka-clients/2.7.0/kafka-clients-2.7.0.jar:/home/runner/.m2/repository/com/github/luben/zstd-jni/1.4.5-6/zstd-jni-1.4.5-6.jar:/home/runner/.m2/repository/org/lz4/lz4-java/1.7.1/lz4-java-1.7.1.jar:/home/runner/.m2/repository/org/xerial/snappy/snappy-java/1.1.7.7/snappy-java-1.1.7.7.jar:/home/runner/.m2/repository/org/apache/kafka/connect-runtime/2.7.0/connect-runtime-2.7.0.jar:/home/runner/.m2/repository/org/apache/kafka/kafka-tools/2.7.0/kafka-tools-2.7.0.jar:/home/runner/.m2/repository/org/apache/kafka/kafka-log4j-appender/2.7.0/kafka-log4j-appender-2.7.0.jar:/home/runner/.m2/repository/net/sourceforge/argparse4j/argparse4j/0.7.0/argparse4j-0.7.0.jar:/home/runner/.m2/repository/org/apache/kafka/connect-transforms/2.7.0/connect-transforms-2.7.0.jar:/home/runner/.m2/repository/com/fasterxml/jackson/jaxrs/jackson-jaxrs-json-provider/2.10.5/jackson-jaxrs-json-provider-2.10.5.jar:/home/runner/.m2/repository/com/fasterxml/jackson/jaxrs/jackson-jaxrs-base/2.10.5/jackson-jaxrs-base-2.10.5.jar:/home/runner/.m2/repository/org/glassfish/jersey/containers/jersey-container-servlet/2.31/jersey-container-servlet-2.31.jar:/home/runner/.m2/repository/org/glassfish/jersey/containers/jersey-container-servlet-core/2.31/jersey-container-servlet-core-2.31.jar:/home/runner/.m2/repository/org/glassfish/hk2/external/jakarta.inject/2.6.1/jakarta.inject-2.6.1.jar:/home/runner/.m2/repository/org/glassfish/jersey/core/jersey-common/2.31/jersey-common-2.31.jar:/home/runner/.m2/repository/org/glassfish/hk2/osgi-resource-locator/1.0.3/osgi-resource-locator-1.0.3.jar:/home/runner/.m2/repository/com/sun/activation/jakarta.activation/1.2.2/jakarta.activation-1.2.2.jar:/home/runner/.m2/repository/org/glassfish/jersey/core/jersey-server/2.31/jersey-server-2.31.jar:/home/runner/.m2/repository/org/glassfish/jersey/core/jersey-client/2.31/jersey-client-2.31.jar:/home/runner/.m2/repository/org/glassfish/jersey/media/jersey-media-jaxb/2.31/jersey-media-jaxb-2.31.jar:/home/runner/.m2/repository/jakarta/ws/rs/jakarta.ws.rs-api/2.1.6/jakarta.ws.rs-api-2.1.6.jar:/home/runner/.m2/repository/org/glassfish/jersey/inject/jersey-hk2/2.31/jersey-hk2-2.31.jar:/home/runner/.m2/repository/org/glassfish/hk2/hk2-locator/2.6.1/hk2-locator-2.6.1.jar:/home/runner/.m2/repository/org/glassfish/hk2/external/aopalliance-repackaged/2.6.1/aopalliance-repackaged-2.6.1.jar:/home/runner/.m2/repository/org/glassfish/hk2/hk2-api/2.6.1/hk2-api-2.6.1.jar:/home/runner/.m2/repository/org/glassfish/hk2/hk2-utils/2.6.1/hk2-utils-2.6.1.jar:/home/runner/.m2/repository/org/javassist/javassist/3.27.0-GA/javassist-3.27.0-GA.jar:/home/runner/.m2/repository/org/eclipse/jetty/jetty-server/9.4.41.v20210516/jetty-server-9.4.41.v20210516.jar:/home/runner/.m2/repository/org/eclipse/jetty/jetty-http/9.4.41.v20210516/jetty-http-9.4.41.v20210516.jar:/home/runner/.m2/repository/org/eclipse/jetty/jetty-io/9.4.41.v20210516/jetty-io-9.4.41.v20210516.jar:/home/runner/.m2/repository/org/eclipse/jetty/jetty-servlet/9.4.41.v20210516/jetty-servlet-9.4.41.v20210516.jar:/home/runner/.m2/repository/org/eclipse/jetty/jetty-security/9.4.41.v20210516/jetty-security-9.4.41.v20210516.jar:/home/runner/.m2/repository/org/eclipse/jetty/jetty-util-ajax/9.4.41.v20210516/jetty-util-ajax-9.4.41.v20210516.jar:/home/runner/.m2/repository/org/eclipse/jetty/jetty-servlets/9.4.33.v20201020/jetty-servlets-9.4.33.v20201020.jar:/home/runner/.m2/repository/org/eclipse/jetty/jetty-continuation/9.4.33.v20201020/jetty-continuation-9.4.33.v20201020.jar:/home/runner/.m2/repository/org/eclipse/jetty/jetty-util/9.4.41.v20210516/jetty-util-9.4.41.v20210516.jar:/home/runner/.m2/repository/org/eclipse/jetty/jetty-client/9.4.33.v20201020/jetty-client-9.4.33.v20201020.jar:/home/runner/.m2/repository/org/reflections/reflections/0.9.12/reflections-0.9.12.jar:/home/runner/.m2/repository/org/apache/maven/maven-artifact/3.6.3/maven-artifact-3.6.3.jar:/home/runner/.m2/repository/org/codehaus/plexus/plexus-utils/3.2.1/plexus-utils-3.2.1.jar:/home/runner/.m2/repository/org/apache/kafka/connect-json/2.7.0/connect-json-2.7.0.jar:/home/runner/.m2/repository/org/apache/kafka/connect-file/2.7.0/connect-file-2.7.0.jar:/home/runner/.m2/repository/io/debezium/debezium-connector-postgres/1.5.2.Final/debezium-connector-postgres-1.5.2.Final.jar:/home/runner/.m2/repository/com/google/protobuf/protobuf-java/3.8.0/protobuf-java-3.8.0.jar:/home/runner/.m2/repository/org/apache/commons/commons-email/1.5/commons-email-1.5.jar:/home/runner/.m2/repository/com/sun/mail/javax.mail/1.5.6/javax.mail-1.5.6.jar:/home/runner/.m2/repository/javax/activation/activation/1.1/activation-1.1.jar:/home/runner/.m2/repository/org/apache/ant/ant-compress/1.5/ant-compress-1.5.jar:/home/runner/.m2/repository/org/apache/ant/ant/1.10.12/ant-1.10.12.jar:/home/runner/.m2/repository/org/apache/ant/ant-launcher/1.10.12/ant-launcher-1.10.12.jar:/home/runner/.m2/repository/org/tukaani/xz/1.6/xz-1.6.jar:/home/runner/.m2/repository/org/brotli/dec/0.1.2/dec-0.1.2.jar:/home/runner/.m2/repository/org/apache/poi/poi/4.1.1/poi-4.1.1.jar:/home/runner/.m2/repository/org/apache/poi/poi-ooxml/4.1.1/poi-ooxml-4.1.1.jar:/home/runner/.m2/repository/org/apache/poi/poi-ooxml-schemas/4.1.1/poi-ooxml-schemas-4.1.1.jar:/home/runner/.m2/repository/org/apache/xmlbeans/xmlbeans/3.1.0/xmlbeans-3.1.0.jar:/home/runner/.m2/repository/org/apache/commons/commons-compress/1.19/commons-compress-1.19.jar:/home/runner/.m2/repository/com/github/virtuald/curvesapi/1.06/curvesapi-1.06.jar:/home/runner/.m2/repository/org/springframework/security/spring-security-ldap/5.4.7/spring-security-ldap-5.4.7.jar:/home/runner/.m2/repository/org/springframework/ldap/spring-ldap-core/2.3.4.RELEASE/spring-ldap-core-2.3.4.RELEASE.jar:/home/runner/.m2/repository/javax/interceptor/javax.interceptor-api/1.2.1/javax.interceptor-api-1.2.1.jar:/home/runner/.m2/repository/org/jsoup/jsoup/1.14.2/jsoup-1.14.2.jar:/home/runner/.m2/repository/org/apache/jclouds/jclouds-core/2.2.0/jclouds-core-2.2.0.jar:/home/runner/.m2/repository/javax/ws/rs/javax.ws.rs-api/2.0.1/javax.ws.rs-api-2.0.1.jar:/home/runner/.m2/repository/com/google/inject/extensions/guice-assistedinject/3.0/guice-assistedinject-3.0.jar:/home/runner/.m2/repository/com/google/inject/guice/3.0/guice-3.0.jar:/home/runner/.m2/repository/aopalliance/aopalliance/1.0/aopalliance-1.0.jar:/home/runner/.m2/repository/javax/inject/javax.inject/1/javax.inject-1.jar:/home/runner/.m2/repository/javax/annotation/jsr250-api/1.0/jsr250-api-1.0.jar:/home/runner/.m2/repository/org/apache/jclouds/jclouds-blobstore/2.2.0/jclouds-blobstore-2.2.0.jar:/home/runner/.m2/repository/org/apache/jclouds/api/filesystem/2.2.0/filesystem-2.2.0.jar:/home/runner/.m2/repository/org/apache/jclouds/provider/aws-s3/2.2.0/aws-s3-2.2.0.jar:/home/runner/.m2/repository/org/apache/jclouds/api/s3/2.2.0/s3-2.2.0.jar:/home/runner/.m2/repository/com/jamesmurty/utils/java-xmlbuilder/1.1/java-xmlbuilder-1.1.jar:/home/runner/.m2/repository/net/iharder/base64/2.3.8/base64-2.3.8.jar:/home/runner/.m2/repository/org/apache/jclouds/api/sts/2.2.0/sts-2.2.0.jar:/home/runner/.m2/repository/org/imgscalr/imgscalr-lib/4.2/imgscalr-lib-4.2.jar:/home/runner/.m2/repository/org/apache/velocity/velocity/1.7/velocity-1.7.jar:/home/runner/.m2/repository/commons-collections/commons-collections/3.2.2/commons-collections-3.2.2.jar:/home/runner/.m2/repository/com/github/dhis2/sms-compression/0.2.1.1/sms-compression-0.2.1.1.jar:/home/runner/.m2/repository/javax/servlet/javax.servlet-api/3.1.0/javax.servlet-api-3.1.0.jar:/home/runner/work/dhis2-core/dhis2-core/dhis-2/dhis-services/dhis-service-administration/target/dhis-service-administration-2.38-SNAPSHOT.jar:/home/runner/work/dhis2-core/dhis2-core/dhis-2/dhis-services/dhis-service-validation/target/dhis-service-validation-2.38-SNAPSHOT.jar:/home/runner/work/dhis2-core/dhis2-core/dhis-2/dhis-services/dhis-service-program-rule/target/dhis-service-program-rule-2.38-SNAPSHOT.jar:/home/runner/.m2/repository/org/apache/commons/commons-math3/3.6.1/commons-math3-3.6.1.jar:/home/runner/work/dhis2-core/dhis2-core/dhis-2/dhis-services/dhis-service-dxf2/target/dhis-service-dxf2-2.38-SNAPSHOT.jar:/home/runner/.m2/repository/org/apache/commons/commons-text/1.8/commons-text-1.8.jar:/home/runner/.m2/repository/net/sourceforge/javacsv/javacsv/2.0/javacsv-2.0.jar:/home/runner/.m2/repository/com/lowagie/itext/2.1.7/itext-2.1.7.jar:/home/runner/.m2/repository/com/fasterxml/jackson/core/jackson-databind/2.12.1/jackson-databind-2.12.1.jar:/home/runner/.m2/repository/org/hisp/staxwax/1.4/staxwax-1.4.jar:/home/runner/.m2/repository/stax/stax-api/1.0.1/stax-api-1.0.1.jar:/home/runner/.m2/repository/org/springframework/retry/spring-retry/1.2.4.RELEASE/spring-retry-1.2.4.RELEASE.jar:/home/runner/.m2/repository/net/postgis/postgis-jdbc/2.5.0/postgis-jdbc-2.5.0.jar:/home/runner/.m2/repository/net/postgis/postgis-geometry/2.5.0/postgis-geometry-2.5.0.jar:/home/runner/.m2/repository/xerces/xercesImpl/2.12.0/xercesImpl-2.12.0.jar:/home/runner/.m2/repository/xml-apis/xml-apis/1.4.01/xml-apis-1.4.01.jar:/home/runner/.m2/repository/org/exparity/hamcrest-date/2.0.7/hamcrest-date-2.0.7.jar:/home/runner/.m2/repository/org/mockito/mockito-core/3.4.6/mockito-core-3.4.6.jar:/home/runner/.m2/repository/net/bytebuddy/byte-buddy/1.10.17/byte-buddy-1.10.17.jar:/home/runner/.m2/repository/net/bytebuddy/byte-buddy-agent/1.10.13/byte-buddy-agent-1.10.13.jar:/home/runner/.m2/repository/org/objenesis/objenesis/3.1/objenesis-3.1.jar:/home/runner/.m2/repository/org/hamcrest/hamcrest-core/1.3/hamcrest-core-1.3.jar:/home/runner/.m2/repository/org/hamcrest/hamcrest-library/1.3/hamcrest-library-1.3.jar:/home/runner/.m2/repository/org/apache/commons/commons-lang3/3.9/commons-lang3-3.9.jar:/home/runner/.m2/repository/org/hisp/quick/1.4.0/quick-1.4.0.jar:/home/runner/.m2/repository/org/springframework/spring-beans/5.3.6/spring-beans-5.3.6.jar:/home/runner/.m2/repository/commons-logging/commons-logging/1.2/commons-logging-1.2.jar:/home/runner/.m2/repository/org/hsqldb/hsqldb/2.3.2/hsqldb-2.3.2.jar:/home/runner/.m2/repository/com/google/guava/guava/30.1-jre/guava-30.1-jre.jar:/home/runner/.m2/repository/com/google/guava/failureaccess/1.0.1/failureaccess-1.0.1.jar:/home/runner/.m2/repository/com/google/guava/listenablefuture/9999.0-empty-to-avoid-conflict-with-guava/listenablefuture-9999.0-empty-to-avoid-conflict-with-guava.jar:/home/runner/.m2/repository/com/google/code/findbugs/jsr305/3.0.2/jsr305-3.0.2.jar:/home/runner/.m2/repository/org/checkerframework/checker-qual/3.5.0/checker-qual-3.5.0.jar:/home/runner/.m2/repository/com/google/errorprone/error_prone_annotations/2.3.4/error_prone_annotations-2.3.4.jar:/home/runner/.m2/repository/com/google/j2objc/j2objc-annotations/1.3/j2objc-annotations-1.3.jar:/home/runner/.m2/repository/com/scalified/tree/0.2.5/tree-0.2.5.jar:/home/runner/.m2/repository/org/projectlombok/lombok/1.18.20/lombok-1.18.20.jar:/home/runner/work/dhis2-core/dhis2-core/dhis-2/dhis-support/dhis-support-test/target/dhis-support-test-2.38-SNAPSHOT.jar:/home/runner/work/dhis2-core/dhis2-core/dhis-2/dhis-support/dhis-support-test-json/target/dhis-support-test-json-2.38-SNAPSHOT.jar:/home/runner/.m2/repository/org/springframework/spring-orm/5.3.6/spring-orm-5.3.6.jar:/home/runner/.m2/repository/org/springframework/spring-tx/5.3.6/spring-tx-5.3.6.jar:/home/runner/.m2/repository/org/springframework/spring-test/5.3.6/spring-test-5.3.6.jar:/home/runner/.m2/repository/junit/junit/4.13.1/junit-4.13.1.jar:/home/runner/.m2/repository/org/testcontainers/testcontainers/1.15.1/testcontainers-1.15.1.jar:/home/runner/.m2/repository/org/rnorth/duct-tape/duct-tape/1.0.8/duct-tape-1.0.8.jar:/home/runner/.m2/repository/org/rnorth/visible-assertions/visible-assertions/2.1.2/visible-assertions-2.1.2.jar:/home/runner/.m2/repository/net/java/dev/jna/jna/5.2.0/jna-5.2.0.jar:/home/runner/.m2/repository/com/github/docker-java/docker-java-api/3.2.7/docker-java-api-3.2.7.jar:/home/runner/.m2/repository/com/github/docker-java/docker-java-transport-zerodep/3.2.7/docker-java-transport-zerodep-3.2.7.jar:/home/runner/.m2/repository/com/github/docker-java/docker-java-transport/3.2.7/docker-java-transport-3.2.7.jar:/home/runner/.m2/repository/org/testcontainers/postgresql/1.15.1/postgresql-1.15.1.jar:/home/runner/.m2/repository/org/testcontainers/jdbc/1.15.1/jdbc-1.15.1.jar:/home/runner/.m2/repository/org/testcontainers/database-commons/1.15.1/database-commons-1.15.1.jar:/home/runner/.m2/repository/io/github/benas/random-beans/3.7.0/random-beans-3.7.0.jar:/home/runner/.m2/repository/io/github/lukehutch/fast-classpath-scanner/2.2.1/fast-classpath-scanner-2.2.1.jar:/home/runner/.m2/repository/com/google/code/gson/gson/2.8.2/gson-2.8.2.jar:"/>
    <property name="java.vm.vendor" value="Azul Systems, Inc."/>
    <property name="sun.arch.data.model" value="64"/>
    <property name="sun.font.fontmanager" value="sun.awt.X11FontManager"/>
    <property name="maven.wagon.http.pool" value="false"/>
    <property name="java.vendor.url" value="http://www.azul.com/"/>
    <property name="user.timezone" value="Etc/UTC"/>
    <property name="java.vm.specification.version" value="11"/>
    <property name="os.name" value="Linux"/>
    <property name="maven.wagon.http.retryHandler.count" value="3"/>
    <property name="sun.java.launcher" value="SUN_STANDARD"/>
    <property name="sun.boot.library.path" value="/opt/hostedtoolcache/Java_Zulu_jdk/11.0.13-8/x64/lib"/>
    <property name="sun.java.command" value="/home/runner/work/dhis2-core/dhis2-core/dhis-2/dhis-services/dhis-service-analytics/target/surefire/surefirebooter2232694311584946384.jar /home/runner/work/dhis2-core/dhis2-core/dhis-2/dhis-services/dhis-service-analytics/target/surefire 2021-10-29T15-23-49_155-jvmRun1 surefire6028746695170161904tmp surefire_1911563168579361095479tmp"/>
    <property name="jdk.debug" value="release"/>
    <property name="surefire.test.class.path" value="/home/runner/work/dhis2-core/dhis2-core/dhis-2/dhis-services/dhis-service-analytics/target/test-classes:/home/runner/work/dhis2-core/dhis2-core/dhis-2/dhis-services/dhis-service-analytics/target/classes:/home/runner/work/dhis2-core/dhis2-core/dhis-2/dhis-api/target/dhis-api-2.38-SNAPSHOT.jar:/home/runner/.m2/repository/commons-io/commons-io/2.7/commons-io-2.7.jar:/home/runner/.m2/repository/org/apache/commons/commons-collections4/4.4/commons-collections4-4.4.jar:/home/runner/.m2/repository/org/jfree/jfreechart/1.5.0/jfreechart-1.5.0.jar:/home/runner/.m2/repository/net/sf/jasperreports/jasperreports/6.3.1/jasperreports-6.3.1.jar:/home/runner/.m2/repository/commons-beanutils/commons-beanutils/1.9.4/commons-beanutils-1.9.4.jar:/home/runner/.m2/repository/commons-digester/commons-digester/2.1/commons-digester-2.1.jar:/home/runner/.m2/repository/org/jfree/jcommon/1.0.23/jcommon-1.0.23.jar:/home/runner/.m2/repository/org/eclipse/jdt/core/compiler/ecj/4.3.1/ecj-4.3.1.jar:/home/runner/.m2/repository/org/codehaus/castor/castor-xml/1.3.3/castor-xml-1.3.3.jar:/home/runner/.m2/repository/org/codehaus/castor/castor-core/1.3.3/castor-core-1.3.3.jar:/home/runner/.m2/repository/stax/stax/1.2.0/stax-1.2.0.jar:/home/runner/.m2/repository/org/apache/lucene/lucene-core/4.5.1/lucene-core-4.5.1.jar:/home/runner/.m2/repository/org/apache/lucene/lucene-analyzers-common/4.5.1/lucene-analyzers-common-4.5.1.jar:/home/runner/.m2/repository/org/apache/lucene/lucene-queryparser/4.5.1/lucene-queryparser-4.5.1.jar:/home/runner/.m2/repository/org/apache/lucene/lucene-queries/4.5.1/lucene-queries-4.5.1.jar:/home/runner/.m2/repository/org/apache/lucene/lucene-sandbox/4.5.1/lucene-sandbox-4.5.1.jar:/home/runner/.m2/repository/jakarta-regexp/jakarta-regexp/1.4/jakarta-regexp-1.4.jar:/home/runner/.m2/repository/com/google/zxing/core/3.2.1/core-3.2.1.jar:/home/runner/.m2/repository/com/ibm/icu/icu4j/57.1/icu4j-57.1.jar:/home/runner/.m2/repository/net/sf/jasperreports/jasperreports-fonts/4.0.0/jasperreports-fonts-4.0.0.jar:/home/runner/.m2/repository/com/fasterxml/jackson/core/jackson-core/2.12.1/jackson-core-2.12.1.jar:/home/runner/.m2/repository/com/fasterxml/jackson/core/jackson-annotations/2.12.1/jackson-annotations-2.12.1.jar:/home/runner/.m2/repository/com/fasterxml/jackson/dataformat/jackson-dataformat-xml/2.12.1/jackson-dataformat-xml-2.12.1.jar:/home/runner/.m2/repository/com/fasterxml/jackson/module/jackson-module-jaxb-annotations/2.12.1/jackson-module-jaxb-annotations-2.12.1.jar:/home/runner/.m2/repository/jakarta/activation/jakarta.activation-api/1.2.1/jakarta.activation-api-1.2.1.jar:/home/runner/.m2/repository/org/codehaus/woodstox/stax2-api/4.2.1/stax2-api-4.2.1.jar:/home/runner/.m2/repository/com/fasterxml/woodstox/woodstox-core/6.2.3/woodstox-core-6.2.3.jar:/home/runner/.m2/repository/com/fasterxml/jackson/dataformat/jackson-dataformat-csv/2.12.1/jackson-dataformat-csv-2.12.1.jar:/home/runner/.m2/repository/com/fasterxml/jackson/datatype/jackson-datatype-jdk8/2.12.1/jackson-datatype-jdk8-2.12.1.jar:/home/runner/.m2/repository/com/fasterxml/jackson/datatype/jackson-datatype-hibernate5/2.11.2/jackson-datatype-hibernate5-2.11.2.jar:/home/runner/.m2/repository/javax/transaction/javax.transaction-api/1.3/javax.transaction-api-1.3.jar:/home/runner/.m2/repository/com/fasterxml/jackson/datatype/jackson-datatype-jsr310/2.12.1/jackson-datatype-jsr310-2.12.1.jar:/home/runner/.m2/repository/org/springframework/spring-jdbc/5.3.6/spring-jdbc-5.3.6.jar:/home/runner/.m2/repository/org/springframework/spring-core/5.3.6/spring-core-5.3.6.jar:/home/runner/.m2/repository/org/springframework/spring-jcl/5.3.6/spring-jcl-5.3.6.jar:/home/runner/.m2/repository/org/springframework/spring-context/5.3.6/spring-context-5.3.6.jar:/home/runner/.m2/repository/org/springframework/spring-aop/5.3.6/spring-aop-5.3.6.jar:/home/runner/.m2/repository/org/springframework/spring-expression/5.3.6/spring-expression-5.3.6.jar:/home/runner/.m2/repository/org/cache2k/cache2k-api/1.6.0.Final/cache2k-api-1.6.0.Final.jar:/home/runner/.m2/repository/org/cache2k/cache2k-core/1.6.0.Final/cache2k-core-1.6.0.Final.jar:/home/runner/.m2/repository/joda-time/joda-time/2.10.5/joda-time-2.10.5.jar:/home/runner/.m2/repository/org/hibernate/validator/hibernate-validator/6.2.0.Final/hibernate-validator-6.2.0.Final.jar:/home/runner/.m2/repository/jakarta/validation/jakarta.validation-api/2.0.2/jakarta.validation-api-2.0.2.jar:/home/runner/.m2/repository/org/jboss/logging/jboss-logging/3.4.1.Final/jboss-logging-3.4.1.Final.jar:/home/runner/.m2/repository/javax/validation/validation-api/2.0.1.Final/validation-api-2.0.1.Final.jar:/home/runner/.m2/repository/com/fasterxml/classmate/1.3.2/classmate-1.3.2.jar:/home/runner/.m2/repository/org/hibernate/hibernate-spatial/5.4.28.Final/hibernate-spatial-5.4.28.Final.jar:/home/runner/.m2/repository/org/geolatte/geolatte-geom/1.6.1/geolatte-geom-1.6.1.jar:/home/runner/.m2/repository/org/postgresql/postgresql/42.2.19/postgresql-42.2.19.jar:/home/runner/.m2/repository/org/dom4j/dom4j/2.1.3/dom4j-2.1.3.jar:/home/runner/.m2/repository/com/graphhopper/external/jackson-datatype-jts/1.0-2.7/jackson-datatype-jts-1.0-2.7.jar:/home/runner/.m2/repository/org/locationtech/jts/jts-core/1.16.0/jts-core-1.16.0.jar:/home/runner/.m2/repository/org/geotools/gt-opengis/24.0/gt-opengis-24.0.jar:/home/runner/.m2/repository/commons-pool/commons-pool/1.5.4/commons-pool-1.5.4.jar:/home/runner/.m2/repository/systems/uom/systems-common/2.0.1/systems-common-2.0.1.jar:/home/runner/.m2/repository/javax/measure/unit-api/2.0/unit-api-2.0.jar:/home/runner/.m2/repository/tech/units/indriya/2.0.2/indriya-2.0.2.jar:/home/runner/.m2/repository/tech/uom/lib/uom-lib-common/2.0/uom-lib-common-2.0.jar:/home/runner/.m2/repository/si/uom/si-quantity/2.0.1/si-quantity-2.0.1.jar:/home/runner/.m2/repository/si/uom/si-units/2.0.1/si-units-2.0.1.jar:/home/runner/.m2/repository/javax/media/jai_core/1.1.3/jai_core-1.1.3.jar:/home/runner/.m2/repository/org/jsmpp/jsmpp/2.3.7/jsmpp-2.3.7.jar:/home/runner/.m2/repository/org/apache/logging/log4j/log4j-api/2.14.1/log4j-api-2.14.1.jar:/home/runner/.m2/repository/org/apache/logging/log4j/log4j-core/2.14.1/log4j-core-2.14.1.jar:/home/runner/.m2/repository/org/apache/logging/log4j/log4j-slf4j-impl/2.14.1/log4j-slf4j-impl-2.14.1.jar:/home/runner/.m2/repository/org/slf4j/slf4j-api/1.7.32/slf4j-api-1.7.32.jar:/home/runner/.m2/repository/org/hisp/dhis/rules/rule-engine/2.0.27/rule-engine-2.0.27.jar:/home/runner/.m2/repository/nl/jqno/equalsverifier/equalsverifier/2.1.6/equalsverifier-2.1.6.jar:/home/runner/.m2/repository/org/slf4j/slf4j-simple/1.7.30/slf4j-simple-1.7.30.jar:/home/runner/.m2/repository/com/cronutils/cron-utils/9.1.3/cron-utils-9.1.3.jar:/home/runner/.m2/repository/org/glassfish/javax.el/3.0.0/javax.el-3.0.0.jar:/home/runner/.m2/repository/org/jboss/aerogear/aerogear-otp-java/1.0.0.CR1/aerogear-otp-java-1.0.0.CR1.jar:/home/runner/.m2/repository/org/springframework/security/spring-security-core/5.4.7/spring-security-core-5.4.7.jar:/home/runner/.m2/repository/commons-codec/commons-codec/1.14/commons-codec-1.14.jar:/home/runner/.m2/repository/org/locationtech/jts/io/jts-io-common/1.16.0/jts-io-common-1.16.0.jar:/home/runner/.m2/repository/com/googlecode/json-simple/json-simple/1.1.1/json-simple-1.1.1.jar:/home/runner/.m2/repository/org/geotools/gt-geojson/24.0/gt-geojson-24.0.jar:/home/runner/.m2/repository/org/geotools/gt-main/24.0/gt-main-24.0.jar:/home/runner/.m2/repository/javax/annotation/javax.annotation-api/1.3.2/javax.annotation-api-1.3.2.jar:/home/runner/.m2/repository/javax/xml/bind/jaxb-api/2.4.0-b180830.0359/jaxb-api-2.4.0-b180830.0359.jar:/home/runner/.m2/repository/com/sun/xml/bind/jaxb-impl/2.4.0-b180830.0438/jaxb-impl-2.4.0-b180830.0438.jar:/home/runner/.m2/repository/jakarta/xml/ws/jakarta.xml.ws-api/2.3.3/jakarta.xml.ws-api-2.3.3.jar:/home/runner/.m2/repository/jakarta/xml/bind/jakarta.xml.bind-api/2.3.3/jakarta.xml.bind-api-2.3.3.jar:/home/runner/.m2/repository/jakarta/xml/soap/jakarta.xml.soap-api/1.4.2/jakarta.xml.soap-api-1.4.2.jar:/home/runner/.m2/repository/jakarta/jws/jakarta.jws-api/2.1.0/jakarta.jws-api-2.1.0.jar:/home/runner/.m2/repository/jakarta/annotation/jakarta.annotation-api/1.3.4/jakarta.annotation-api-1.3.4.jar:/home/runner/.m2/repository/com/sun/xml/ws/jaxws-tools/2.3.2/jaxws-tools-2.3.2.jar:/home/runner/.m2/repository/com/sun/xml/bind/jaxb-xjc/2.3.2/jaxb-xjc-2.3.2.jar:/home/runner/.m2/repository/com/sun/xml/bind/jaxb-jxc/2.3.2/jaxb-jxc-2.3.2.jar:/home/runner/.m2/repository/com/sun/xml/ws/jaxws-eclipselink-plugin/2.3.2/jaxws-eclipselink-plugin-2.3.2.jar:/home/runner/.m2/repository/org/eclipse/persistence/org.eclipse.persistence.moxy/2.7.4/org.eclipse.persistence.moxy-2.7.4.jar:/home/runner/.m2/repository/org/eclipse/persistence/org.eclipse.persistence.core/2.7.4/org.eclipse.persistence.core-2.7.4.jar:/home/runner/.m2/repository/org/eclipse/persistence/org.eclipse.persistence.asm/2.7.4/org.eclipse.persistence.asm-2.7.4.jar:/home/runner/.m2/repository/org/jvnet/staxex/stax-ex/1.8.1/stax-ex-1.8.1.jar:/home/runner/.m2/repository/com/sun/xml/ws/sdo-eclipselink-plugin/2.3.2/sdo-eclipselink-plugin-2.3.2.jar:/home/runner/.m2/repository/org/eclipse/persistence/org.eclipse.persistence.sdo/2.7.4/org.eclipse.persistence.sdo-2.7.4.jar:/home/runner/.m2/repository/org/eclipse/persistence/commonj.sdo/2.1.1/commonj.sdo-2.1.1.jar:/home/runner/.m2/repository/org/hibernate/hibernate-core/5.4.28.Final/hibernate-core-5.4.28.Final.jar:/home/runner/.m2/repository/javax/persistence/javax.persistence-api/2.2/javax.persistence-api-2.2.jar:/home/runner/.m2/repository/antlr/antlr/2.7.7/antlr-2.7.7.jar:/home/runner/.m2/repository/org/jboss/spec/javax/transaction/jboss-transaction-api_1.2_spec/1.1.1.Final/jboss-transaction-api_1.2_spec-1.1.1.Final.jar:/home/runner/.m2/repository/org/jboss/jandex/2.2.3.Final/jandex-2.2.3.Final.jar:/home/runner/.m2/repository/javax/activation/javax.activation-api/1.2.0/javax.activation-api-1.2.0.jar:/home/runner/.m2/repository/org/hibernate/common/hibernate-commons-annotations/5.1.2.Final/hibernate-commons-annotations-5.1.2.Final.jar:/home/runner/.m2/repository/org/glassfish/jaxb/jaxb-runtime/2.3.1/jaxb-runtime-2.3.1.jar:/home/runner/.m2/repository/org/glassfish/jaxb/txw2/2.3.1/txw2-2.3.1.jar:/home/runner/.m2/repository/com/sun/xml/fastinfoset/FastInfoset/1.2.15/FastInfoset-1.2.15.jar:/home/runner/work/dhis2-core/dhis2-core/dhis-2/dhis-services/dhis-service-core/target/dhis-service-core-2.38-SNAPSHOT.jar:/home/runner/work/dhis2-core/dhis2-core/dhis-2/dhis-services/dhis-service-schema/target/dhis-service-schema-2.38-SNAPSHOT.jar:/home/runner/.m2/repository/org/springframework/spring-jms/5.3.6/spring-jms-5.3.6.jar:/home/runner/.m2/repository/org/springframework/spring-messaging/5.3.6/spring-messaging-5.3.6.jar:/home/runner/work/dhis2-core/dhis2-core/dhis-2/dhis-services/dhis-service-setting/target/dhis-service-setting-2.38-SNAPSHOT.jar:/home/runner/work/dhis2-core/dhis2-core/dhis-2/dhis-services/dhis-service-node/target/dhis-service-node-2.38-SNAPSHOT.jar:/home/runner/work/dhis2-core/dhis2-core/dhis-2/dhis-services/dhis-service-acl/target/dhis-service-acl-2.38-SNAPSHOT.jar:/home/runner/work/dhis2-core/dhis2-core/dhis-2/dhis-services/dhis-service-audit-consumer/target/dhis-service-audit-consumer-2.38-SNAPSHOT.jar:/home/runner/work/dhis2-core/dhis2-core/dhis-2/dhis-support/dhis-support-audit/target/dhis-support-audit-2.38-SNAPSHOT.jar:/home/runner/work/dhis2-core/dhis2-core/dhis-2/dhis-support/dhis-support-hibernate/target/dhis-support-hibernate-2.38-SNAPSHOT.jar:/home/runner/work/dhis2-core/dhis2-core/dhis-2/dhis-support/dhis-support-db-migration/target/dhis-support-db-migration-2.38-SNAPSHOT.jar:/home/runner/.m2/repository/org/flywaydb/flyway-core/7.0.4/flyway-core-7.0.4.jar:/home/runner/.m2/repository/org/hibernate/hibernate-ehcache/5.4.28.Final/hibernate-ehcache-5.4.28.Final.jar:/home/runner/.m2/repository/net/sf/ehcache/ehcache/2.10.6/ehcache-2.10.6.jar:/home/runner/.m2/repository/com/vladmihalcea/hibernate-types-52/2.10.4/hibernate-types-52-2.10.4.jar:/home/runner/.m2/repository/com/mchange/c3p0/0.9.5.5/c3p0-0.9.5.5.jar:/home/runner/.m2/repository/com/mchange/mchange-commons-java/0.2.19/mchange-commons-java-0.2.19.jar:/home/runner/.m2/repository/com/zaxxer/HikariCP/3.4.5/HikariCP-3.4.5.jar:/home/runner/.m2/repository/cglib/cglib/3.2.4/cglib-3.2.4.jar:/home/runner/.m2/repository/org/ow2/asm/asm/6.0_ALPHA/asm-6.0_ALPHA.jar:/home/runner/.m2/repository/org/jasypt/jasypt/1.9.3/jasypt-1.9.3.jar:/home/runner/.m2/repository/com/h2database/h2/1.4.200/h2-1.4.200.jar:/home/runner/.m2/repository/net/ttddyy/datasource-proxy/1.7/datasource-proxy-1.7.jar:/home/runner/.m2/repository/com/sun/istack/istack-commons-runtime/3.0.8/istack-commons-runtime-3.0.8.jar:/home/runner/.m2/repository/org/bouncycastle/bcprov-jdk15on/1.68/bcprov-jdk15on-1.68.jar:/home/runner/work/dhis2-core/dhis2-core/dhis-2/dhis-support/dhis-support-expression-parser/target/dhis-support-expression-parser-2.38-SNAPSHOT.jar:/home/runner/.m2/repository/org/hisp/dhis/parser/dhis-antlr-expression-parser/1.0.18/dhis-antlr-expression-parser-1.0.18.jar:/home/runner/.m2/repository/org/antlr/antlr4-runtime/4.7.2/antlr4-runtime-4.7.2.jar:/home/runner/.m2/repository/commons-lang/commons-lang/2.6/commons-lang-2.6.jar:/home/runner/work/dhis2-core/dhis2-core/dhis-2/dhis-support/dhis-support-system/target/dhis-support-system-2.38-SNAPSHOT.jar:/home/runner/.m2/repository/org/springframework/spring-web/5.3.6/spring-web-5.3.6.jar:/home/runner/.m2/repository/org/geotools/gt-referencing/24.0/gt-referencing-24.0.jar:/home/runner/.m2/repository/org/ejml/ejml-ddense/0.34/ejml-ddense-0.34.jar:/home/runner/.m2/repository/org/ejml/ejml-core/0.34/ejml-core-0.34.jar:/home/runner/.m2/repository/org/geotools/gt-metadata/24.0/gt-metadata-24.0.jar:/home/runner/.m2/repository/org/geotools/ogc/net.opengis.ows/24.0/net.opengis.ows-24.0.jar:/home/runner/.m2/repository/org/geotools/ogc/org.w3.xlink/24.0/org.w3.xlink-24.0.jar:/home/runner/.m2/repository/org/eclipse/emf/org.eclipse.emf.common/2.15.0/org.eclipse.emf.common-2.15.0.jar:/home/runner/.m2/repository/org/eclipse/emf/org.eclipse.emf.ecore/2.15.0/org.eclipse.emf.ecore-2.15.0.jar:/home/runner/.m2/repository/org/eclipse/emf/org.eclipse.emf.ecore.xmi/2.15.0/org.eclipse.emf.ecore.xmi-2.15.0.jar:/home/runner/.m2/repository/it/geosolutions/jgridshift/jgridshift-core/1.3/jgridshift-core-1.3.jar:/home/runner/.m2/repository/net/sf/geographiclib/GeographicLib-Java/1.49/GeographicLib-Java-1.49.jar:/home/runner/.m2/repository/io/lettuce/lettuce-core/5.2.0.RELEASE/lettuce-core-5.2.0.RELEASE.jar:/home/runner/.m2/repository/io/projectreactor/reactor-core/3.3.0.RELEASE/reactor-core-3.3.0.RELEASE.jar:/home/runner/.m2/repository/org/reactivestreams/reactive-streams/1.0.3/reactive-streams-1.0.3.jar:/home/runner/.m2/repository/org/springframework/data/spring-data-redis/2.3.2.RELEASE/spring-data-redis-2.3.2.RELEASE.jar:/home/runner/.m2/repository/org/springframework/data/spring-data-keyvalue/2.3.2.RELEASE/spring-data-keyvalue-2.3.2.RELEASE.jar:/home/runner/.m2/repository/org/springframework/data/spring-data-commons/2.3.2.RELEASE/spring-data-commons-2.3.2.RELEASE.jar:/home/runner/.m2/repository/org/springframework/spring-oxm/5.3.6/spring-oxm-5.3.6.jar:/home/runner/.m2/repository/org/springframework/spring-context-support/5.3.6/spring-context-support-5.3.6.jar:/home/runner/.m2/repository/commons-validator/commons-validator/1.6/commons-validator-1.6.jar:/home/runner/.m2/repository/org/htmlparser/htmlparser/2.1/htmlparser-2.1.jar:/home/runner/.m2/repository/org/htmlparser/htmllexer/2.1/htmllexer-2.1.jar:/home/runner/.m2/repository/io/micrometer/micrometer-spring-legacy/1.3.5/micrometer-spring-legacy-1.3.5.jar:/home/runner/.m2/repository/io/micrometer/micrometer-core/1.3.5/micrometer-core-1.3.5.jar:/home/runner/.m2/repository/org/hdrhistogram/HdrHistogram/2.1.11/HdrHistogram-2.1.11.jar:/home/runner/.m2/repository/org/latencyutils/LatencyUtils/2.0.3/LatencyUtils-2.0.3.jar:/home/runner/.m2/repository/io/micrometer/micrometer-registry-prometheus/1.3.5/micrometer-registry-prometheus-1.3.5.jar:/home/runner/.m2/repository/io/prometheus/simpleclient_common/0.7.0/simpleclient_common-0.7.0.jar:/home/runner/.m2/repository/io/prometheus/simpleclient/0.7.0/simpleclient-0.7.0.jar:/home/runner/work/dhis2-core/dhis2-core/dhis-2/dhis-support/dhis-support-commons/target/dhis-support-commons-2.38-SNAPSHOT.jar:/home/runner/.m2/repository/org/apache/commons/commons-jexl/2.1.1/commons-jexl-2.1.1.jar:/home/runner/work/dhis2-core/dhis2-core/dhis-2/dhis-support/dhis-support-external/target/dhis-support-external-2.38-SNAPSHOT.jar:/home/runner/.m2/repository/org/springframework/security/spring-security-web/5.4.7/spring-security-web-5.4.7.jar:/home/runner/.m2/repository/org/springframework/security/spring-security-config/5.4.7/spring-security-config-5.4.7.jar:/home/runner/.m2/repository/org/springframework/security/spring-security-aspects/5.4.7/spring-security-aspects-5.4.7.jar:/home/runner/.m2/repository/org/aspectj/aspectjrt/1.9.6/aspectjrt-1.9.6.jar:/home/runner/.m2/repository/org/springframework/security/oauth/spring-security-oauth2/2.5.0.RELEASE/spring-security-oauth2-2.5.0.RELEASE.jar:/home/runner/.m2/repository/org/springframework/spring-webmvc/5.3.6/spring-webmvc-5.3.6.jar:/home/runner/.m2/repository/org/springframework/security/spring-security-oauth2-client/5.4.7/spring-security-oauth2-client-5.4.7.jar:/home/runner/.m2/repository/org/springframework/security/spring-security-oauth2-core/5.4.7/spring-security-oauth2-core-5.4.7.jar:/home/runner/.m2/repository/org/springframework/security/spring-security-oauth2-jose/5.4.7/spring-security-oauth2-jose-5.4.7.jar:/home/runner/.m2/repository/com/nimbusds/nimbus-jose-jwt/8.22/nimbus-jose-jwt-8.22.jar:/home/runner/.m2/repository/com/github/stephenc/jcip/jcip-annotations/1.0-1/jcip-annotations-1.0-1.jar:/home/runner/.m2/repository/net/minidev/json-smart/2.4.7/json-smart-2.4.7.jar:/home/runner/.m2/repository/net/minidev/accessors-smart/2.4.7/accessors-smart-2.4.7.jar:/home/runner/.m2/repository/org/springframework/security/spring-security-jwt/1.1.1.RELEASE/spring-security-jwt-1.1.1.RELEASE.jar:/home/runner/.m2/repository/org/bouncycastle/bcpkix-jdk15on/1.64/bcpkix-jdk15on-1.64.jar:/home/runner/.m2/repository/org/springframework/security/spring-security-oauth2-resource-server/5.4.7/spring-security-oauth2-resource-server-5.4.7.jar:/home/runner/.m2/repository/com/google/api-client/google-api-client/1.30.10/google-api-client-1.30.10.jar:/home/runner/.m2/repository/com/google/oauth-client/google-oauth-client/1.31.0/google-oauth-client-1.31.0.jar:/home/runner/.m2/repository/com/google/http-client/google-http-client/1.35.0/google-http-client-1.35.0.jar:/home/runner/.m2/repository/org/apache/httpcomponents/httpclient/4.5.12/httpclient-4.5.12.jar:/home/runner/.m2/repository/org/apache/httpcomponents/httpcore/4.4.13/httpcore-4.4.13.jar:/home/runner/.m2/repository/io/opencensus/opencensus-api/0.24.0/opencensus-api-0.24.0.jar:/home/runner/.m2/repository/io/grpc/grpc-context/1.22.1/grpc-context-1.22.1.jar:/home/runner/.m2/repository/io/opencensus/opencensus-contrib-http-util/0.24.0/opencensus-contrib-http-util-0.24.0.jar:/home/runner/.m2/repository/com/google/http-client/google-http-client-jackson2/1.36.0/google-http-client-jackson2-1.36.0.jar:/home/runner/work/dhis2-core/dhis2-core/dhis-2/dhis-support/dhis-support-jdbc/target/dhis-support-jdbc-2.38-SNAPSHOT.jar:/home/runner/work/dhis2-core/dhis2-core/dhis-2/dhis-support/dhis-support-artemis/target/dhis-support-artemis-2.38-SNAPSHOT.jar:/home/runner/.m2/repository/org/apache/activemq/artemis-server/2.17.0/artemis-server-2.17.0.jar:/home/runner/.m2/repository/org/jboss/logmanager/jboss-logmanager/2.1.10.Final/jboss-logmanager-2.1.10.Final.jar:/home/runner/.m2/repository/org/wildfly/common/wildfly-common/1.5.1.Final/wildfly-common-1.5.1.Final.jar:/home/runner/.m2/repository/org/apache/activemq/artemis-commons/2.17.0/artemis-commons-2.17.0.jar:/home/runner/.m2/repository/org/apache/activemq/artemis-selector/2.17.0/artemis-selector-2.17.0.jar:/home/runner/.m2/repository/org/apache/activemq/artemis-journal/2.17.0/artemis-journal-2.17.0.jar:/home/runner/.m2/repository/org/apache/activemq/artemis-jdbc-store/2.17.0/artemis-jdbc-store-2.17.0.jar:/home/runner/.m2/repository/org/apache/commons/commons-dbcp2/2.7.0/commons-dbcp2-2.7.0.jar:/home/runner/.m2/repository/org/apache/commons/commons-pool2/2.7.0/commons-pool2-2.7.0.jar:/home/runner/.m2/repository/org/apache/activemq/artemis-core-client/2.17.0/artemis-core-client-2.17.0.jar:/home/runner/.m2/repository/org/jgroups/jgroups/3.6.13.Final/jgroups-3.6.13.Final.jar:/home/runner/.m2/repository/org/apache/johnzon/johnzon-core/0.9.5/johnzon-core-0.9.5.jar:/home/runner/.m2/repository/io/netty/netty-handler-proxy/4.1.51.Final/netty-handler-proxy-4.1.51.Final.jar:/home/runner/.m2/repository/org/jctools/jctools-core/2.1.2/jctools-core-2.1.2.jar:/home/runner/.m2/repository/org/apache/commons/commons-configuration2/2.7/commons-configuration2-2.7.jar:/home/runner/.m2/repository/org/apache/geronimo/specs/geronimo-json_1.0_spec/1.0-alpha-1/geronimo-json_1.0_spec-1.0-alpha-1.jar:/home/runner/.m2/repository/org/apache/activemq/activemq-artemis-native/1.0.2/activemq-artemis-native-1.0.2.jar:/home/runner/.m2/repository/org/apache/geronimo/specs/geronimo-jms_2.0_spec/1.0-alpha-2/geronimo-jms_2.0_spec-1.0-alpha-2.jar:/home/runner/.m2/repository/org/apache/activemq/artemis-jms-client/2.17.0/artemis-jms-client-2.17.0.jar:/home/runner/.m2/repository/io/netty/netty-all/4.1.59.Final/netty-all-4.1.59.Final.jar:/home/runner/work/dhis2-core/dhis2-core/dhis-2/dhis-support/dhis-support-cache-invalidation/target/dhis-support-cache-invalidation-2.38-SNAPSHOT.jar:/home/runner/.m2/repository/io/debezium/debezium-api/1.5.2.Final/debezium-api-1.5.2.Final.jar:/home/runner/.m2/repository/io/debezium/debezium-embedded/1.5.2.Final/debezium-embedded-1.5.2.Final.jar:/home/runner/.m2/repository/io/debezium/debezium-core/1.5.2.Final/debezium-core-1.5.2.Final.jar:/home/runner/.m2/repository/org/apache/kafka/connect-api/2.7.0/connect-api-2.7.0.jar:/home/runner/.m2/repository/org/apache/kafka/kafka-clients/2.7.0/kafka-clients-2.7.0.jar:/home/runner/.m2/repository/com/github/luben/zstd-jni/1.4.5-6/zstd-jni-1.4.5-6.jar:/home/runner/.m2/repository/org/lz4/lz4-java/1.7.1/lz4-java-1.7.1.jar:/home/runner/.m2/repository/org/xerial/snappy/snappy-java/1.1.7.7/snappy-java-1.1.7.7.jar:/home/runner/.m2/repository/org/apache/kafka/connect-runtime/2.7.0/connect-runtime-2.7.0.jar:/home/runner/.m2/repository/org/apache/kafka/kafka-tools/2.7.0/kafka-tools-2.7.0.jar:/home/runner/.m2/repository/org/apache/kafka/kafka-log4j-appender/2.7.0/kafka-log4j-appender-2.7.0.jar:/home/runner/.m2/repository/net/sourceforge/argparse4j/argparse4j/0.7.0/argparse4j-0.7.0.jar:/home/runner/.m2/repository/org/apache/kafka/connect-transforms/2.7.0/connect-transforms-2.7.0.jar:/home/runner/.m2/repository/com/fasterxml/jackson/jaxrs/jackson-jaxrs-json-provider/2.10.5/jackson-jaxrs-json-provider-2.10.5.jar:/home/runner/.m2/repository/com/fasterxml/jackson/jaxrs/jackson-jaxrs-base/2.10.5/jackson-jaxrs-base-2.10.5.jar:/home/runner/.m2/repository/org/glassfish/jersey/containers/jersey-container-servlet/2.31/jersey-container-servlet-2.31.jar:/home/runner/.m2/repository/org/glassfish/jersey/containers/jersey-container-servlet-core/2.31/jersey-container-servlet-core-2.31.jar:/home/runner/.m2/repository/org/glassfish/hk2/external/jakarta.inject/2.6.1/jakarta.inject-2.6.1.jar:/home/runner/.m2/repository/org/glassfish/jersey/core/jersey-common/2.31/jersey-common-2.31.jar:/home/runner/.m2/repository/org/glassfish/hk2/osgi-resource-locator/1.0.3/osgi-resource-locator-1.0.3.jar:/home/runner/.m2/repository/com/sun/activation/jakarta.activation/1.2.2/jakarta.activation-1.2.2.jar:/home/runner/.m2/repository/org/glassfish/jersey/core/jersey-server/2.31/jersey-server-2.31.jar:/home/runner/.m2/repository/org/glassfish/jersey/core/jersey-client/2.31/jersey-client-2.31.jar:/home/runner/.m2/repository/org/glassfish/jersey/media/jersey-media-jaxb/2.31/jersey-media-jaxb-2.31.jar:/home/runner/.m2/repository/jakarta/ws/rs/jakarta.ws.rs-api/2.1.6/jakarta.ws.rs-api-2.1.6.jar:/home/runner/.m2/repository/org/glassfish/jersey/inject/jersey-hk2/2.31/jersey-hk2-2.31.jar:/home/runner/.m2/repository/org/glassfish/hk2/hk2-locator/2.6.1/hk2-locator-2.6.1.jar:/home/runner/.m2/repository/org/glassfish/hk2/external/aopalliance-repackaged/2.6.1/aopalliance-repackaged-2.6.1.jar:/home/runner/.m2/repository/org/glassfish/hk2/hk2-api/2.6.1/hk2-api-2.6.1.jar:/home/runner/.m2/repository/org/glassfish/hk2/hk2-utils/2.6.1/hk2-utils-2.6.1.jar:/home/runner/.m2/repository/org/javassist/javassist/3.27.0-GA/javassist-3.27.0-GA.jar:/home/runner/.m2/repository/org/eclipse/jetty/jetty-server/9.4.41.v20210516/jetty-server-9.4.41.v20210516.jar:/home/runner/.m2/repository/org/eclipse/jetty/jetty-http/9.4.41.v20210516/jetty-http-9.4.41.v20210516.jar:/home/runner/.m2/repository/org/eclipse/jetty/jetty-io/9.4.41.v20210516/jetty-io-9.4.41.v20210516.jar:/home/runner/.m2/repository/org/eclipse/jetty/jetty-servlet/9.4.41.v20210516/jetty-servlet-9.4.41.v20210516.jar:/home/runner/.m2/repository/org/eclipse/jetty/jetty-security/9.4.41.v20210516/jetty-security-9.4.41.v20210516.jar:/home/runner/.m2/repository/org/eclipse/jetty/jetty-util-ajax/9.4.41.v20210516/jetty-util-ajax-9.4.41.v20210516.jar:/home/runner/.m2/repository/org/eclipse/jetty/jetty-servlets/9.4.33.v20201020/jetty-servlets-9.4.33.v20201020.jar:/home/runner/.m2/repository/org/eclipse/jetty/jetty-continuation/9.4.33.v20201020/jetty-continuation-9.4.33.v20201020.jar:/home/runner/.m2/repository/org/eclipse/jetty/jetty-util/9.4.41.v20210516/jetty-util-9.4.41.v20210516.jar:/home/runner/.m2/repository/org/eclipse/jetty/jetty-client/9.4.33.v20201020/jetty-client-9.4.33.v20201020.jar:/home/runner/.m2/repository/org/reflections/reflections/0.9.12/reflections-0.9.12.jar:/home/runner/.m2/repository/org/apache/maven/maven-artifact/3.6.3/maven-artifact-3.6.3.jar:/home/runner/.m2/repository/org/codehaus/plexus/plexus-utils/3.2.1/plexus-utils-3.2.1.jar:/home/runner/.m2/repository/org/apache/kafka/connect-json/2.7.0/connect-json-2.7.0.jar:/home/runner/.m2/repository/org/apache/kafka/connect-file/2.7.0/connect-file-2.7.0.jar:/home/runner/.m2/repository/io/debezium/debezium-connector-postgres/1.5.2.Final/debezium-connector-postgres-1.5.2.Final.jar:/home/runner/.m2/repository/com/google/protobuf/protobuf-java/3.8.0/protobuf-java-3.8.0.jar:/home/runner/.m2/repository/org/apache/commons/commons-email/1.5/commons-email-1.5.jar:/home/runner/.m2/repository/com/sun/mail/javax.mail/1.5.6/javax.mail-1.5.6.jar:/home/runner/.m2/repository/javax/activation/activation/1.1/activation-1.1.jar:/home/runner/.m2/repository/org/apache/ant/ant-compress/1.5/ant-compress-1.5.jar:/home/runner/.m2/repository/org/apache/ant/ant/1.10.12/ant-1.10.12.jar:/home/runner/.m2/repository/org/apache/ant/ant-launcher/1.10.12/ant-launcher-1.10.12.jar:/home/runner/.m2/repository/org/tukaani/xz/1.6/xz-1.6.jar:/home/runner/.m2/repository/org/brotli/dec/0.1.2/dec-0.1.2.jar:/home/runner/.m2/repository/org/apache/poi/poi/4.1.1/poi-4.1.1.jar:/home/runner/.m2/repository/org/apache/poi/poi-ooxml/4.1.1/poi-ooxml-4.1.1.jar:/home/runner/.m2/repository/org/apache/poi/poi-ooxml-schemas/4.1.1/poi-ooxml-schemas-4.1.1.jar:/home/runner/.m2/repository/org/apache/xmlbeans/xmlbeans/3.1.0/xmlbeans-3.1.0.jar:/home/runner/.m2/repository/org/apache/commons/commons-compress/1.19/commons-compress-1.19.jar:/home/runner/.m2/repository/com/github/virtuald/curvesapi/1.06/curvesapi-1.06.jar:/home/runner/.m2/repository/org/springframework/security/spring-security-ldap/5.4.7/spring-security-ldap-5.4.7.jar:/home/runner/.m2/repository/org/springframework/ldap/spring-ldap-core/2.3.4.RELEASE/spring-ldap-core-2.3.4.RELEASE.jar:/home/runner/.m2/repository/javax/interceptor/javax.interceptor-api/1.2.1/javax.interceptor-api-1.2.1.jar:/home/runner/.m2/repository/org/jsoup/jsoup/1.14.2/jsoup-1.14.2.jar:/home/runner/.m2/repository/org/apache/jclouds/jclouds-core/2.2.0/jclouds-core-2.2.0.jar:/home/runner/.m2/repository/javax/ws/rs/javax.ws.rs-api/2.0.1/javax.ws.rs-api-2.0.1.jar:/home/runner/.m2/repository/com/google/inject/extensions/guice-assistedinject/3.0/guice-assistedinject-3.0.jar:/home/runner/.m2/repository/com/google/inject/guice/3.0/guice-3.0.jar:/home/runner/.m2/repository/aopalliance/aopalliance/1.0/aopalliance-1.0.jar:/home/runner/.m2/repository/javax/inject/javax.inject/1/javax.inject-1.jar:/home/runner/.m2/repository/javax/annotation/jsr250-api/1.0/jsr250-api-1.0.jar:/home/runner/.m2/repository/org/apache/jclouds/jclouds-blobstore/2.2.0/jclouds-blobstore-2.2.0.jar:/home/runner/.m2/repository/org/apache/jclouds/api/filesystem/2.2.0/filesystem-2.2.0.jar:/home/runner/.m2/repository/org/apache/jclouds/provider/aws-s3/2.2.0/aws-s3-2.2.0.jar:/home/runner/.m2/repository/org/apache/jclouds/api/s3/2.2.0/s3-2.2.0.jar:/home/runner/.m2/repository/com/jamesmurty/utils/java-xmlbuilder/1.1/java-xmlbuilder-1.1.jar:/home/runner/.m2/repository/net/iharder/base64/2.3.8/base64-2.3.8.jar:/home/runner/.m2/repository/org/apache/jclouds/api/sts/2.2.0/sts-2.2.0.jar:/home/runner/.m2/repository/org/imgscalr/imgscalr-lib/4.2/imgscalr-lib-4.2.jar:/home/runner/.m2/repository/org/apache/velocity/velocity/1.7/velocity-1.7.jar:/home/runner/.m2/repository/commons-collections/commons-collections/3.2.2/commons-collections-3.2.2.jar:/home/runner/.m2/repository/com/github/dhis2/sms-compression/0.2.1.1/sms-compression-0.2.1.1.jar:/home/runner/.m2/repository/javax/servlet/javax.servlet-api/3.1.0/javax.servlet-api-3.1.0.jar:/home/runner/work/dhis2-core/dhis2-core/dhis-2/dhis-services/dhis-service-administration/target/dhis-service-administration-2.38-SNAPSHOT.jar:/home/runner/work/dhis2-core/dhis2-core/dhis-2/dhis-services/dhis-service-validation/target/dhis-service-validation-2.38-SNAPSHOT.jar:/home/runner/work/dhis2-core/dhis2-core/dhis-2/dhis-services/dhis-service-program-rule/target/dhis-service-program-rule-2.38-SNAPSHOT.jar:/home/runner/.m2/repository/org/apache/commons/commons-math3/3.6.1/commons-math3-3.6.1.jar:/home/runner/work/dhis2-core/dhis2-core/dhis-2/dhis-services/dhis-service-dxf2/target/dhis-service-dxf2-2.38-SNAPSHOT.jar:/home/runner/.m2/repository/org/apache/commons/commons-text/1.8/commons-text-1.8.jar:/home/runner/.m2/repository/net/sourceforge/javacsv/javacsv/2.0/javacsv-2.0.jar:/home/runner/.m2/repository/com/lowagie/itext/2.1.7/itext-2.1.7.jar:/home/runner/.m2/repository/com/fasterxml/jackson/core/jackson-databind/2.12.1/jackson-databind-2.12.1.jar:/home/runner/.m2/repository/org/hisp/staxwax/1.4/staxwax-1.4.jar:/home/runner/.m2/repository/stax/stax-api/1.0.1/stax-api-1.0.1.jar:/home/runner/.m2/repository/org/springframework/retry/spring-retry/1.2.4.RELEASE/spring-retry-1.2.4.RELEASE.jar:/home/runner/.m2/repository/net/postgis/postgis-jdbc/2.5.0/postgis-jdbc-2.5.0.jar:/home/runner/.m2/repository/net/postgis/postgis-geometry/2.5.0/postgis-geometry-2.5.0.jar:/home/runner/.m2/repository/xerces/xercesImpl/2.12.0/xercesImpl-2.12.0.jar:/home/runner/.m2/repository/xml-apis/xml-apis/1.4.01/xml-apis-1.4.01.jar:/home/runner/.m2/repository/org/exparity/hamcrest-date/2.0.7/hamcrest-date-2.0.7.jar:/home/runner/.m2/repository/org/mockito/mockito-core/3.4.6/mockito-core-3.4.6.jar:/home/runner/.m2/repository/net/bytebuddy/byte-buddy/1.10.17/byte-buddy-1.10.17.jar:/home/runner/.m2/repository/net/bytebuddy/byte-buddy-agent/1.10.13/byte-buddy-agent-1.10.13.jar:/home/runner/.m2/repository/org/objenesis/objenesis/3.1/objenesis-3.1.jar:/home/runner/.m2/repository/org/hamcrest/hamcrest-core/1.3/hamcrest-core-1.3.jar:/home/runner/.m2/repository/org/hamcrest/hamcrest-library/1.3/hamcrest-library-1.3.jar:/home/runner/.m2/repository/org/apache/commons/commons-lang3/3.9/commons-lang3-3.9.jar:/home/runner/.m2/repository/org/hisp/quick/1.4.0/quick-1.4.0.jar:/home/runner/.m2/repository/org/springframework/spring-beans/5.3.6/spring-beans-5.3.6.jar:/home/runner/.m2/repository/commons-logging/commons-logging/1.2/commons-logging-1.2.jar:/home/runner/.m2/repository/org/hsqldb/hsqldb/2.3.2/hsqldb-2.3.2.jar:/home/runner/.m2/repository/com/google/guava/guava/30.1-jre/guava-30.1-jre.jar:/home/runner/.m2/repository/com/google/guava/failureaccess/1.0.1/failureaccess-1.0.1.jar:/home/runner/.m2/repository/com/google/guava/listenablefuture/9999.0-empty-to-avoid-conflict-with-guava/listenablefuture-9999.0-empty-to-avoid-conflict-with-guava.jar:/home/runner/.m2/repository/com/google/code/findbugs/jsr305/3.0.2/jsr305-3.0.2.jar:/home/runner/.m2/repository/org/checkerframework/checker-qual/3.5.0/checker-qual-3.5.0.jar:/home/runner/.m2/repository/com/google/errorprone/error_prone_annotations/2.3.4/error_prone_annotations-2.3.4.jar:/home/runner/.m2/repository/com/google/j2objc/j2objc-annotations/1.3/j2objc-annotations-1.3.jar:/home/runner/.m2/repository/com/scalified/tree/0.2.5/tree-0.2.5.jar:/home/runner/.m2/repository/org/projectlombok/lombok/1.18.20/lombok-1.18.20.jar:/home/runner/work/dhis2-core/dhis2-core/dhis-2/dhis-support/dhis-support-test/target/dhis-support-test-2.38-SNAPSHOT.jar:/home/runner/work/dhis2-core/dhis2-core/dhis-2/dhis-support/dhis-support-test-json/target/dhis-support-test-json-2.38-SNAPSHOT.jar:/home/runner/.m2/repository/org/springframework/spring-orm/5.3.6/spring-orm-5.3.6.jar:/home/runner/.m2/repository/org/springframework/spring-tx/5.3.6/spring-tx-5.3.6.jar:/home/runner/.m2/repository/org/springframework/spring-test/5.3.6/spring-test-5.3.6.jar:/home/runner/.m2/repository/junit/junit/4.13.1/junit-4.13.1.jar:/home/runner/.m2/repository/org/testcontainers/testcontainers/1.15.1/testcontainers-1.15.1.jar:/home/runner/.m2/repository/org/rnorth/duct-tape/duct-tape/1.0.8/duct-tape-1.0.8.jar:/home/runner/.m2/repository/org/rnorth/visible-assertions/visible-assertions/2.1.2/visible-assertions-2.1.2.jar:/home/runner/.m2/repository/net/java/dev/jna/jna/5.2.0/jna-5.2.0.jar:/home/runner/.m2/repository/com/github/docker-java/docker-java-api/3.2.7/docker-java-api-3.2.7.jar:/home/runner/.m2/repository/com/github/docker-java/docker-java-transport-zerodep/3.2.7/docker-java-transport-zerodep-3.2.7.jar:/home/runner/.m2/repository/com/github/docker-java/docker-java-transport/3.2.7/docker-java-transport-3.2.7.jar:/home/runner/.m2/repository/org/testcontainers/postgresql/1.15.1/postgresql-1.15.1.jar:/home/runner/.m2/repository/org/testcontainers/jdbc/1.15.1/jdbc-1.15.1.jar:/home/runner/.m2/repository/org/testcontainers/database-commons/1.15.1/database-commons-1.15.1.jar:/home/runner/.m2/repository/io/github/benas/random-beans/3.7.0/random-beans-3.7.0.jar:/home/runner/.m2/repository/io/github/lukehutch/fast-classpath-scanner/2.2.1/fast-classpath-scanner-2.2.1.jar:/home/runner/.m2/repository/com/google/code/gson/gson/2.8.2/gson-2.8.2.jar:"/>
    <property name="sun.cpu.endian" value="little"/>
    <property name="user.home" value="/home/runner"/>
    <property name="user.language" value="en"/>
    <property name="java.specification.vendor" value="Oracle Corporation"/>
    <property name="java.version.date" value="2021-10-19"/>
    <property name="java.home" value="/opt/hostedtoolcache/Java_Zulu_jdk/11.0.13-8/x64"/>
    <property name="org.testcontainers.shaded.io.netty.packagePrefix" value="org.testcontainers.shaded."/>
    <property name="file.separator" value="/"/>
    <property name="basedir" value="/home/runner/work/dhis2-core/dhis2-core/dhis-2/dhis-services/dhis-service-analytics"/>
    <property name="java.vm.compressedOopsMode" value="32-bit"/>
    <property name="line.separator" value="&#10;"/>
    <property name="java.specification.name" value="Java Platform API Specification"/>
    <property name="java.vm.specification.vendor" value="Oracle Corporation"/>
    <property name="jdk.vendor.version" value="Zulu11.52+13-CA"/>
    <property name="maven.wagon.http.retryHandler.class" value="standard"/>
    <property name="java.awt.graphicsenv" value="sun.awt.X11GraphicsEnvironment"/>
    <property name="surefire.real.class.path" value="/home/runner/work/dhis2-core/dhis2-core/dhis-2/dhis-services/dhis-service-analytics/target/surefire/surefirebooter2232694311584946384.jar"/>
    <property name="sun.management.compiler" value="HotSpot 64-Bit Tiered Compilers"/>
    <property name="java.runtime.version" value="11.0.13+8-LTS"/>
    <property name="user.name" value="runner"/>
    <property name="path.separator" value=":"/>
    <property name="os.version" value="5.8.0-1042-azure"/>
    <property name="java.runtime.name" value="OpenJDK Runtime Environment"/>
    <property name="file.encoding" value="UTF-8"/>
    <property name="jnidispatch.path" value="/home/runner/.cache/JNA/temp/jna13722745591119646187.tmp"/>
    <property name="java.vm.name" value="OpenJDK 64-Bit Server VM"/>
    <property name="jna.platform.library.path" value="/usr/lib/x86_64-linux-gnu:/lib/x86_64-linux-gnu:/usr/lib64:/lib64:/usr/lib:/lib:/lib32:/usr/lib/x86_64-linux-gnu/libfakeroot"/>
    <property name="java.vendor.version" value="Zulu11.52+13-CA"/>
    <property name="localRepository" value="/home/runner/.m2/repository"/>
    <property name="jna.loaded" value="true"/>
    <property name="http.maxConnections" value="20"/>
    <property name="java.vendor.url.bug" value="http://www.azul.com/support/"/>
    <property name="maven.wagon.httpconnectionManager.ttlSeconds" value="125"/>
    <property name="java.io.tmpdir" value="/tmp"/>
    <property name="java.version" value="11.0.13"/>
    <property name="user.dir" value="/home/runner/work/dhis2-core/dhis2-core/dhis-2/dhis-services/dhis-service-analytics"/>
    <property name="os.arch" value="amd64"/>
    <property name="java.vm.specification.name" value="Java Virtual Machine Specification"/>
    <property name="java.awt.printerjob" value="sun.print.PSPrinterJob"/>
    <property name="sun.os.patch.level" value="unknown"/>
    <property name="java.util.logging.manager" value="org.jboss.logmanager.LogManager"/>
    <property name="java.library.path" value="/usr/java/packages/lib:/usr/lib64:/lib64:/lib:/usr/lib"/>
    <property name="java.vm.info" value="mixed mode"/>
    <property name="java.vendor" value="Azul Systems, Inc."/>
    <property name="java.vm.version" value="11.0.13+8-LTS"/>
    <property name="sun.io.unicode.encoding" value="UnicodeLittle"/>
    <property name="java.class.version" value="55.0"/>
  </properties>
  <testcase name="testMappingAggregation" classname="org.hisp.dhis.analytics.data.AnalyticsServiceTest" time="46.089">
    <system-out><![CDATA[* INFO  15:32:37,771 Found 7 analytics table types: [ORG_UNIT_TARGET, EVENT, VALIDATION_RESULT, DATA_VALUE, COMPLETENESS_TARGET, COMPLETENESS, ENROLLMENT] (DefaultAnalyticsTableGenerator.java [main])
* INFO  15:32:37,772 Analytics table update: AnalyticsTableUpdateParams{last years=null, skip resource tables=false, skip table types=[], skip programs=[], start time=2021-10-29T15:32:37} (DefaultAnalyticsTableGenerator.java [main])
* INFO  15:32:37,772 Last successful analytics table update: 'null' (DefaultAnalyticsTableGenerator.java [main])
* INFO  15:32:37,778 Generating resource table: '_orgunitstructure' (JdbcResourceTableStore.java [main])
* INFO  15:32:37,808 Resource table '_orgunitstructure' update done: '00:00:00.030' (JdbcResourceTableStore.java [main])
* INFO  15:32:37,813 Generating resource table: '_datasetorganisationunitcategory' (JdbcResourceTableStore.java [main])
* INFO  15:32:37,822 Resource table '_datasetorganisationunitcategory' update done: '00:00:00.008' (JdbcResourceTableStore.java [main])
* INFO  15:32:37,824 Generating resource table: '_categoryoptioncomboname' (JdbcResourceTableStore.java [main])
* INFO  15:32:37,831 Resource table '_categoryoptioncomboname' update done: '00:00:00.006' (JdbcResourceTableStore.java [main])
* INFO  15:32:37,835 Generating resource table: '_dataelementgroupsetstructure' (JdbcResourceTableStore.java [main])
* INFO  15:32:37,842 Resource table '_dataelementgroupsetstructure' update done: '00:00:00.006' (JdbcResourceTableStore.java [main])
* INFO  15:32:37,845 Generating resource table: '_indicatorgroupsetstructure' (JdbcResourceTableStore.java [main])
* INFO  15:32:37,851 Resource table '_indicatorgroupsetstructure' update done: '00:00:00.006' (JdbcResourceTableStore.java [main])
* INFO  15:32:37,855 Generating resource table: '_organisationunitgroupsetstructure' (JdbcResourceTableStore.java [main])
* INFO  15:32:37,866 Resource table '_organisationunitgroupsetstructure' update done: '00:00:00.011' (JdbcResourceTableStore.java [main])
* INFO  15:32:37,870 Generating resource table: '_categorystructure' (JdbcResourceTableStore.java [main])
* INFO  15:32:37,879 Resource table '_categorystructure' update done: '00:00:00.009' (JdbcResourceTableStore.java [main])
* INFO  15:32:37,882 Generating resource table: '_dataelementstructure' (JdbcResourceTableStore.java [main])
* INFO  15:32:37,900 Resource table '_dataelementstructure' update done: '00:00:00.017' (JdbcResourceTableStore.java [main])
* INFO  15:32:37,902 Generating resource table: '_periodstructure' (JdbcResourceTableStore.java [main])
* INFO  15:32:37,929 Resource table '_periodstructure' update done: '00:00:00.026' (JdbcResourceTableStore.java [main])
* INFO  15:32:37,930 Generating resource table: '_dateperiodstructure' (JdbcResourceTableStore.java [main])
* INFO  15:33:19,838 Resource table '_dateperiodstructure' update done: '00:00:41.907' (JdbcResourceTableStore.java [main])
* INFO  15:33:19,838 Generating resource table: '_dataelementcategoryoptioncombo' (JdbcResourceTableStore.java [main])
* INFO  15:33:19,846 Resource table '_dataelementcategoryoptioncombo' update done: '00:00:00.007' (JdbcResourceTableStore.java [main])
* INFO  15:33:19,854 Analytics table update parameters: AnalyticsTableUpdateParams{last years=null, skip resource tables=false, skip table types=[], skip programs=[], start time=2021-10-29T15:32:37} (DefaultAnalyticsTableService.java [main])
* INFO  15:33:19,854 Starting update of type: DATA_VALUE, table name: 'analytics', processes: 2: 00:00:00.000 (Clock.java [main])
* INFO  15:33:19,874 Table update start: analytics, earliest: null, parameters: AnalyticsTableUpdateParams{last years=null, skip resource tables=false, skip table types=[], skip programs=[], start time=2021-10-29T15:32:37}: 00:00:00.019 (Clock.java [main])
* INFO  15:33:19,878 Performed pre-create table work: 00:00:00.023 (Clock.java [main])
* INFO  15:33:19,878 Dropped temp tables: 00:00:00.024 (Clock.java [main])
* INFO  15:33:19,886 Created analytics tables: 00:00:00.031 (Clock.java [main])
* INFO  15:33:19,887 Populate table task number: 1 (DefaultAnalyticsTableService.java [main])
* INFO  15:33:19,924 Populate analytics_temp_2017 [INTEGER, INTEGER_POSITIVE, INTEGER_NEGATIVE, INTEGER_ZERO_OR_POSITIVE, NUMBER, UNIT_INTERVAL, PERCENTAGE] in: 0.020499 sec. (AbstractJdbcTableManager.java [taskScheduler-19])
* INFO  15:33:19,955 Populate analytics_temp_2017 [TRUE_ONLY, BOOLEAN] in: 0.018514 sec. (AbstractJdbcTableManager.java [taskScheduler-19])
* INFO  15:33:19,980 Populate analytics_temp_2017 [BOOLEAN] in: 0.014400 sec. (AbstractJdbcTableManager.java [taskScheduler-19])
* INFO  15:33:20,010 Populate analytics_temp_2017 [TEXT, LONG_TEXT, LETTER, TIME, USERNAME, EMAIL, PHONE_NUMBER, URL, DATE, DATETIME, AGE] in: 0.017994 sec. (AbstractJdbcTableManager.java [taskScheduler-19])
* INFO  15:33:20,010 Populated analytics tables: 00:00:00.155 (Clock.java [main])
* INFO  15:33:20,013 Invoked analytics table hooks: 00:00:00.158 (Clock.java [main])
* INFO  15:33:20,021 Applied aggregation levels: 00:00:00.166 (Clock.java [main])
* INFO  15:33:20,021 No of analytics table indexes: 35 (DefaultAnalyticsTableService.java [main])
* INFO  15:33:20,065 Created indexes: 00:00:00.210 (Clock.java [main])
* INFO  15:33:20,067 Analyzed tables: 00:00:00.212 (Clock.java [main])
* INFO  15:33:20,067 Removed updated and deleted data: 00:00:00.213 (Clock.java [main])
* INFO  15:33:20,071 Swapping table, master table exists: true, skip master table: false (AbstractJdbcTableManager.java [main])
* INFO  15:33:20,076 Table update done: analytics: 00:00:00.222 (Clock.java [main])
* INFO  15:33:20,078 Analytics table update parameters: AnalyticsTableUpdateParams{last years=null, skip resource tables=false, skip table types=[], skip programs=[], start time=2021-10-29T15:32:37} (DefaultAnalyticsTableService.java [main])
* INFO  15:33:20,079 Starting update of type: COMPLETENESS, table name: 'analytics_completeness', processes: 2: 00:00:00.000 (Clock.java [main])
* INFO  15:33:20,095 Table update start: analytics_completeness, earliest: null, parameters: AnalyticsTableUpdateParams{last years=null, skip resource tables=false, skip table types=[], skip programs=[], start time=2021-10-29T15:32:37}: 00:00:00.016 (Clock.java [main])
* INFO  15:33:20,096 Performed pre-create table work: 00:00:00.016 (Clock.java [main])
* INFO  15:33:20,096 Dropped temp tables: 00:00:00.017 (Clock.java [main])
* INFO  15:33:20,103 Created analytics tables: 00:00:00.024 (Clock.java [main])
* INFO  15:33:20,105 Populate table task number: 1 (DefaultAnalyticsTableService.java [main])
* INFO  15:33:20,112 Populate analytics_completeness_temp_2017 in: 0.006586 sec. (AbstractJdbcTableManager.java [taskScheduler-13])
* INFO  15:33:20,112 Populated analytics tables: 00:00:00.033 (Clock.java [main])
* INFO  15:33:20,114 Invoked analytics table hooks: 00:00:00.035 (Clock.java [main])
* INFO  15:33:20,120 Applied aggregation levels: 00:00:00.041 (Clock.java [main])
* INFO  15:33:20,120 No of analytics table indexes: 28 (DefaultAnalyticsTableService.java [main])
* INFO  15:33:20,165 Created indexes: 00:00:00.086 (Clock.java [main])
* INFO  15:33:20,168 Analyzed tables: 00:00:00.088 (Clock.java [main])
* INFO  15:33:20,168 Removed updated and deleted data: 00:00:00.089 (Clock.java [main])
* INFO  15:33:20,171 Swapping table, master table exists: true, skip master table: false (AbstractJdbcTableManager.java [main])
* INFO  15:33:20,176 Table update done: analytics_completeness: 00:00:00.096 (Clock.java [main])
* INFO  15:33:20,177 Analytics table update parameters: AnalyticsTableUpdateParams{last years=null, skip resource tables=false, skip table types=[], skip programs=[], start time=2021-10-29T15:32:37} (DefaultAnalyticsTableService.java [main])
* INFO  15:33:20,177 Starting update of type: COMPLETENESS_TARGET, table name: 'analytics_completenesstarget', processes: 2: 00:00:00.000 (Clock.java [main])
* INFO  15:33:20,183 Table update start: analytics_completenesstarget, earliest: null, parameters: AnalyticsTableUpdateParams{last years=null, skip resource tables=false, skip table types=[], skip programs=[], start time=2021-10-29T15:32:37}: 00:00:00.005 (Clock.java [main])
* INFO  15:33:20,183 Performed pre-create table work: 00:00:00.005 (Clock.java [main])
* INFO  15:33:20,184 Dropped temp tables: 00:00:00.006 (Clock.java [main])
* INFO  15:33:20,186 Created analytics tables: 00:00:00.008 (Clock.java [main])
* INFO  15:33:20,187 Populate table task number: 1 (DefaultAnalyticsTableService.java [main])
* INFO  15:33:20,191 Populate analytics_completenesstarget_temp in: 0.003161 sec. (AbstractJdbcTableManager.java [taskScheduler-22])
* INFO  15:33:20,191 Populated analytics tables: 00:00:00.014 (Clock.java [main])
* INFO  15:33:20,193 Invoked analytics table hooks: 00:00:00.015 (Clock.java [main])
* INFO  15:33:20,199 Applied aggregation levels: 00:00:00.021 (Clock.java [main])
* INFO  15:33:20,200 No of analytics table indexes: 12 (DefaultAnalyticsTableService.java [main])
* INFO  15:33:20,216 Created indexes: 00:00:00.038 (Clock.java [main])
* INFO  15:33:20,218 Analyzed tables: 00:00:00.040 (Clock.java [main])
* INFO  15:33:20,218 Removed updated and deleted data: 00:00:00.040 (Clock.java [main])
* INFO  15:33:20,221 Swapping table, master table exists: true, skip master table: false (AbstractJdbcTableManager.java [main])
* INFO  15:33:20,224 Table update done: analytics_completenesstarget: 00:00:00.046 (Clock.java [main])
* INFO  15:33:20,225 Analytics table update parameters: AnalyticsTableUpdateParams{last years=null, skip resource tables=false, skip table types=[], skip programs=[], start time=2021-10-29T15:32:37} (DefaultAnalyticsTableService.java [main])
* INFO  15:33:20,226 Starting update of type: ORG_UNIT_TARGET, table name: 'analytics_orgunittarget', processes: 2: 00:00:00.000 (Clock.java [main])
* INFO  15:33:20,229 Table update start: analytics_orgunittarget, earliest: null, parameters: AnalyticsTableUpdateParams{last years=null, skip resource tables=false, skip table types=[], skip programs=[], start time=2021-10-29T15:32:37}: 00:00:00.003 (Clock.java [main])
* INFO  15:33:20,229 Performed pre-create table work: 00:00:00.003 (Clock.java [main])
* INFO  15:33:20,230 Dropped temp tables: 00:00:00.004 (Clock.java [main])
* INFO  15:33:20,232 Created analytics tables: 00:00:00.006 (Clock.java [main])
* INFO  15:33:20,233 Populate table task number: 1 (DefaultAnalyticsTableService.java [main])
* INFO  15:33:20,235 analytics_orgunittarget_temp in: 0.001002 sec. (AbstractJdbcTableManager.java [taskScheduler-24])
* INFO  15:33:20,235 Populated analytics tables: 00:00:00.009 (Clock.java [main])
* INFO  15:33:20,237 Invoked analytics table hooks: 00:00:00.011 (Clock.java [main])
* INFO  15:33:20,244 Applied aggregation levels: 00:00:00.017 (Clock.java [main])
* INFO  15:33:20,244 No of analytics table indexes: 4 (DefaultAnalyticsTableService.java [main])
* INFO  15:33:20,252 Created indexes: 00:00:00.026 (Clock.java [main])
* INFO  15:33:20,254 Analyzed tables: 00:00:00.027 (Clock.java [main])
* INFO  15:33:20,254 Removed updated and deleted data: 00:00:00.028 (Clock.java [main])
* INFO  15:33:20,257 Swapping table, master table exists: true, skip master table: false (AbstractJdbcTableManager.java [main])
* INFO  15:33:20,260 Table update done: analytics_orgunittarget: 00:00:00.033 (Clock.java [main])
* INFO  15:33:20,261 Analytics table update parameters: AnalyticsTableUpdateParams{last years=null, skip resource tables=false, skip table types=[], skip programs=[], start time=2021-10-29T15:32:37} (DefaultAnalyticsTableService.java [main])
* INFO  15:33:20,261 Starting update of type: EVENT, table name: 'analytics_event', processes: 2: 00:00:00.000 (Clock.java [main])
* INFO  15:33:20,265 Analytics table update parameters: AnalyticsTableUpdateParams{last years=null, skip resource tables=false, skip table types=[], skip programs=[], start time=2021-10-29T15:32:37} (DefaultAnalyticsTableService.java [main])
* INFO  15:33:20,265 Starting update of type: VALIDATION_RESULT, table name: 'analytics_validationresult', processes: 2: 00:00:00.000 (Clock.java [main])
* INFO  15:33:20,277 Table update start: analytics_validationresult, earliest: null, parameters: AnalyticsTableUpdateParams{last years=null, skip resource tables=false, skip table types=[], skip programs=[], start time=2021-10-29T15:32:37}: 00:00:00.011 (Clock.java [main])
* INFO  15:33:20,277 Performed pre-create table work: 00:00:00.012 (Clock.java [main])
* INFO  15:33:20,278 Dropped temp tables: 00:00:00.012 (Clock.java [main])
* INFO  15:33:20,284 Created analytics tables: 00:00:00.019 (Clock.java [main])
* INFO  15:33:20,286 Populate table task number: 1 (DefaultAnalyticsTableService.java [main])
* INFO  15:33:20,290 Populate analytics_validationresult_temp_2017 in: 0.003130 sec. (AbstractJdbcTableManager.java [taskScheduler-17])
* INFO  15:33:20,290 Populated analytics tables: 00:00:00.024 (Clock.java [main])
* INFO  15:33:20,292 Invoked analytics table hooks: 00:00:00.026 (Clock.java [main])
* INFO  15:33:20,297 Applied aggregation levels: 00:00:00.032 (Clock.java [main])
* INFO  15:33:20,299 No of analytics table indexes: 28 (DefaultAnalyticsTableService.java [main])
* INFO  15:33:20,334 Created indexes: 00:00:00.068 (Clock.java [main])
* INFO  15:33:20,336 Analyzed tables: 00:00:00.071 (Clock.java [main])
* INFO  15:33:20,336 Removed updated and deleted data: 00:00:00.071 (Clock.java [main])
* INFO  15:33:20,341 Swapping table, master table exists: true, skip master table: false (AbstractJdbcTableManager.java [main])
* INFO  15:33:20,345 Table update done: analytics_validationresult: 00:00:00.080 (Clock.java [main])
* INFO  15:33:20,347 Analytics table update parameters: AnalyticsTableUpdateParams{last years=null, skip resource tables=false, skip table types=[], skip programs=[], start time=2021-10-29T15:32:37} (DefaultAnalyticsTableService.java [main])
* INFO  15:33:20,347 Starting update of type: ENROLLMENT, table name: 'analytics_enrollment', processes: 2: 00:00:00.000 (Clock.java [main])
* INFO  15:33:20,350 Analytics tables updated: 00:00:42.583 (Clock.java [main])
* INFO  15:33:21,689 Analytics tables dropped (DefaultAnalyticsTableService.java [main])
* INFO  15:33:21,695 Analytics tables dropped (DefaultAnalyticsTableService.java [main])
* INFO  15:33:21,698 Analytics tables dropped (DefaultAnalyticsTableService.java [main])
* INFO  15:33:21,700 Analytics tables dropped (DefaultAnalyticsTableService.java [main])
* INFO  15:33:21,701 Analytics tables dropped (DefaultAnalyticsTableService.java [main])
* INFO  15:33:21,705 Analytics tables dropped (DefaultAnalyticsTableService.java [main])
* INFO  15:33:21,705 Analytics tables dropped (DefaultAnalyticsTableService.java [main])
]]></system-out>
  </testcase>
  <testcase name="queryValidationResultTable" classname="org.hisp.dhis.analytics.data.AnalyticsServiceTest" time="41.134">
    <system-out><![CDATA[* INFO  15:33:23,397 Found 7 analytics table types: [ORG_UNIT_TARGET, EVENT, VALIDATION_RESULT, DATA_VALUE, COMPLETENESS_TARGET, COMPLETENESS, ENROLLMENT] (DefaultAnalyticsTableGenerator.java [main])
* INFO  15:33:23,397 Analytics table update: AnalyticsTableUpdateParams{last years=null, skip resource tables=false, skip table types=[], skip programs=[], start time=2021-10-29T15:33:23} (DefaultAnalyticsTableGenerator.java [main])
* INFO  15:33:23,398 Last successful analytics table update: 'null' (DefaultAnalyticsTableGenerator.java [main])
* INFO  15:33:23,401 Generating resource table: '_orgunitstructure' (JdbcResourceTableStore.java [main])
* INFO  15:33:23,418 Resource table '_orgunitstructure' update done: '00:00:00.016' (JdbcResourceTableStore.java [main])
* INFO  15:33:23,422 Generating resource table: '_datasetorganisationunitcategory' (JdbcResourceTableStore.java [main])
* INFO  15:33:23,430 Resource table '_datasetorganisationunitcategory' update done: '00:00:00.007' (JdbcResourceTableStore.java [main])
* INFO  15:33:23,432 Generating resource table: '_categoryoptioncomboname' (JdbcResourceTableStore.java [main])
* INFO  15:33:23,438 Resource table '_categoryoptioncomboname' update done: '00:00:00.005' (JdbcResourceTableStore.java [main])
* INFO  15:33:23,440 Generating resource table: '_dataelementgroupsetstructure' (JdbcResourceTableStore.java [main])
* INFO  15:33:23,446 Resource table '_dataelementgroupsetstructure' update done: '00:00:00.005' (JdbcResourceTableStore.java [main])
* INFO  15:33:23,448 Generating resource table: '_indicatorgroupsetstructure' (JdbcResourceTableStore.java [main])
* INFO  15:33:23,456 Resource table '_indicatorgroupsetstructure' update done: '00:00:00.007' (JdbcResourceTableStore.java [main])
* INFO  15:33:23,459 Generating resource table: '_organisationunitgroupsetstructure' (JdbcResourceTableStore.java [main])
* INFO  15:33:23,470 Resource table '_organisationunitgroupsetstructure' update done: '00:00:00.010' (JdbcResourceTableStore.java [main])
* INFO  15:33:23,473 Generating resource table: '_categorystructure' (JdbcResourceTableStore.java [main])
* INFO  15:33:23,483 Resource table '_categorystructure' update done: '00:00:00.009' (JdbcResourceTableStore.java [main])
* INFO  15:33:23,485 Generating resource table: '_dataelementstructure' (JdbcResourceTableStore.java [main])
* INFO  15:33:23,502 Resource table '_dataelementstructure' update done: '00:00:00.016' (JdbcResourceTableStore.java [main])
* INFO  15:33:23,504 Generating resource table: '_periodstructure' (JdbcResourceTableStore.java [main])
* INFO  15:33:23,528 Resource table '_periodstructure' update done: '00:00:00.023' (JdbcResourceTableStore.java [main])
* INFO  15:33:23,529 Generating resource table: '_dateperiodstructure' (JdbcResourceTableStore.java [main])
* INFO  15:34:02,351 Resource table '_dateperiodstructure' update done: '00:00:38.821' (JdbcResourceTableStore.java [main])
* INFO  15:34:02,351 Generating resource table: '_dataelementcategoryoptioncombo' (JdbcResourceTableStore.java [main])
* INFO  15:34:02,359 Resource table '_dataelementcategoryoptioncombo' update done: '00:00:00.007' (JdbcResourceTableStore.java [main])
* INFO  15:34:02,367 Analytics table update parameters: AnalyticsTableUpdateParams{last years=null, skip resource tables=false, skip table types=[], skip programs=[], start time=2021-10-29T15:33:23} (DefaultAnalyticsTableService.java [main])
* INFO  15:34:02,367 Starting update of type: DATA_VALUE, table name: 'analytics', processes: 2: 00:00:00.000 (Clock.java [main])
* INFO  15:34:02,382 Table update start: analytics, earliest: null, parameters: AnalyticsTableUpdateParams{last years=null, skip resource tables=false, skip table types=[], skip programs=[], start time=2021-10-29T15:33:23}: 00:00:00.015 (Clock.java [main])
* INFO  15:34:02,386 Performed pre-create table work: 00:00:00.018 (Clock.java [main])
* INFO  15:34:02,386 Dropped temp tables: 00:00:00.019 (Clock.java [main])
* INFO  15:34:02,390 Created analytics tables: 00:00:00.023 (Clock.java [main])
* INFO  15:34:02,393 Populate table task number: 1 (DefaultAnalyticsTableService.java [main])
* INFO  15:34:02,430 Populate analytics_temp_2017 [INTEGER, INTEGER_POSITIVE, INTEGER_NEGATIVE, INTEGER_ZERO_OR_POSITIVE, NUMBER, UNIT_INTERVAL, PERCENTAGE] in: 0.020753 sec. (AbstractJdbcTableManager.java [taskScheduler-13])
* INFO  15:34:02,468 Populate analytics_temp_2017 [TRUE_ONLY, BOOLEAN] in: 0.019360 sec. (AbstractJdbcTableManager.java [taskScheduler-13])
* INFO  15:34:02,493 Populate analytics_temp_2017 [BOOLEAN] in: 0.014920 sec. (AbstractJdbcTableManager.java [taskScheduler-13])
* INFO  15:34:02,519 Populate analytics_temp_2017 [TEXT, LONG_TEXT, LETTER, TIME, USERNAME, EMAIL, PHONE_NUMBER, URL, DATE, DATETIME, AGE] in: 0.014801 sec. (AbstractJdbcTableManager.java [taskScheduler-13])
* INFO  15:34:02,519 Populated analytics tables: 00:00:00.152 (Clock.java [main])
* INFO  15:34:02,522 Invoked analytics table hooks: 00:00:00.154 (Clock.java [main])
* INFO  15:34:02,527 Applied aggregation levels: 00:00:00.160 (Clock.java [main])
* INFO  15:34:02,528 No of analytics table indexes: 35 (DefaultAnalyticsTableService.java [main])
* INFO  15:34:02,564 Created indexes: 00:00:00.197 (Clock.java [main])
* INFO  15:34:02,570 Analyzed tables: 00:00:00.203 (Clock.java [main])
* INFO  15:34:02,571 Removed updated and deleted data: 00:00:00.203 (Clock.java [main])
* INFO  15:34:02,573 Swapping table, master table exists: true, skip master table: false (AbstractJdbcTableManager.java [main])
* INFO  15:34:02,582 Table update done: analytics: 00:00:00.215 (Clock.java [main])
* INFO  15:34:02,584 Analytics table update parameters: AnalyticsTableUpdateParams{last years=null, skip resource tables=false, skip table types=[], skip programs=[], start time=2021-10-29T15:33:23} (DefaultAnalyticsTableService.java [main])
* INFO  15:34:02,584 Starting update of type: COMPLETENESS, table name: 'analytics_completeness', processes: 2: 00:00:00.000 (Clock.java [main])
* INFO  15:34:02,593 Table update start: analytics_completeness, earliest: null, parameters: AnalyticsTableUpdateParams{last years=null, skip resource tables=false, skip table types=[], skip programs=[], start time=2021-10-29T15:33:23}: 00:00:00.008 (Clock.java [main])
* INFO  15:34:02,593 Performed pre-create table work: 00:00:00.008 (Clock.java [main])
* INFO  15:34:02,593 Dropped temp tables: 00:00:00.009 (Clock.java [main])
* INFO  15:34:02,601 Created analytics tables: 00:00:00.016 (Clock.java [main])
* INFO  15:34:02,602 Populate table task number: 1 (DefaultAnalyticsTableService.java [main])
* INFO  15:34:02,611 Populate analytics_completeness_temp_2017 in: 0.008293 sec. (AbstractJdbcTableManager.java [taskScheduler-14])
* INFO  15:34:02,611 Populated analytics tables: 00:00:00.027 (Clock.java [main])
* INFO  15:34:02,613 Invoked analytics table hooks: 00:00:00.029 (Clock.java [main])
* INFO  15:34:02,619 Applied aggregation levels: 00:00:00.034 (Clock.java [main])
* INFO  15:34:02,619 No of analytics table indexes: 28 (DefaultAnalyticsTableService.java [main])
* INFO  15:34:02,645 Created indexes: 00:00:00.061 (Clock.java [main])
* INFO  15:34:02,647 Analyzed tables: 00:00:00.063 (Clock.java [main])
* INFO  15:34:02,647 Removed updated and deleted data: 00:00:00.063 (Clock.java [main])
* INFO  15:34:02,650 Swapping table, master table exists: true, skip master table: false (AbstractJdbcTableManager.java [main])
* INFO  15:34:02,656 Table update done: analytics_completeness: 00:00:00.072 (Clock.java [main])
* INFO  15:34:02,658 Analytics table update parameters: AnalyticsTableUpdateParams{last years=null, skip resource tables=false, skip table types=[], skip programs=[], start time=2021-10-29T15:33:23} (DefaultAnalyticsTableService.java [main])
* INFO  15:34:02,658 Starting update of type: COMPLETENESS_TARGET, table name: 'analytics_completenesstarget', processes: 2: 00:00:00.000 (Clock.java [main])
* INFO  15:34:02,662 Table update start: analytics_completenesstarget, earliest: null, parameters: AnalyticsTableUpdateParams{last years=null, skip resource tables=false, skip table types=[], skip programs=[], start time=2021-10-29T15:33:23}: 00:00:00.004 (Clock.java [main])
* INFO  15:34:02,663 Performed pre-create table work: 00:00:00.004 (Clock.java [main])
* INFO  15:34:02,663 Dropped temp tables: 00:00:00.005 (Clock.java [main])
* INFO  15:34:02,665 Created analytics tables: 00:00:00.007 (Clock.java [main])
* INFO  15:34:02,666 Populate table task number: 1 (DefaultAnalyticsTableService.java [main])
* INFO  15:34:02,670 Populate analytics_completenesstarget_temp in: 0.003563 sec. (AbstractJdbcTableManager.java [taskScheduler-23])
* INFO  15:34:02,671 Populated analytics tables: 00:00:00.012 (Clock.java [main])
* INFO  15:34:02,673 Invoked analytics table hooks: 00:00:00.015 (Clock.java [main])
* INFO  15:34:02,678 Applied aggregation levels: 00:00:00.019 (Clock.java [main])
* INFO  15:34:02,678 No of analytics table indexes: 12 (DefaultAnalyticsTableService.java [main])
* INFO  15:34:02,693 Created indexes: 00:00:00.034 (Clock.java [main])
* INFO  15:34:02,693 Analyzed tables: 00:00:00.035 (Clock.java [main])
* INFO  15:34:02,694 Removed updated and deleted data: 00:00:00.035 (Clock.java [main])
* INFO  15:34:02,696 Swapping table, master table exists: true, skip master table: false (AbstractJdbcTableManager.java [main])
* INFO  15:34:02,698 Table update done: analytics_completenesstarget: 00:00:00.040 (Clock.java [main])
* INFO  15:34:02,700 Analytics table update parameters: AnalyticsTableUpdateParams{last years=null, skip resource tables=false, skip table types=[], skip programs=[], start time=2021-10-29T15:33:23} (DefaultAnalyticsTableService.java [main])
* INFO  15:34:02,700 Starting update of type: ORG_UNIT_TARGET, table name: 'analytics_orgunittarget', processes: 2: 00:00:00.000 (Clock.java [main])
* INFO  15:34:02,702 Table update start: analytics_orgunittarget, earliest: null, parameters: AnalyticsTableUpdateParams{last years=null, skip resource tables=false, skip table types=[], skip programs=[], start time=2021-10-29T15:33:23}: 00:00:00.002 (Clock.java [main])
* INFO  15:34:02,703 Performed pre-create table work: 00:00:00.002 (Clock.java [main])
* INFO  15:34:02,703 Dropped temp tables: 00:00:00.003 (Clock.java [main])
* INFO  15:34:02,705 Created analytics tables: 00:00:00.005 (Clock.java [main])
* INFO  15:34:02,706 Populate table task number: 1 (DefaultAnalyticsTableService.java [main])
* INFO  15:34:02,708 analytics_orgunittarget_temp in: 0.001014 sec. (AbstractJdbcTableManager.java [taskScheduler-25])
* INFO  15:34:02,708 Populated analytics tables: 00:00:00.008 (Clock.java [main])
* INFO  15:34:02,710 Invoked analytics table hooks: 00:00:00.009 (Clock.java [main])
* INFO  15:34:02,715 Applied aggregation levels: 00:00:00.014 (Clock.java [main])
* INFO  15:34:02,715 No of analytics table indexes: 4 (DefaultAnalyticsTableService.java [main])
* INFO  15:34:02,721 Created indexes: 00:00:00.021 (Clock.java [main])
* INFO  15:34:02,722 Analyzed tables: 00:00:00.021 (Clock.java [main])
* INFO  15:34:02,722 Removed updated and deleted data: 00:00:00.022 (Clock.java [main])
* INFO  15:34:02,725 Swapping table, master table exists: true, skip master table: false (AbstractJdbcTableManager.java [main])
* INFO  15:34:02,734 Table update done: analytics_orgunittarget: 00:00:00.033 (Clock.java [main])
* INFO  15:34:02,735 Analytics table update parameters: AnalyticsTableUpdateParams{last years=null, skip resource tables=false, skip table types=[], skip programs=[], start time=2021-10-29T15:33:23} (DefaultAnalyticsTableService.java [main])
* INFO  15:34:02,735 Starting update of type: EVENT, table name: 'analytics_event', processes: 2: 00:00:00.000 (Clock.java [main])
* INFO  15:34:02,737 Analytics table update parameters: AnalyticsTableUpdateParams{last years=null, skip resource tables=false, skip table types=[], skip programs=[], start time=2021-10-29T15:33:23} (DefaultAnalyticsTableService.java [main])
* INFO  15:34:02,737 Starting update of type: VALIDATION_RESULT, table name: 'analytics_validationresult', processes: 2: 00:00:00.000 (Clock.java [main])
* INFO  15:34:02,747 Table update start: analytics_validationresult, earliest: null, parameters: AnalyticsTableUpdateParams{last years=null, skip resource tables=false, skip table types=[], skip programs=[], start time=2021-10-29T15:33:23}: 00:00:00.009 (Clock.java [main])
* INFO  15:34:02,747 Performed pre-create table work: 00:00:00.009 (Clock.java [main])
* INFO  15:34:02,747 Dropped temp tables: 00:00:00.010 (Clock.java [main])
* INFO  15:34:02,756 Created analytics tables: 00:00:00.018 (Clock.java [main])
* INFO  15:34:02,757 Populate table task number: 1 (DefaultAnalyticsTableService.java [main])
* INFO  15:34:02,762 Populate analytics_validationresult_temp_2017 in: 0.004265 sec. (AbstractJdbcTableManager.java [taskScheduler-5])
* INFO  15:34:02,762 Populated analytics tables: 00:00:00.024 (Clock.java [main])
* INFO  15:34:02,763 Invoked analytics table hooks: 00:00:00.026 (Clock.java [main])
* INFO  15:34:02,768 Applied aggregation levels: 00:00:00.031 (Clock.java [main])
* INFO  15:34:02,769 No of analytics table indexes: 28 (DefaultAnalyticsTableService.java [main])
* INFO  15:34:02,802 Created indexes: 00:00:00.065 (Clock.java [main])
* INFO  15:34:02,804 Analyzed tables: 00:00:00.066 (Clock.java [main])
* INFO  15:34:02,804 Removed updated and deleted data: 00:00:00.067 (Clock.java [main])
* INFO  15:34:02,807 Swapping table, master table exists: true, skip master table: false (AbstractJdbcTableManager.java [main])
* INFO  15:34:02,811 Table update done: analytics_validationresult: 00:00:00.073 (Clock.java [main])
* INFO  15:34:02,812 Analytics table update parameters: AnalyticsTableUpdateParams{last years=null, skip resource tables=false, skip table types=[], skip programs=[], start time=2021-10-29T15:33:23} (DefaultAnalyticsTableService.java [main])
* INFO  15:34:02,813 Starting update of type: ENROLLMENT, table name: 'analytics_enrollment', processes: 2: 00:00:00.000 (Clock.java [main])
* INFO  15:34:02,814 Analytics tables updated: 00:00:39.419 (Clock.java [main])
* INFO  15:34:02,839 Analytics tables dropped (DefaultAnalyticsTableService.java [main])
* INFO  15:34:02,843 Analytics tables dropped (DefaultAnalyticsTableService.java [main])
* INFO  15:34:02,848 Analytics tables dropped (DefaultAnalyticsTableService.java [main])
* INFO  15:34:02,852 Analytics tables dropped (DefaultAnalyticsTableService.java [main])
* INFO  15:34:02,852 Analytics tables dropped (DefaultAnalyticsTableService.java [main])
* INFO  15:34:02,856 Analytics tables dropped (DefaultAnalyticsTableService.java [main])
* INFO  15:34:02,856 Analytics tables dropped (DefaultAnalyticsTableService.java [main])
]]></system-out>
  </testcase>
  <testcase name="testGridAggregation" classname="org.hisp.dhis.analytics.data.AnalyticsServiceTest" time="42.103">
    <system-out><![CDATA[* INFO  15:34:04,444 Found 7 analytics table types: [ORG_UNIT_TARGET, EVENT, VALIDATION_RESULT, DATA_VALUE, COMPLETENESS_TARGET, COMPLETENESS, ENROLLMENT] (DefaultAnalyticsTableGenerator.java [main])
* INFO  15:34:04,444 Analytics table update: AnalyticsTableUpdateParams{last years=null, skip resource tables=false, skip table types=[], skip programs=[], start time=2021-10-29T15:34:04} (DefaultAnalyticsTableGenerator.java [main])
* INFO  15:34:04,445 Last successful analytics table update: 'null' (DefaultAnalyticsTableGenerator.java [main])
* INFO  15:34:04,447 Generating resource table: '_orgunitstructure' (JdbcResourceTableStore.java [main])
* INFO  15:34:04,461 Resource table '_orgunitstructure' update done: '00:00:00.013' (JdbcResourceTableStore.java [main])
* INFO  15:34:04,465 Generating resource table: '_datasetorganisationunitcategory' (JdbcResourceTableStore.java [main])
* INFO  15:34:04,473 Resource table '_datasetorganisationunitcategory' update done: '00:00:00.007' (JdbcResourceTableStore.java [main])
* INFO  15:34:04,475 Generating resource table: '_categoryoptioncomboname' (JdbcResourceTableStore.java [main])
* INFO  15:34:04,481 Resource table '_categoryoptioncomboname' update done: '00:00:00.005' (JdbcResourceTableStore.java [main])
* INFO  15:34:04,483 Generating resource table: '_dataelementgroupsetstructure' (JdbcResourceTableStore.java [main])
* INFO  15:34:04,489 Resource table '_dataelementgroupsetstructure' update done: '00:00:00.006' (JdbcResourceTableStore.java [main])
* INFO  15:34:04,491 Generating resource table: '_indicatorgroupsetstructure' (JdbcResourceTableStore.java [main])
* INFO  15:34:04,497 Resource table '_indicatorgroupsetstructure' update done: '00:00:00.005' (JdbcResourceTableStore.java [main])
* INFO  15:34:04,499 Generating resource table: '_organisationunitgroupsetstructure' (JdbcResourceTableStore.java [main])
* INFO  15:34:04,510 Resource table '_organisationunitgroupsetstructure' update done: '00:00:00.010' (JdbcResourceTableStore.java [main])
* INFO  15:34:04,513 Generating resource table: '_categorystructure' (JdbcResourceTableStore.java [main])
* INFO  15:34:04,522 Resource table '_categorystructure' update done: '00:00:00.008' (JdbcResourceTableStore.java [main])
* INFO  15:34:04,525 Generating resource table: '_dataelementstructure' (JdbcResourceTableStore.java [main])
* INFO  15:34:04,543 Resource table '_dataelementstructure' update done: '00:00:00.018' (JdbcResourceTableStore.java [main])
* INFO  15:34:04,545 Generating resource table: '_periodstructure' (JdbcResourceTableStore.java [main])
* INFO  15:34:04,576 Resource table '_periodstructure' update done: '00:00:00.030' (JdbcResourceTableStore.java [main])
* INFO  15:34:04,577 Generating resource table: '_dateperiodstructure' (JdbcResourceTableStore.java [main])
* INFO  15:34:43,587 Resource table '_dateperiodstructure' update done: '00:00:39.009' (JdbcResourceTableStore.java [main])
* INFO  15:34:43,587 Generating resource table: '_dataelementcategoryoptioncombo' (JdbcResourceTableStore.java [main])
* INFO  15:34:43,603 Resource table '_dataelementcategoryoptioncombo' update done: '00:00:00.015' (JdbcResourceTableStore.java [main])
* INFO  15:34:43,612 Analytics table update parameters: AnalyticsTableUpdateParams{last years=null, skip resource tables=false, skip table types=[], skip programs=[], start time=2021-10-29T15:34:04} (DefaultAnalyticsTableService.java [main])
* INFO  15:34:43,613 Starting update of type: DATA_VALUE, table name: 'analytics', processes: 2: 00:00:00.000 (Clock.java [main])
* INFO  15:34:43,627 Table update start: analytics, earliest: null, parameters: AnalyticsTableUpdateParams{last years=null, skip resource tables=false, skip table types=[], skip programs=[], start time=2021-10-29T15:34:04}: 00:00:00.014 (Clock.java [main])
* INFO  15:34:43,631 Performed pre-create table work: 00:00:00.018 (Clock.java [main])
* INFO  15:34:43,631 Dropped temp tables: 00:00:00.018 (Clock.java [main])
* INFO  15:34:43,635 Created analytics tables: 00:00:00.022 (Clock.java [main])
* INFO  15:34:43,636 Populate table task number: 1 (DefaultAnalyticsTableService.java [main])
* INFO  15:34:43,669 Populate analytics_temp_2017 [INTEGER, INTEGER_POSITIVE, INTEGER_NEGATIVE, INTEGER_ZERO_OR_POSITIVE, NUMBER, UNIT_INTERVAL, PERCENTAGE] in: 0.019867 sec. (AbstractJdbcTableManager.java [taskScheduler-22])
* INFO  15:34:43,698 Populate analytics_temp_2017 [TRUE_ONLY, BOOLEAN] in: 0.018370 sec. (AbstractJdbcTableManager.java [taskScheduler-22])
* INFO  15:34:43,723 Populate analytics_temp_2017 [BOOLEAN] in: 0.014643 sec. (AbstractJdbcTableManager.java [taskScheduler-22])
* INFO  15:34:43,752 Populate analytics_temp_2017 [TEXT, LONG_TEXT, LETTER, TIME, USERNAME, EMAIL, PHONE_NUMBER, URL, DATE, DATETIME, AGE] in: 0.019500 sec. (AbstractJdbcTableManager.java [taskScheduler-22])
* INFO  15:34:43,753 Populated analytics tables: 00:00:00.139 (Clock.java [main])
* INFO  15:34:43,756 Invoked analytics table hooks: 00:00:00.143 (Clock.java [main])
* INFO  15:34:43,761 Applied aggregation levels: 00:00:00.148 (Clock.java [main])
* INFO  15:34:43,761 No of analytics table indexes: 35 (DefaultAnalyticsTableService.java [main])
* INFO  15:34:43,801 Created indexes: 00:00:00.188 (Clock.java [main])
* INFO  15:34:43,804 Analyzed tables: 00:00:00.191 (Clock.java [main])
* INFO  15:34:43,804 Removed updated and deleted data: 00:00:00.191 (Clock.java [main])
* INFO  15:34:43,807 Swapping table, master table exists: true, skip master table: false (AbstractJdbcTableManager.java [main])
* INFO  15:34:43,816 Table update done: analytics: 00:00:00.203 (Clock.java [main])
* INFO  15:34:43,817 Analytics table update parameters: AnalyticsTableUpdateParams{last years=null, skip resource tables=false, skip table types=[], skip programs=[], start time=2021-10-29T15:34:04} (DefaultAnalyticsTableService.java [main])
* INFO  15:34:43,817 Starting update of type: COMPLETENESS, table name: 'analytics_completeness', processes: 2: 00:00:00.000 (Clock.java [main])
* INFO  15:34:43,826 Table update start: analytics_completeness, earliest: null, parameters: AnalyticsTableUpdateParams{last years=null, skip resource tables=false, skip table types=[], skip programs=[], start time=2021-10-29T15:34:04}: 00:00:00.008 (Clock.java [main])
* INFO  15:34:43,826 Performed pre-create table work: 00:00:00.008 (Clock.java [main])
* INFO  15:34:43,826 Dropped temp tables: 00:00:00.008 (Clock.java [main])
* INFO  15:34:43,833 Created analytics tables: 00:00:00.015 (Clock.java [main])
* INFO  15:34:43,834 Populate table task number: 1 (DefaultAnalyticsTableService.java [main])
* INFO  15:34:43,843 Populate analytics_completeness_temp_2017 in: 0.007672 sec. (AbstractJdbcTableManager.java [taskScheduler-20])
* INFO  15:34:43,843 Populated analytics tables: 00:00:00.025 (Clock.java [main])
* INFO  15:34:43,844 Invoked analytics table hooks: 00:00:00.027 (Clock.java [main])
* INFO  15:34:43,849 Applied aggregation levels: 00:00:00.031 (Clock.java [main])
* INFO  15:34:43,849 No of analytics table indexes: 28 (DefaultAnalyticsTableService.java [main])
* INFO  15:34:43,879 Created indexes: 00:00:00.061 (Clock.java [main])
* INFO  15:34:43,881 Analyzed tables: 00:00:00.063 (Clock.java [main])
* INFO  15:34:43,881 Removed updated and deleted data: 00:00:00.063 (Clock.java [main])
* INFO  15:34:43,884 Swapping table, master table exists: true, skip master table: false (AbstractJdbcTableManager.java [main])
* INFO  15:34:43,887 Table update done: analytics_completeness: 00:00:00.069 (Clock.java [main])
* INFO  15:34:43,889 Analytics table update parameters: AnalyticsTableUpdateParams{last years=null, skip resource tables=false, skip table types=[], skip programs=[], start time=2021-10-29T15:34:04} (DefaultAnalyticsTableService.java [main])
* INFO  15:34:43,889 Starting update of type: COMPLETENESS_TARGET, table name: 'analytics_completenesstarget', processes: 2: 00:00:00.000 (Clock.java [main])
* INFO  15:34:43,893 Table update start: analytics_completenesstarget, earliest: null, parameters: AnalyticsTableUpdateParams{last years=null, skip resource tables=false, skip table types=[], skip programs=[], start time=2021-10-29T15:34:04}: 00:00:00.004 (Clock.java [main])
* INFO  15:34:43,894 Performed pre-create table work: 00:00:00.004 (Clock.java [main])
* INFO  15:34:43,894 Dropped temp tables: 00:00:00.005 (Clock.java [main])
* INFO  15:34:43,896 Created analytics tables: 00:00:00.007 (Clock.java [main])
* INFO  15:34:43,897 Populate table task number: 1 (DefaultAnalyticsTableService.java [main])
* INFO  15:34:43,901 Populate analytics_completenesstarget_temp in: 0.002946 sec. (AbstractJdbcTableManager.java [taskScheduler-23])
* INFO  15:34:43,901 Populated analytics tables: 00:00:00.012 (Clock.java [main])
* INFO  15:34:43,902 Invoked analytics table hooks: 00:00:00.013 (Clock.java [main])
* INFO  15:34:43,907 Applied aggregation levels: 00:00:00.018 (Clock.java [main])
* INFO  15:34:43,907 No of analytics table indexes: 12 (DefaultAnalyticsTableService.java [main])
* INFO  15:34:43,921 Created indexes: 00:00:00.031 (Clock.java [main])
* INFO  15:34:43,922 Analyzed tables: 00:00:00.033 (Clock.java [main])
* INFO  15:34:43,922 Removed updated and deleted data: 00:00:00.033 (Clock.java [main])
* INFO  15:34:43,925 Swapping table, master table exists: true, skip master table: false (AbstractJdbcTableManager.java [main])
* INFO  15:34:43,927 Table update done: analytics_completenesstarget: 00:00:00.038 (Clock.java [main])
* INFO  15:34:43,928 Analytics table update parameters: AnalyticsTableUpdateParams{last years=null, skip resource tables=false, skip table types=[], skip programs=[], start time=2021-10-29T15:34:04} (DefaultAnalyticsTableService.java [main])
* INFO  15:34:43,928 Starting update of type: ORG_UNIT_TARGET, table name: 'analytics_orgunittarget', processes: 2: 00:00:00.000 (Clock.java [main])
* INFO  15:34:43,931 Table update start: analytics_orgunittarget, earliest: null, parameters: AnalyticsTableUpdateParams{last years=null, skip resource tables=false, skip table types=[], skip programs=[], start time=2021-10-29T15:34:04}: 00:00:00.002 (Clock.java [main])
* INFO  15:34:43,931 Performed pre-create table work: 00:00:00.003 (Clock.java [main])
* INFO  15:34:43,932 Dropped temp tables: 00:00:00.003 (Clock.java [main])
* INFO  15:34:43,934 Created analytics tables: 00:00:00.005 (Clock.java [main])
* INFO  15:34:43,935 Populate table task number: 1 (DefaultAnalyticsTableService.java [main])
* INFO  15:34:43,937 analytics_orgunittarget_temp in: 0.001100 sec. (AbstractJdbcTableManager.java [taskScheduler-5])
* INFO  15:34:43,937 Populated analytics tables: 00:00:00.008 (Clock.java [main])
* INFO  15:34:43,939 Invoked analytics table hooks: 00:00:00.011 (Clock.java [main])
* INFO  15:34:43,944 Applied aggregation levels: 00:00:00.016 (Clock.java [main])
* INFO  15:34:43,945 No of analytics table indexes: 4 (DefaultAnalyticsTableService.java [main])
* INFO  15:34:43,951 Created indexes: 00:00:00.022 (Clock.java [main])
* INFO  15:34:43,951 Analyzed tables: 00:00:00.023 (Clock.java [main])
* INFO  15:34:43,952 Removed updated and deleted data: 00:00:00.023 (Clock.java [main])
* INFO  15:34:43,955 Swapping table, master table exists: true, skip master table: false (AbstractJdbcTableManager.java [main])
* INFO  15:34:43,957 Table update done: analytics_orgunittarget: 00:00:00.028 (Clock.java [main])
* INFO  15:34:43,960 Analytics table update parameters: AnalyticsTableUpdateParams{last years=null, skip resource tables=false, skip table types=[], skip programs=[], start time=2021-10-29T15:34:04} (DefaultAnalyticsTableService.java [main])
* INFO  15:34:43,960 Starting update of type: EVENT, table name: 'analytics_event', processes: 2: 00:00:00.000 (Clock.java [main])
* INFO  15:34:43,963 Analytics table update parameters: AnalyticsTableUpdateParams{last years=null, skip resource tables=false, skip table types=[], skip programs=[], start time=2021-10-29T15:34:04} (DefaultAnalyticsTableService.java [main])
* INFO  15:34:43,963 Starting update of type: VALIDATION_RESULT, table name: 'analytics_validationresult', processes: 2: 00:00:00.000 (Clock.java [main])
* INFO  15:34:43,970 Table update start: analytics_validationresult, earliest: null, parameters: AnalyticsTableUpdateParams{last years=null, skip resource tables=false, skip table types=[], skip programs=[], start time=2021-10-29T15:34:04}: 00:00:00.007 (Clock.java [main])
* INFO  15:34:43,971 Performed pre-create table work: 00:00:00.007 (Clock.java [main])
* INFO  15:34:43,972 Dropped temp tables: 00:00:00.008 (Clock.java [main])
* INFO  15:34:43,978 Created analytics tables: 00:00:00.015 (Clock.java [main])
* INFO  15:34:43,979 Populate table task number: 1 (DefaultAnalyticsTableService.java [main])
* INFO  15:34:43,983 Populate analytics_validationresult_temp_2017 in: 0.003320 sec. (AbstractJdbcTableManager.java [taskScheduler-12])
* INFO  15:34:43,983 Populated analytics tables: 00:00:00.020 (Clock.java [main])
* INFO  15:34:43,985 Invoked analytics table hooks: 00:00:00.022 (Clock.java [main])
* INFO  15:34:43,996 Applied aggregation levels: 00:00:00.033 (Clock.java [main])
* INFO  15:34:43,996 No of analytics table indexes: 28 (DefaultAnalyticsTableService.java [main])
* INFO  15:34:44,033 Created indexes: 00:00:00.070 (Clock.java [main])
* INFO  15:34:44,035 Analyzed tables: 00:00:00.072 (Clock.java [main])
* INFO  15:34:44,035 Removed updated and deleted data: 00:00:00.072 (Clock.java [main])
* INFO  15:34:44,042 Swapping table, master table exists: true, skip master table: false (AbstractJdbcTableManager.java [main])
* INFO  15:34:44,046 Table update done: analytics_validationresult: 00:00:00.083 (Clock.java [main])
* INFO  15:34:44,047 Analytics table update parameters: AnalyticsTableUpdateParams{last years=null, skip resource tables=false, skip table types=[], skip programs=[], start time=2021-10-29T15:34:04} (DefaultAnalyticsTableService.java [main])
* INFO  15:34:44,047 Starting update of type: ENROLLMENT, table name: 'analytics_enrollment', processes: 2: 00:00:00.000 (Clock.java [main])
* INFO  15:34:44,048 Analytics tables updated: 00:00:39.606 (Clock.java [main])
* INFO  15:34:44,897 Analytics tables dropped (DefaultAnalyticsTableService.java [main])
* INFO  15:34:44,901 Analytics tables dropped (DefaultAnalyticsTableService.java [main])
* INFO  15:34:44,903 Analytics tables dropped (DefaultAnalyticsTableService.java [main])
* INFO  15:34:44,905 Analytics tables dropped (DefaultAnalyticsTableService.java [main])
* INFO  15:34:44,905 Analytics tables dropped (DefaultAnalyticsTableService.java [main])
* INFO  15:34:44,909 Analytics tables dropped (DefaultAnalyticsTableService.java [main])
* INFO  15:34:44,909 Analytics tables dropped (DefaultAnalyticsTableService.java [main])
]]></system-out>
  </testcase>
  <testcase name="testSetAggregation" classname="org.hisp.dhis.analytics.data.AnalyticsServiceTest" time="41.879">
    <system-out><![CDATA[* INFO  15:34:46,506 Found 7 analytics table types: [ORG_UNIT_TARGET, EVENT, VALIDATION_RESULT, DATA_VALUE, COMPLETENESS_TARGET, COMPLETENESS, ENROLLMENT] (DefaultAnalyticsTableGenerator.java [main])
* INFO  15:34:46,506 Analytics table update: AnalyticsTableUpdateParams{last years=null, skip resource tables=false, skip table types=[], skip programs=[], start time=2021-10-29T15:34:46} (DefaultAnalyticsTableGenerator.java [main])
* INFO  15:34:46,507 Last successful analytics table update: 'null' (DefaultAnalyticsTableGenerator.java [main])
* INFO  15:34:46,509 Generating resource table: '_orgunitstructure' (JdbcResourceTableStore.java [main])
* INFO  15:34:46,527 Resource table '_orgunitstructure' update done: '00:00:00.017' (JdbcResourceTableStore.java [main])
* INFO  15:34:46,530 Generating resource table: '_datasetorganisationunitcategory' (JdbcResourceTableStore.java [main])
* INFO  15:34:46,538 Resource table '_datasetorganisationunitcategory' update done: '00:00:00.007' (JdbcResourceTableStore.java [main])
* INFO  15:34:46,540 Generating resource table: '_categoryoptioncomboname' (JdbcResourceTableStore.java [main])
* INFO  15:34:46,552 Resource table '_categoryoptioncomboname' update done: '00:00:00.011' (JdbcResourceTableStore.java [main])
* INFO  15:34:46,554 Generating resource table: '_dataelementgroupsetstructure' (JdbcResourceTableStore.java [main])
* INFO  15:34:46,559 Resource table '_dataelementgroupsetstructure' update done: '00:00:00.005' (JdbcResourceTableStore.java [main])
* INFO  15:34:46,561 Generating resource table: '_indicatorgroupsetstructure' (JdbcResourceTableStore.java [main])
* INFO  15:34:46,567 Resource table '_indicatorgroupsetstructure' update done: '00:00:00.005' (JdbcResourceTableStore.java [main])
* INFO  15:34:46,569 Generating resource table: '_organisationunitgroupsetstructure' (JdbcResourceTableStore.java [main])
* INFO  15:34:46,578 Resource table '_organisationunitgroupsetstructure' update done: '00:00:00.009' (JdbcResourceTableStore.java [main])
* INFO  15:34:46,581 Generating resource table: '_categorystructure' (JdbcResourceTableStore.java [main])
* INFO  15:34:46,589 Resource table '_categorystructure' update done: '00:00:00.007' (JdbcResourceTableStore.java [main])
* INFO  15:34:46,591 Generating resource table: '_dataelementstructure' (JdbcResourceTableStore.java [main])
* INFO  15:34:46,606 Resource table '_dataelementstructure' update done: '00:00:00.014' (JdbcResourceTableStore.java [main])
* INFO  15:34:46,608 Generating resource table: '_periodstructure' (JdbcResourceTableStore.java [main])
* INFO  15:34:46,630 Resource table '_periodstructure' update done: '00:00:00.022' (JdbcResourceTableStore.java [main])
* INFO  15:34:46,631 Generating resource table: '_dateperiodstructure' (JdbcResourceTableStore.java [main])
* INFO  15:35:26,266 Resource table '_dateperiodstructure' update done: '00:00:39.634' (JdbcResourceTableStore.java [main])
* INFO  15:35:26,266 Generating resource table: '_dataelementcategoryoptioncombo' (JdbcResourceTableStore.java [main])
* INFO  15:35:26,274 Resource table '_dataelementcategoryoptioncombo' update done: '00:00:00.007' (JdbcResourceTableStore.java [main])
* INFO  15:35:26,281 Analytics table update parameters: AnalyticsTableUpdateParams{last years=null, skip resource tables=false, skip table types=[], skip programs=[], start time=2021-10-29T15:34:46} (DefaultAnalyticsTableService.java [main])
* INFO  15:35:26,281 Starting update of type: DATA_VALUE, table name: 'analytics', processes: 2: 00:00:00.000 (Clock.java [main])
* INFO  15:35:26,294 Table update start: analytics, earliest: null, parameters: AnalyticsTableUpdateParams{last years=null, skip resource tables=false, skip table types=[], skip programs=[], start time=2021-10-29T15:34:46}: 00:00:00.012 (Clock.java [main])
* INFO  15:35:26,297 Performed pre-create table work: 00:00:00.016 (Clock.java [main])
* INFO  15:35:26,298 Dropped temp tables: 00:00:00.016 (Clock.java [main])
* INFO  15:35:26,301 Created analytics tables: 00:00:00.020 (Clock.java [main])
* INFO  15:35:26,303 Populate table task number: 1 (DefaultAnalyticsTableService.java [main])
* INFO  15:35:26,333 Populate analytics_temp_2017 [INTEGER, INTEGER_POSITIVE, INTEGER_NEGATIVE, INTEGER_ZERO_OR_POSITIVE, NUMBER, UNIT_INTERVAL, PERCENTAGE] in: 0.020880 sec. (AbstractJdbcTableManager.java [taskScheduler-2])
* INFO  15:35:26,356 Populate analytics_temp_2017 [TRUE_ONLY, BOOLEAN] in: 0.013678 sec. (AbstractJdbcTableManager.java [taskScheduler-2])
* INFO  15:35:26,381 Populate analytics_temp_2017 [BOOLEAN] in: 0.014807 sec. (AbstractJdbcTableManager.java [taskScheduler-2])
* INFO  15:35:26,409 Populate analytics_temp_2017 [TEXT, LONG_TEXT, LETTER, TIME, USERNAME, EMAIL, PHONE_NUMBER, URL, DATE, DATETIME, AGE] in: 0.018931 sec. (AbstractJdbcTableManager.java [taskScheduler-2])
* INFO  15:35:26,410 Populated analytics tables: 00:00:00.128 (Clock.java [main])
* INFO  15:35:26,412 Invoked analytics table hooks: 00:00:00.130 (Clock.java [main])
* INFO  15:35:26,434 Applied aggregation levels: 00:00:00.152 (Clock.java [main])
* INFO  15:35:26,434 No of analytics table indexes: 35 (DefaultAnalyticsTableService.java [main])
* INFO  15:35:26,474 Created indexes: 00:00:00.192 (Clock.java [main])
* INFO  15:35:26,476 Analyzed tables: 00:00:00.194 (Clock.java [main])
* INFO  15:35:26,476 Removed updated and deleted data: 00:00:00.195 (Clock.java [main])
* INFO  15:35:26,479 Swapping table, master table exists: true, skip master table: false (AbstractJdbcTableManager.java [main])
* INFO  15:35:26,490 Table update done: analytics: 00:00:00.208 (Clock.java [main])
* INFO  15:35:26,493 Analytics table update parameters: AnalyticsTableUpdateParams{last years=null, skip resource tables=false, skip table types=[], skip programs=[], start time=2021-10-29T15:34:46} (DefaultAnalyticsTableService.java [main])
* INFO  15:35:26,493 Starting update of type: COMPLETENESS, table name: 'analytics_completeness', processes: 2: 00:00:00.000 (Clock.java [main])
* INFO  15:35:26,500 Table update start: analytics_completeness, earliest: null, parameters: AnalyticsTableUpdateParams{last years=null, skip resource tables=false, skip table types=[], skip programs=[], start time=2021-10-29T15:34:46}: 00:00:00.006 (Clock.java [main])
* INFO  15:35:26,500 Performed pre-create table work: 00:00:00.006 (Clock.java [main])
* INFO  15:35:26,501 Dropped temp tables: 00:00:00.007 (Clock.java [main])
* INFO  15:35:26,508 Created analytics tables: 00:00:00.014 (Clock.java [main])
* INFO  15:35:26,510 Populate table task number: 1 (DefaultAnalyticsTableService.java [main])
* INFO  15:35:26,517 Populate analytics_completeness_temp_2017 in: 0.007357 sec. (AbstractJdbcTableManager.java [taskScheduler-9])
* INFO  15:35:26,518 Populated analytics tables: 00:00:00.024 (Clock.java [main])
* INFO  15:35:26,519 Invoked analytics table hooks: 00:00:00.026 (Clock.java [main])
* INFO  15:35:26,525 Applied aggregation levels: 00:00:00.031 (Clock.java [main])
* INFO  15:35:26,525 No of analytics table indexes: 28 (DefaultAnalyticsTableService.java [main])
* INFO  15:35:26,559 Created indexes: 00:00:00.065 (Clock.java [main])
* INFO  15:35:26,561 Analyzed tables: 00:00:00.067 (Clock.java [main])
* INFO  15:35:26,561 Removed updated and deleted data: 00:00:00.068 (Clock.java [main])
* INFO  15:35:26,564 Swapping table, master table exists: true, skip master table: false (AbstractJdbcTableManager.java [main])
* INFO  15:35:26,568 Table update done: analytics_completeness: 00:00:00.075 (Clock.java [main])
* INFO  15:35:26,570 Analytics table update parameters: AnalyticsTableUpdateParams{last years=null, skip resource tables=false, skip table types=[], skip programs=[], start time=2021-10-29T15:34:46} (DefaultAnalyticsTableService.java [main])
* INFO  15:35:26,570 Starting update of type: COMPLETENESS_TARGET, table name: 'analytics_completenesstarget', processes: 2: 00:00:00.000 (Clock.java [main])
* INFO  15:35:26,574 Table update start: analytics_completenesstarget, earliest: null, parameters: AnalyticsTableUpdateParams{last years=null, skip resource tables=false, skip table types=[], skip programs=[], start time=2021-10-29T15:34:46}: 00:00:00.004 (Clock.java [main])
* INFO  15:35:26,574 Performed pre-create table work: 00:00:00.004 (Clock.java [main])
* INFO  15:35:26,575 Dropped temp tables: 00:00:00.004 (Clock.java [main])
* INFO  15:35:26,577 Created analytics tables: 00:00:00.006 (Clock.java [main])
* INFO  15:35:26,578 Populate table task number: 1 (DefaultAnalyticsTableService.java [main])
* INFO  15:35:26,581 Populate analytics_completenesstarget_temp in: 0.002556 sec. (AbstractJdbcTableManager.java [taskScheduler-12])
* INFO  15:35:26,581 Populated analytics tables: 00:00:00.011 (Clock.java [main])
* INFO  15:35:26,583 Invoked analytics table hooks: 00:00:00.012 (Clock.java [main])
* INFO  15:35:26,587 Applied aggregation levels: 00:00:00.017 (Clock.java [main])
* INFO  15:35:26,587 No of analytics table indexes: 12 (DefaultAnalyticsTableService.java [main])
* INFO  15:35:26,602 Created indexes: 00:00:00.031 (Clock.java [main])
* INFO  15:35:26,604 Analyzed tables: 00:00:00.033 (Clock.java [main])
* INFO  15:35:26,604 Removed updated and deleted data: 00:00:00.034 (Clock.java [main])
* INFO  15:35:26,607 Swapping table, master table exists: true, skip master table: false (AbstractJdbcTableManager.java [main])
* INFO  15:35:26,610 Table update done: analytics_completenesstarget: 00:00:00.040 (Clock.java [main])
* INFO  15:35:26,612 Analytics table update parameters: AnalyticsTableUpdateParams{last years=null, skip resource tables=false, skip table types=[], skip programs=[], start time=2021-10-29T15:34:46} (DefaultAnalyticsTableService.java [main])
* INFO  15:35:26,612 Starting update of type: ORG_UNIT_TARGET, table name: 'analytics_orgunittarget', processes: 2: 00:00:00.000 (Clock.java [main])
* INFO  15:35:26,614 Table update start: analytics_orgunittarget, earliest: null, parameters: AnalyticsTableUpdateParams{last years=null, skip resource tables=false, skip table types=[], skip programs=[], start time=2021-10-29T15:34:46}: 00:00:00.002 (Clock.java [main])
* INFO  15:35:26,614 Performed pre-create table work: 00:00:00.002 (Clock.java [main])
* INFO  15:35:26,615 Dropped temp tables: 00:00:00.003 (Clock.java [main])
* INFO  15:35:26,617 Created analytics tables: 00:00:00.004 (Clock.java [main])
* INFO  15:35:26,618 Populate table task number: 1 (DefaultAnalyticsTableService.java [main])
* INFO  15:35:26,619 analytics_orgunittarget_temp in: 0.001121 sec. (AbstractJdbcTableManager.java [taskScheduler-7])
* INFO  15:35:26,620 Populated analytics tables: 00:00:00.008 (Clock.java [main])
* INFO  15:35:26,622 Invoked analytics table hooks: 00:00:00.009 (Clock.java [main])
* INFO  15:35:26,626 Applied aggregation levels: 00:00:00.014 (Clock.java [main])
* INFO  15:35:26,626 No of analytics table indexes: 4 (DefaultAnalyticsTableService.java [main])
* INFO  15:35:26,632 Created indexes: 00:00:00.020 (Clock.java [main])
* INFO  15:35:26,633 Analyzed tables: 00:00:00.021 (Clock.java [main])
* INFO  15:35:26,633 Removed updated and deleted data: 00:00:00.021 (Clock.java [main])
* INFO  15:35:26,636 Swapping table, master table exists: true, skip master table: false (AbstractJdbcTableManager.java [main])
* INFO  15:35:26,638 Table update done: analytics_orgunittarget: 00:00:00.026 (Clock.java [main])
* INFO  15:35:26,639 Analytics table update parameters: AnalyticsTableUpdateParams{last years=null, skip resource tables=false, skip table types=[], skip programs=[], start time=2021-10-29T15:34:46} (DefaultAnalyticsTableService.java [main])
* INFO  15:35:26,639 Starting update of type: EVENT, table name: 'analytics_event', processes: 2: 00:00:00.000 (Clock.java [main])
* INFO  15:35:26,641 Analytics table update parameters: AnalyticsTableUpdateParams{last years=null, skip resource tables=false, skip table types=[], skip programs=[], start time=2021-10-29T15:34:46} (DefaultAnalyticsTableService.java [main])
* INFO  15:35:26,641 Starting update of type: VALIDATION_RESULT, table name: 'analytics_validationresult', processes: 2: 00:00:00.000 (Clock.java [main])
* INFO  15:35:26,649 Table update start: analytics_validationresult, earliest: null, parameters: AnalyticsTableUpdateParams{last years=null, skip resource tables=false, skip table types=[], skip programs=[], start time=2021-10-29T15:34:46}: 00:00:00.008 (Clock.java [main])
* INFO  15:35:26,649 Performed pre-create table work: 00:00:00.008 (Clock.java [main])
* INFO  15:35:26,650 Dropped temp tables: 00:00:00.008 (Clock.java [main])
* INFO  15:35:26,658 Created analytics tables: 00:00:00.016 (Clock.java [main])
* INFO  15:35:26,659 Populate table task number: 1 (DefaultAnalyticsTableService.java [main])
* INFO  15:35:26,663 Populate analytics_validationresult_temp_2017 in: 0.003167 sec. (AbstractJdbcTableManager.java [taskScheduler-10])
* INFO  15:35:26,663 Populated analytics tables: 00:00:00.021 (Clock.java [main])
* INFO  15:35:26,665 Invoked analytics table hooks: 00:00:00.023 (Clock.java [main])
* INFO  15:35:26,669 Applied aggregation levels: 00:00:00.027 (Clock.java [main])
* INFO  15:35:26,669 No of analytics table indexes: 28 (DefaultAnalyticsTableService.java [main])
* INFO  15:35:26,699 Created indexes: 00:00:00.057 (Clock.java [main])
* INFO  15:35:26,701 Analyzed tables: 00:00:00.059 (Clock.java [main])
* INFO  15:35:26,701 Removed updated and deleted data: 00:00:00.059 (Clock.java [main])
* INFO  15:35:26,704 Swapping table, master table exists: true, skip master table: false (AbstractJdbcTableManager.java [main])
* INFO  15:35:26,707 Table update done: analytics_validationresult: 00:00:00.066 (Clock.java [main])
* INFO  15:35:26,709 Analytics table update parameters: AnalyticsTableUpdateParams{last years=null, skip resource tables=false, skip table types=[], skip programs=[], start time=2021-10-29T15:34:46} (DefaultAnalyticsTableService.java [main])
* INFO  15:35:26,709 Starting update of type: ENROLLMENT, table name: 'analytics_enrollment', processes: 2: 00:00:00.000 (Clock.java [main])
* INFO  15:35:26,710 Analytics tables updated: 00:00:40.205 (Clock.java [main])
* INFO  15:35:26,794 Analytics tables dropped (DefaultAnalyticsTableService.java [main])
* INFO  15:35:26,801 Analytics tables dropped (DefaultAnalyticsTableService.java [main])
* INFO  15:35:26,806 Analytics tables dropped (DefaultAnalyticsTableService.java [main])
* INFO  15:35:26,808 Analytics tables dropped (DefaultAnalyticsTableService.java [main])
* INFO  15:35:26,808 Analytics tables dropped (DefaultAnalyticsTableService.java [main])
* INFO  15:35:26,812 Analytics tables dropped (DefaultAnalyticsTableService.java [main])
* INFO  15:35:26,812 Analytics tables dropped (DefaultAnalyticsTableService.java [main])
]]></system-out>
  </testcase>
</testsuite>
